{"/home/riegello/Dokumente/wara-mes/wara-mes/src/app.controller.ts": {"path":"/home/riegello/Dokumente/wara-mes/wara-mes/src/app.controller.ts","statementMap":{"0":{"start":{"line":1,"column":0},"end":{"line":1,"column":44}},"1":{"start":{"line":2,"column":0},"end":{"line":2,"column":43}},"2":{"start":{"line":5,"column":7},"end":{"line":7,"column":null}},"3":{"start":{"line":6,"column":31},"end":{"line":6,"column":43}},"4":{"start":{"line":5,"column":13},"end":{"line":5,"column":26}},"5":{"start":{"line":5,"column":13},"end":{"line":7,"column":null}}},"fnMap":{"0":{"name":"(anonymous_2)","decl":{"start":{"line":6,"column":2},"end":{"line":6,"column":31}},"loc":{"start":{"line":6,"column":53},"end":{"line":6,"column":57}}}},"branchMap":{"0":{"loc":{"start":{"line":6,"column":43},"end":{"line":6,"column":56}},"type":"cond-expr","locations":[{"start":{"line":6,"column":53},"end":{"line":6,"column":56}},{"start":{"line":6,"column":53},"end":{"line":6,"column":56}}]},"1":{"loc":{"start":{"line":6,"column":43},"end":{"line":6,"column":53}},"type":"binary-expr","locations":[{"start":{"line":6,"column":43},"end":{"line":6,"column":56}},{"start":{"line":6,"column":43},"end":{"line":6,"column":53}}]}},"s":{"0":0,"1":0,"2":0,"3":0,"4":0,"5":0},"f":{"0":0},"b":{"0":[0,0],"1":[0,0]}}
,"/home/riegello/Dokumente/wara-mes/wara-mes/src/app.module.ts": {"path":"/home/riegello/Dokumente/wara-mes/wara-mes/src/app.module.ts","statementMap":{"0":{"start":{"line":1,"column":0},"end":{"line":1,"column":23}},"1":{"start":{"line":2,"column":0},"end":{"line":2,"column":40}},"2":{"start":{"line":3,"column":0},"end":{"line":3,"column":46}},"3":{"start":{"line":4,"column":0},"end":{"line":4,"column":48}},"4":{"start":{"line":5,"column":0},"end":{"line":5,"column":54}},"5":{"start":{"line":6,"column":0},"end":{"line":6,"column":60}},"6":{"start":{"line":7,"column":0},"end":{"line":7,"column":54}},"7":{"start":{"line":8,"column":0},"end":{"line":8,"column":54}},"8":{"start":{"line":9,"column":0},"end":{"line":9,"column":80}},"9":{"start":{"line":10,"column":0},"end":{"line":10,"column":74}},"10":{"start":{"line":11,"column":0},"end":{"line":11,"column":51}},"11":{"start":{"line":12,"column":0},"end":{"line":12,"column":48}},"12":{"start":{"line":13,"column":0},"end":{"line":13,"column":54}},"13":{"start":{"line":14,"column":0},"end":{"line":14,"column":41}},"14":{"start":{"line":15,"column":0},"end":{"line":15,"column":68}},"15":{"start":{"line":16,"column":0},"end":{"line":16,"column":60}},"16":{"start":{"line":17,"column":0},"end":{"line":17,"column":63}},"17":{"start":{"line":18,"column":0},"end":{"line":18,"column":63}},"18":{"start":{"line":50,"column":7},"end":{"line":50,"column":null}},"19":{"start":{"line":50,"column":13},"end":{"line":50,"column":22}},"20":{"start":{"line":50,"column":13},"end":{"line":50,"column":null}}},"fnMap":{},"branchMap":{"0":{"loc":{"start":{"line":26,"column":12},"end":{"line":26,"column":46}},"type":"binary-expr","locations":[{"start":{"line":26,"column":12},"end":{"line":26,"column":31}},{"start":{"line":26,"column":35},"end":{"line":26,"column":46}}]},"1":{"loc":{"start":{"line":27,"column":21},"end":{"line":27,"column":50}},"type":"binary-expr","locations":[{"start":{"line":27,"column":21},"end":{"line":27,"column":40}},{"start":{"line":27,"column":44},"end":{"line":27,"column":50}}]},"2":{"loc":{"start":{"line":28,"column":16},"end":{"line":28,"column":54}},"type":"binary-expr","locations":[{"start":{"line":28,"column":16},"end":{"line":28,"column":39}},{"start":{"line":28,"column":43},"end":{"line":28,"column":54}}]},"3":{"loc":{"start":{"line":30,"column":16},"end":{"line":30,"column":59}},"type":"binary-expr","locations":[{"start":{"line":30,"column":16},"end":{"line":30,"column":39}},{"start":{"line":30,"column":43},"end":{"line":30,"column":59}}]}},"s":{"0":0,"1":0,"2":0,"3":0,"4":0,"5":0,"6":0,"7":0,"8":0,"9":0,"10":0,"11":0,"12":0,"13":0,"14":0,"15":0,"16":0,"17":0,"18":0,"19":0,"20":0},"f":{},"b":{"0":[0,0],"1":[0,0],"2":[0,0],"3":[0,0]}}
,"/home/riegello/Dokumente/wara-mes/wara-mes/src/app.service.ts": {"path":"/home/riegello/Dokumente/wara-mes/wara-mes/src/app.service.ts","statementMap":{"0":{"start":{"line":1,"column":0},"end":{"line":1,"column":44}},"1":{"start":{"line":4,"column":7},"end":{"line":11,"column":null}},"2":{"start":{"line":6,"column":4},"end":{"line":9,"column":6}},"3":{"start":{"line":4,"column":13},"end":{"line":4,"column":23}},"4":{"start":{"line":4,"column":13},"end":{"line":11,"column":null}}},"fnMap":{"0":{"name":"(anonymous_1)","decl":{"start":{"line":5,"column":2},"end":{"line":5,"column":16}},"loc":{"start":{"line":5,"column":16},"end":{"line":10,"column":3}}}},"branchMap":{},"s":{"0":1,"1":1,"2":5,"3":1,"4":1},"f":{"0":5},"b":{}}
,"/home/riegello/Dokumente/wara-mes/wara-mes/src/main.ts": {"path":"/home/riegello/Dokumente/wara-mes/wara-mes/src/main.ts","statementMap":{"0":{"start":{"line":1,"column":0},"end":{"line":1,"column":23}},"1":{"start":{"line":2,"column":0},"end":{"line":2,"column":43}},"2":{"start":{"line":3,"column":0},"end":{"line":3,"column":41}},"3":{"start":{"line":4,"column":0},"end":{"line":4,"column":56}},"4":{"start":{"line":5,"column":0},"end":{"line":5,"column":35}},"5":{"start":{"line":6,"column":0},"end":{"line":6,"column":29}},"6":{"start":{"line":7,"column":0},"end":{"line":7,"column":28}},"7":{"start":{"line":8,"column":0},"end":{"line":8,"column":48}},"8":{"start":{"line":9,"column":0},"end":{"line":9,"column":40}},"9":{"start":{"line":10,"column":0},"end":{"line":10,"column":43}},"10":{"start":{"line":13,"column":14},"end":{"line":13,"column":49}},"11":{"start":{"line":14,"column":17},"end":{"line":14,"column":40}},"12":{"start":{"line":16,"column":2},"end":{"line":16,"column":52}},"13":{"start":{"line":17,"column":2},"end":{"line":17,"column":107}},"14":{"start":{"line":18,"column":22},"end":{"line":18,"column":108}},"15":{"start":{"line":19,"column":2},"end":{"line":19,"column":61}},"16":{"start":{"line":20,"column":2},"end":{"line":20,"column":46}},"17":{"start":{"line":21,"column":2},"end":{"line":21,"column":49}},"18":{"start":{"line":22,"column":2},"end":{"line":22,"column":29}},"19":{"start":{"line":24,"column":2},"end":{"line":29,"column":5}},"20":{"start":{"line":25,"column":22},"end":{"line":25,"column":48}},"21":{"start":{"line":26,"column":5},"end":{"line":26,"column":39}},"22":{"start":{"line":27,"column":4},"end":{"line":27,"column":45}},"23":{"start":{"line":28,"column":4},"end":{"line":28,"column":11}},"24":{"start":{"line":31,"column":2},"end":{"line":31,"column":24}},"25":{"start":{"line":33,"column":2},"end":{"line":33,"column":22}},"26":{"start":{"line":35,"column":27},"end":{"line":35,"column":73}},"27":{"start":{"line":36,"column":2},"end":{"line":36,"column":44}},"28":{"start":{"line":37,"column":2},"end":{"line":42,"column":5}},"29":{"start":{"line":38,"column":4},"end":{"line":40,"column":5}},"30":{"start":{"line":39,"column":6},"end":{"line":39,"column":69}},"31":{"start":{"line":41,"column":4},"end":{"line":41,"column":11}},"32":{"start":{"line":44,"column":15},"end":{"line":44,"column":39}},"33":{"start":{"line":46,"column":26},"end":{"line":51,"column":3}},"34":{"start":{"line":47,"column":4},"end":{"line":47,"column":93}},"35":{"start":{"line":48,"column":4},"end":{"line":48,"column":22}},"36":{"start":{"line":49,"column":4},"end":{"line":49,"column":49}},"37":{"start":{"line":50,"column":4},"end":{"line":50,"column":20}},"38":{"start":{"line":53,"column":2},"end":{"line":53,"column":40}},"39":{"start":{"line":54,"column":2},"end":{"line":54,"column":41}},"40":{"start":{"line":56,"column":2},"end":{"line":56,"column":25}},"41":{"start":{"line":57,"column":2},"end":{"line":57,"column":74}},"42":{"start":{"line":58,"column":2},"end":{"line":58,"column":76}},"43":{"start":{"line":61,"column":0},"end":{"line":61,"column":12}}},"fnMap":{"0":{"name":"bootstrap","decl":{"start":{"line":12,"column":15},"end":{"line":12,"column":24}},"loc":{"start":{"line":12,"column":24},"end":{"line":59,"column":1}}},"1":{"name":"(anonymous_11)","decl":{"start":{"line":24,"column":10},"end":{"line":24,"column":11}},"loc":{"start":{"line":24,"column":29},"end":{"line":29,"column":3}}},"2":{"name":"(anonymous_12)","decl":{"start":{"line":37,"column":10},"end":{"line":37,"column":11}},"loc":{"start":{"line":37,"column":29},"end":{"line":42,"column":3}}},"3":{"name":"(anonymous_13)","decl":{"start":{"line":46,"column":26},"end":{"line":46,"column":31}},"loc":{"start":{"line":46,"column":37},"end":{"line":51,"column":3}}}},"branchMap":{"0":{"loc":{"start":{"line":18,"column":23},"end":{"line":18,"column":96}},"type":"binary-expr","locations":[{"start":{"line":18,"column":23},"end":{"line":18,"column":47}},{"start":{"line":18,"column":51},"end":{"line":18,"column":96}}]},"1":{"loc":{"start":{"line":38,"column":4},"end":{"line":40,"column":5}},"type":"if","locations":[{"start":{"line":38,"column":4},"end":{"line":40,"column":5}},{"start":{},"end":{}}]},"2":{"loc":{"start":{"line":38,"column":8},"end":{"line":38,"column":113}},"type":"binary-expr","locations":[{"start":{"line":38,"column":9},"end":{"line":38,"column":29}},{"start":{"line":38,"column":33},"end":{"line":38,"column":54}},{"start":{"line":38,"column":59},"end":{"line":38,"column":81}},{"start":{"line":38,"column":85},"end":{"line":38,"column":113}}]},"3":{"loc":{"start":{"line":44,"column":15},"end":{"line":44,"column":39}},"type":"binary-expr","locations":[{"start":{"line":44,"column":15},"end":{"line":44,"column":31}},{"start":{"line":44,"column":35},"end":{"line":44,"column":39}}]}},"s":{"0":0,"1":0,"2":0,"3":0,"4":0,"5":0,"6":0,"7":0,"8":0,"9":0,"10":0,"11":0,"12":0,"13":0,"14":0,"15":0,"16":0,"17":0,"18":0,"19":0,"20":0,"21":0,"22":0,"23":0,"24":0,"25":0,"26":0,"27":0,"28":0,"29":0,"30":0,"31":0,"32":0,"33":0,"34":0,"35":0,"36":0,"37":0,"38":0,"39":0,"40":0,"41":0,"42":0,"43":0},"f":{"0":0,"1":0,"2":0,"3":0},"b":{"0":[0,0],"1":[0,0],"2":[0,0,0,0],"3":[0,0]}}
,"/home/riegello/Dokumente/wara-mes/wara-mes/src/swagger.ts": {"path":"/home/riegello/Dokumente/wara-mes/wara-mes/src/swagger.ts","statementMap":{"0":{"start":{"line":3,"column":0},"end":{"line":3,"column":16}},"1":{"start":{"line":1,"column":0},"end":{"line":1,"column":65}},"2":{"start":{"line":4,"column":17},"end":{"line":21,"column":12}},"3":{"start":{"line":23,"column":19},"end":{"line":23,"column":60}},"4":{"start":{"line":24,"column":2},"end":{"line":24,"column":49}},"5":{"start":{"line":26,"column":2},"end":{"line":26,"column":18}}},"fnMap":{"0":{"name":"createDocument","decl":{"start":{"line":3,"column":16},"end":{"line":3,"column":30}},"loc":{"start":{"line":3,"column":39},"end":{"line":27,"column":1}}}},"branchMap":{},"s":{"0":0,"1":0,"2":0,"3":0,"4":0,"5":0},"f":{"0":0},"b":{}}
,"/home/riegello/Dokumente/wara-mes/wara-mes/src/alarms/alarm.dto.ts": {"path":"/home/riegello/Dokumente/wara-mes/wara-mes/src/alarms/alarm.dto.ts","statementMap":{"0":{"start":{"line":1,"column":0},"end":{"line":1,"column":46}},"1":{"start":{"line":2,"column":0},"end":{"line":2,"column":41}},"2":{"start":{"line":3,"column":0},"end":{"line":3,"column":91}},"3":{"start":{"line":6,"column":0},"end":{"line":6,"column":13}},"4":{"start":{"line":9,"column":2},"end":{"line":9,"column":null}},"5":{"start":{"line":7,"column":28},"end":{"line":7,"column":59}},"6":{"start":{"line":13,"column":2},"end":{"line":13,"column":null}},"7":{"start":{"line":17,"column":2},"end":{"line":17,"column":null}},"8":{"start":{"line":21,"column":2},"end":{"line":21,"column":null}},"9":{"start":{"line":24,"column":0},"end":{"line":24,"column":13}},"10":{"start":{"line":27,"column":2},"end":{"line":27,"column":null}},"11":{"start":{"line":31,"column":2},"end":{"line":31,"column":null}},"12":{"start":{"line":36,"column":2},"end":{"line":36,"column":null}},"13":{"start":{"line":34,"column":14},"end":{"line":34,"column":18}}},"fnMap":{"0":{"name":"(anonymous_2)","decl":{"start":{"line":7,"column":13},"end":{"line":7,"column":14}},"loc":{"start":{"line":7,"column":28},"end":{"line":7,"column":59}}},"1":{"name":"(anonymous_3)","decl":{"start":{"line":34,"column":8},"end":{"line":34,"column":11}},"loc":{"start":{"line":34,"column":14},"end":{"line":34,"column":18}}}},"branchMap":{"0":{"loc":{"start":{"line":7,"column":29},"end":{"line":7,"column":44}},"type":"binary-expr","locations":[{"start":{"line":7,"column":29},"end":{"line":7,"column":34}},{"start":{"line":7,"column":38},"end":{"line":7,"column":44}}]},"1":{"loc":{"start":{"line":36,"column":20},"end":{"line":36,"column":25}},"type":"cond-expr","locations":[{"start":{"line":36,"column":24},"end":{"line":36,"column":25}},{"start":{"line":36,"column":24},"end":{"line":36,"column":25}}]},"2":{"loc":{"start":{"line":36,"column":20},"end":{"line":36,"column":24}},"type":"binary-expr","locations":[{"start":{"line":36,"column":20},"end":{"line":36,"column":25}},{"start":{"line":36,"column":20},"end":{"line":36,"column":24}}]}},"s":{"0":0,"1":0,"2":0,"3":0,"4":0,"5":0,"6":0,"7":0,"8":0,"9":0,"10":0,"11":0,"12":0,"13":0},"f":{"0":0,"1":0},"b":{"0":[0,0],"1":[0,0],"2":[0,0]}}
,"/home/riegello/Dokumente/wara-mes/wara-mes/src/alarms/alarm.entity.ts": {"path":"/home/riegello/Dokumente/wara-mes/wara-mes/src/alarms/alarm.entity.ts","statementMap":{"0":{"start":{"line":1,"column":0},"end":{"line":1,"column":101}},"1":{"start":{"line":6,"column":7},"end":{"line":33,"column":null}},"2":{"start":{"line":6,"column":13},"end":{"line":6,"column":24}},"3":{"start":{"line":8,"column":2},"end":{"line":8,"column":null}},"4":{"start":{"line":11,"column":2},"end":{"line":11,"column":null}},"5":{"start":{"line":14,"column":2},"end":{"line":14,"column":null}},"6":{"start":{"line":17,"column":2},"end":{"line":17,"column":null}},"7":{"start":{"line":20,"column":2},"end":{"line":20,"column":null}},"8":{"start":{"line":23,"column":2},"end":{"line":23,"column":null}},"9":{"start":{"line":26,"column":2},"end":{"line":26,"column":null}},"10":{"start":{"line":29,"column":2},"end":{"line":29,"column":null}},"11":{"start":{"line":32,"column":2},"end":{"line":32,"column":null}},"12":{"start":{"line":6,"column":13},"end":{"line":33,"column":null}}},"fnMap":{},"branchMap":{"0":{"loc":{"start":{"line":23,"column":20},"end":{"line":23,"column":25}},"type":"cond-expr","locations":[{"start":{"line":23,"column":24},"end":{"line":23,"column":25}},{"start":{"line":23,"column":24},"end":{"line":23,"column":25}}]},"1":{"loc":{"start":{"line":23,"column":20},"end":{"line":23,"column":24}},"type":"binary-expr","locations":[{"start":{"line":23,"column":20},"end":{"line":23,"column":25}},{"start":{"line":23,"column":20},"end":{"line":23,"column":24}}]},"2":{"loc":{"start":{"line":29,"column":14},"end":{"line":29,"column":19}},"type":"cond-expr","locations":[{"start":{"line":29,"column":18},"end":{"line":29,"column":19}},{"start":{"line":29,"column":18},"end":{"line":29,"column":19}}]},"3":{"loc":{"start":{"line":29,"column":14},"end":{"line":29,"column":18}},"type":"binary-expr","locations":[{"start":{"line":29,"column":14},"end":{"line":29,"column":19}},{"start":{"line":29,"column":14},"end":{"line":29,"column":18}}]},"4":{"loc":{"start":{"line":32,"column":14},"end":{"line":32,"column":19}},"type":"cond-expr","locations":[{"start":{"line":32,"column":18},"end":{"line":32,"column":19}},{"start":{"line":32,"column":18},"end":{"line":32,"column":19}}]},"5":{"loc":{"start":{"line":32,"column":14},"end":{"line":32,"column":18}},"type":"binary-expr","locations":[{"start":{"line":32,"column":14},"end":{"line":32,"column":19}},{"start":{"line":32,"column":14},"end":{"line":32,"column":18}}]}},"s":{"0":1,"1":1,"2":1,"3":1,"4":1,"5":1,"6":1,"7":1,"8":1,"9":1,"10":1,"11":1,"12":1},"f":{},"b":{"0":[1,0],"1":[1,1],"2":[1,0],"3":[1,1],"4":[1,0],"5":[1,1]}}
,"/home/riegello/Dokumente/wara-mes/wara-mes/src/alarms/alarms.controller.ts": {"path":"/home/riegello/Dokumente/wara-mes/wara-mes/src/alarms/alarms.controller.ts","statementMap":{"0":{"start":{"line":2,"column":0},"end":{"line":2,"column":137}},"1":{"start":{"line":3,"column":0},"end":{"line":3,"column":49}},"2":{"start":{"line":4,"column":0},"end":{"line":4,"column":61}},"3":{"start":{"line":5,"column":0},"end":{"line":5,"column":48}},"4":{"start":{"line":6,"column":0},"end":{"line":6,"column":52}},"5":{"start":{"line":10,"column":7},"end":{"line":70,"column":null}},"6":{"start":{"line":11,"column":31},"end":{"line":11,"column":46}},"7":{"start":{"line":15,"column":40},"end":{"line":15,"column":78}},"8":{"start":{"line":24,"column":4},"end":{"line":28,"column":7}},"9":{"start":{"line":33,"column":26},"end":{"line":33,"column":69}},"10":{"start":{"line":38,"column":43},"end":{"line":38,"column":90}},"11":{"start":{"line":42,"column":38},"end":{"line":42,"column":80}},"12":{"start":{"line":47,"column":4},"end":{"line":51,"column":7}},"13":{"start":{"line":56,"column":52},"end":{"line":56,"column":90}},"14":{"start":{"line":60,"column":80},"end":{"line":60,"column":122}},"15":{"start":{"line":65,"column":56},"end":{"line":65,"column":98}},"16":{"start":{"line":69,"column":51},"end":{"line":69,"column":88}},"17":{"start":{"line":10,"column":13},"end":{"line":10,"column":29}},"18":{"start":{"line":15,"column":2},"end":{"line":15,"column":null}},"19":{"start":{"line":19,"column":2},"end":{"line":29,"column":null}},"20":{"start":{"line":33,"column":2},"end":{"line":33,"column":null}},"21":{"start":{"line":38,"column":2},"end":{"line":38,"column":null}},"22":{"start":{"line":42,"column":2},"end":{"line":42,"column":null}},"23":{"start":{"line":46,"column":2},"end":{"line":52,"column":null}},"24":{"start":{"line":56,"column":2},"end":{"line":56,"column":null}},"25":{"start":{"line":60,"column":2},"end":{"line":60,"column":null}},"26":{"start":{"line":65,"column":2},"end":{"line":65,"column":null}},"27":{"start":{"line":69,"column":2},"end":{"line":69,"column":null}},"28":{"start":{"line":10,"column":13},"end":{"line":70,"column":null}}},"fnMap":{"0":{"name":"(anonymous_4)","decl":{"start":{"line":11,"column":2},"end":{"line":11,"column":31}},"loc":{"start":{"line":11,"column":59},"end":{"line":11,"column":63}}},"1":{"name":"(anonymous_5)","decl":{"start":{"line":15,"column":2},"end":{"line":15,"column":8}},"loc":{"start":{"line":15,"column":36},"end":{"line":15,"column":80}}},"2":{"name":"(anonymous_6)","decl":{"start":{"line":19,"column":2},"end":{"line":19,"column":9}},"loc":{"start":{"line":22,"column":43},"end":{"line":29,"column":3}}},"3":{"name":"(anonymous_7)","decl":{"start":{"line":33,"column":2},"end":{"line":33,"column":21}},"loc":{"start":{"line":33,"column":21},"end":{"line":33,"column":71}}},"4":{"name":"(anonymous_8)","decl":{"start":{"line":38,"column":2},"end":{"line":38,"column":17}},"loc":{"start":{"line":38,"column":39},"end":{"line":38,"column":92}}},"5":{"name":"(anonymous_9)","decl":{"start":{"line":42,"column":2},"end":{"line":42,"column":12}},"loc":{"start":{"line":42,"column":34},"end":{"line":42,"column":82}}},"6":{"name":"(anonymous_10)","decl":{"start":{"line":46,"column":2},"end":{"line":46,"column":11}},"loc":{"start":{"line":46,"column":135},"end":{"line":52,"column":3}}},"7":{"name":"(anonymous_11)","decl":{"start":{"line":56,"column":2},"end":{"line":56,"column":9}},"loc":{"start":{"line":56,"column":48},"end":{"line":56,"column":92}}},"8":{"name":"(anonymous_12)","decl":{"start":{"line":60,"column":2},"end":{"line":60,"column":8}},"loc":{"start":{"line":60,"column":76},"end":{"line":60,"column":124}}},"9":{"name":"(anonymous_13)","decl":{"start":{"line":65,"column":2},"end":{"line":65,"column":13}},"loc":{"start":{"line":65,"column":52},"end":{"line":65,"column":100}}},"10":{"name":"(anonymous_14)","decl":{"start":{"line":69,"column":2},"end":{"line":69,"column":8}},"loc":{"start":{"line":69,"column":47},"end":{"line":69,"column":90}}}},"branchMap":{"0":{"loc":{"start":{"line":25,"column":20},"end":{"line":25,"column":70}},"type":"cond-expr","locations":[{"start":{"line":25,"column":35},"end":{"line":25,"column":58}},{"start":{"line":25,"column":61},"end":{"line":25,"column":70}}]},"1":{"loc":{"start":{"line":26,"column":16},"end":{"line":26,"column":37}},"type":"binary-expr","locations":[{"start":{"line":26,"column":16},"end":{"line":26,"column":24}},{"start":{"line":26,"column":28},"end":{"line":26,"column":37}}]},"2":{"loc":{"start":{"line":27,"column":18},"end":{"line":27,"column":40}},"type":"binary-expr","locations":[{"start":{"line":27,"column":18},"end":{"line":27,"column":27}},{"start":{"line":27,"column":31},"end":{"line":27,"column":40}}]},"3":{"loc":{"start":{"line":48,"column":20},"end":{"line":48,"column":70}},"type":"cond-expr","locations":[{"start":{"line":48,"column":35},"end":{"line":48,"column":58}},{"start":{"line":48,"column":61},"end":{"line":48,"column":70}}]},"4":{"loc":{"start":{"line":49,"column":16},"end":{"line":49,"column":37}},"type":"binary-expr","locations":[{"start":{"line":49,"column":16},"end":{"line":49,"column":24}},{"start":{"line":49,"column":28},"end":{"line":49,"column":37}}]},"5":{"loc":{"start":{"line":50,"column":18},"end":{"line":50,"column":40}},"type":"binary-expr","locations":[{"start":{"line":50,"column":18},"end":{"line":50,"column":27}},{"start":{"line":50,"column":31},"end":{"line":50,"column":40}}]},"6":{"loc":{"start":{"line":15,"column":22},"end":{"line":15,"column":40}},"type":"cond-expr","locations":[{"start":{"line":15,"column":36},"end":{"line":15,"column":40}},{"start":{"line":15,"column":36},"end":{"line":15,"column":40}}]},"7":{"loc":{"start":{"line":15,"column":22},"end":{"line":15,"column":36}},"type":"binary-expr","locations":[{"start":{"line":15,"column":22},"end":{"line":15,"column":40}},{"start":{"line":15,"column":22},"end":{"line":15,"column":36}}]},"8":{"loc":{"start":{"line":60,"column":62},"end":{"line":60,"column":80}},"type":"cond-expr","locations":[{"start":{"line":60,"column":76},"end":{"line":60,"column":80}},{"start":{"line":60,"column":76},"end":{"line":60,"column":80}}]},"9":{"loc":{"start":{"line":60,"column":62},"end":{"line":60,"column":76}},"type":"binary-expr","locations":[{"start":{"line":60,"column":62},"end":{"line":60,"column":80}},{"start":{"line":60,"column":62},"end":{"line":60,"column":76}}]},"10":{"loc":{"start":{"line":11,"column":46},"end":{"line":11,"column":62}},"type":"cond-expr","locations":[{"start":{"line":11,"column":59},"end":{"line":11,"column":62}},{"start":{"line":11,"column":59},"end":{"line":11,"column":62}}]},"11":{"loc":{"start":{"line":11,"column":46},"end":{"line":11,"column":59}},"type":"binary-expr","locations":[{"start":{"line":11,"column":46},"end":{"line":11,"column":62}},{"start":{"line":11,"column":46},"end":{"line":11,"column":59}}]}},"s":{"0":0,"1":0,"2":0,"3":0,"4":0,"5":0,"6":0,"7":0,"8":0,"9":0,"10":0,"11":0,"12":0,"13":0,"14":0,"15":0,"16":0,"17":0,"18":0,"19":0,"20":0,"21":0,"22":0,"23":0,"24":0,"25":0,"26":0,"27":0,"28":0},"f":{"0":0,"1":0,"2":0,"3":0,"4":0,"5":0,"6":0,"7":0,"8":0,"9":0,"10":0},"b":{"0":[0,0],"1":[0,0],"2":[0,0],"3":[0,0],"4":[0,0],"5":[0,0],"6":[0,0],"7":[0,0],"8":[0,0],"9":[0,0],"10":[0,0],"11":[0,0]}}
,"/home/riegello/Dokumente/wara-mes/wara-mes/src/alarms/alarms.module.ts": {"path":"/home/riegello/Dokumente/wara-mes/wara-mes/src/alarms/alarms.module.ts","statementMap":{"0":{"start":{"line":1,"column":0},"end":{"line":1,"column":40}},"1":{"start":{"line":2,"column":0},"end":{"line":2,"column":48}},"2":{"start":{"line":3,"column":0},"end":{"line":3,"column":45}},"3":{"start":{"line":4,"column":0},"end":{"line":4,"column":49}},"4":{"start":{"line":5,"column":0},"end":{"line":5,"column":55}},"5":{"start":{"line":13,"column":7},"end":{"line":13,"column":null}},"6":{"start":{"line":13,"column":13},"end":{"line":13,"column":25}},"7":{"start":{"line":13,"column":13},"end":{"line":13,"column":null}}},"fnMap":{},"branchMap":{},"s":{"0":0,"1":0,"2":0,"3":0,"4":0,"5":0,"6":0,"7":0},"f":{},"b":{}}
,"/home/riegello/Dokumente/wara-mes/wara-mes/src/alarms/alarms.service.ts": {"path":"/home/riegello/Dokumente/wara-mes/wara-mes/src/alarms/alarms.service.ts","statementMap":{"0":{"start":{"line":1,"column":0},"end":{"line":1,"column":63}},"1":{"start":{"line":2,"column":0},"end":{"line":2,"column":51}},"2":{"start":{"line":3,"column":0},"end":{"line":3,"column":37}},"3":{"start":{"line":4,"column":0},"end":{"line":4,"column":45}},"4":{"start":{"line":14,"column":7},"end":{"line":119,"column":null}},"5":{"start":{"line":17,"column":21},"end":{"line":17,"column":33}},"6":{"start":{"line":21,"column":18},"end":{"line":26,"column":6}},"7":{"start":{"line":27,"column":4},"end":{"line":27,"column":39}},"8":{"start":{"line":31,"column":39},"end":{"line":31,"column":41}},"9":{"start":{"line":32,"column":4},"end":{"line":32,"column":87}},"10":{"start":{"line":32,"column":45},"end":{"line":32,"column":87}},"11":{"start":{"line":33,"column":4},"end":{"line":33,"column":61}},"12":{"start":{"line":33,"column":27},"end":{"line":33,"column":61}},"13":{"start":{"line":34,"column":4},"end":{"line":34,"column":67}},"14":{"start":{"line":34,"column":29},"end":{"line":34,"column":67}},"15":{"start":{"line":35,"column":4},"end":{"line":38,"column":7}},"16":{"start":{"line":42,"column":18},"end":{"line":42,"column":66}},"17":{"start":{"line":43,"column":4},"end":{"line":43,"column":63}},"18":{"start":{"line":43,"column":16},"end":{"line":43,"column":63}},"19":{"start":{"line":44,"column":4},"end":{"line":44,"column":17}},"20":{"start":{"line":48,"column":18},"end":{"line":48,"column":40}},"21":{"start":{"line":49,"column":4},"end":{"line":49,"column":30}},"22":{"start":{"line":50,"column":4},"end":{"line":50,"column":55}},"23":{"start":{"line":50,"column":29},"end":{"line":50,"column":55}},"24":{"start":{"line":51,"column":4},"end":{"line":51,"column":39}},"25":{"start":{"line":55,"column":18},"end":{"line":55,"column":40}},"26":{"start":{"line":56,"column":4},"end":{"line":56,"column":30}},"27":{"start":{"line":57,"column":4},"end":{"line":57,"column":39}},"28":{"start":{"line":58,"column":4},"end":{"line":58,"column":39}},"29":{"start":{"line":62,"column":19},"end":{"line":62,"column":51}},"30":{"start":{"line":63,"column":4},"end":{"line":63,"column":78}},"31":{"start":{"line":63,"column":31},"end":{"line":63,"column":78}},"32":{"start":{"line":67,"column":4},"end":{"line":67,"column":61}},"33":{"start":{"line":67,"column":22},"end":{"line":67,"column":61}},"34":{"start":{"line":68,"column":16},"end":{"line":68,"column":26}},"35":{"start":{"line":69,"column":23},"end":{"line":69,"column":24}},"36":{"start":{"line":70,"column":18},"end":{"line":70,"column":19}},"37":{"start":{"line":71,"column":4},"end":{"line":81,"column":5}},"38":{"start":{"line":72,"column":20},"end":{"line":72,"column":68}},"39":{"start":{"line":73,"column":6},"end":{"line":80,"column":7}},"40":{"start":{"line":74,"column":8},"end":{"line":74,"column":34}},"41":{"start":{"line":75,"column":8},"end":{"line":75,"column":36}},"42":{"start":{"line":76,"column":8},"end":{"line":76,"column":42}},"43":{"start":{"line":77,"column":8},"end":{"line":77,"column":23}},"44":{"start":{"line":79,"column":8},"end":{"line":79,"column":18}},"45":{"start":{"line":82,"column":4},"end":{"line":82,"column":37}},"46":{"start":{"line":86,"column":4},"end":{"line":86,"column":57}},"47":{"start":{"line":86,"column":22},"end":{"line":86,"column":57}},"48":{"start":{"line":87,"column":18},"end":{"line":87,"column":19}},"49":{"start":{"line":88,"column":19},"end":{"line":88,"column":20}},"50":{"start":{"line":89,"column":4},"end":{"line":96,"column":5}},"51":{"start":{"line":90,"column":21},"end":{"line":90,"column":53}},"52":{"start":{"line":91,"column":6},"end":{"line":95,"column":7}},"53":{"start":{"line":92,"column":8},"end":{"line":92,"column":18}},"54":{"start":{"line":94,"column":8},"end":{"line":94,"column":19}},"55":{"start":{"line":97,"column":4},"end":{"line":97,"column":33}},"56":{"start":{"line":101,"column":19},"end":{"line":101,"column":46}},"57":{"start":{"line":102,"column":20},"end":{"line":102,"column":122}},"58":{"start":{"line":103,"column":17},"end":{"line":112,"column":6}},"59":{"start":{"line":103,"column":35},"end":{"line":112,"column":6}},"60":{"start":{"line":113,"column":4},"end":{"line":113,"column":75}},"61":{"start":{"line":113,"column":50},"end":{"line":113,"column":61}},"62":{"start":{"line":117,"column":4},"end":{"line":117,"column":69}},"63":{"start":{"line":14,"column":13},"end":{"line":14,"column":26}},"64":{"start":{"line":14,"column":13},"end":{"line":119,"column":null}}},"fnMap":{"0":{"name":"(anonymous_4)","decl":{"start":{"line":15,"column":2},"end":{"line":15,"column":null}},"loc":{"start":{"line":17,"column":56},"end":{"line":18,"column":6}}},"1":{"name":"(anonymous_5)","decl":{"start":{"line":20,"column":2},"end":{"line":20,"column":7}},"loc":{"start":{"line":20,"column":34},"end":{"line":28,"column":3}}},"2":{"name":"(anonymous_6)","decl":{"start":{"line":30,"column":2},"end":{"line":30,"column":7}},"loc":{"start":{"line":30,"column":40},"end":{"line":39,"column":3}}},"3":{"name":"(anonymous_7)","decl":{"start":{"line":41,"column":2},"end":{"line":41,"column":7}},"loc":{"start":{"line":41,"column":26},"end":{"line":45,"column":3}}},"4":{"name":"(anonymous_8)","decl":{"start":{"line":47,"column":2},"end":{"line":47,"column":7}},"loc":{"start":{"line":47,"column":46},"end":{"line":52,"column":3}}},"5":{"name":"(anonymous_9)","decl":{"start":{"line":54,"column":2},"end":{"line":54,"column":7}},"loc":{"start":{"line":54,"column":30},"end":{"line":59,"column":3}}},"6":{"name":"(anonymous_10)","decl":{"start":{"line":61,"column":2},"end":{"line":61,"column":7}},"loc":{"start":{"line":61,"column":25},"end":{"line":64,"column":3}}},"7":{"name":"(anonymous_11)","decl":{"start":{"line":66,"column":2},"end":{"line":66,"column":7}},"loc":{"start":{"line":66,"column":37},"end":{"line":83,"column":3}}},"8":{"name":"(anonymous_12)","decl":{"start":{"line":85,"column":2},"end":{"line":85,"column":7}},"loc":{"start":{"line":85,"column":32},"end":{"line":98,"column":3}}},"9":{"name":"(anonymous_13)","decl":{"start":{"line":100,"column":2},"end":{"line":100,"column":7}},"loc":{"start":{"line":100,"column":42},"end":{"line":114,"column":3}}},"10":{"name":"(anonymous_14)","decl":{"start":{"line":103,"column":28},"end":{"line":103,"column":29}},"loc":{"start":{"line":103,"column":35},"end":{"line":112,"column":6}}},"11":{"name":"(anonymous_15)","decl":{"start":{"line":113,"column":43},"end":{"line":113,"column":44}},"loc":{"start":{"line":113,"column":50},"end":{"line":113,"column":61}}},"12":{"name":"(anonymous_16)","decl":{"start":{"line":116,"column":2},"end":{"line":116,"column":7}},"loc":{"start":{"line":116,"column":22},"end":{"line":118,"column":3}}}},"branchMap":{"0":{"loc":{"start":{"line":32,"column":4},"end":{"line":32,"column":87}},"type":"if","locations":[{"start":{"line":32,"column":4},"end":{"line":32,"column":87}},{"start":{},"end":{}}]},"1":{"loc":{"start":{"line":33,"column":4},"end":{"line":33,"column":61}},"type":"if","locations":[{"start":{"line":33,"column":4},"end":{"line":33,"column":61}},{"start":{},"end":{}}]},"2":{"loc":{"start":{"line":34,"column":4},"end":{"line":34,"column":67}},"type":"if","locations":[{"start":{"line":34,"column":4},"end":{"line":34,"column":67}},{"start":{},"end":{}}]},"3":{"loc":{"start":{"line":43,"column":4},"end":{"line":43,"column":63}},"type":"if","locations":[{"start":{"line":43,"column":4},"end":{"line":43,"column":63}},{"start":{},"end":{}}]},"4":{"loc":{"start":{"line":50,"column":4},"end":{"line":50,"column":55}},"type":"if","locations":[{"start":{"line":50,"column":4},"end":{"line":50,"column":55}},{"start":{},"end":{}}]},"5":{"loc":{"start":{"line":63,"column":4},"end":{"line":63,"column":78}},"type":"if","locations":[{"start":{"line":63,"column":4},"end":{"line":63,"column":78}},{"start":{},"end":{}}]},"6":{"loc":{"start":{"line":67,"column":4},"end":{"line":67,"column":61}},"type":"if","locations":[{"start":{"line":67,"column":4},"end":{"line":67,"column":61}},{"start":{},"end":{}}]},"7":{"loc":{"start":{"line":73,"column":6},"end":{"line":80,"column":7}},"type":"if","locations":[{"start":{"line":73,"column":6},"end":{"line":80,"column":7}},{"start":{"line":78,"column":13},"end":{"line":80,"column":7}}]},"8":{"loc":{"start":{"line":73,"column":10},"end":{"line":73,"column":38}},"type":"binary-expr","locations":[{"start":{"line":73,"column":10},"end":{"line":73,"column":15}},{"start":{"line":73,"column":19},"end":{"line":73,"column":38}}]},"9":{"loc":{"start":{"line":86,"column":4},"end":{"line":86,"column":57}},"type":"if","locations":[{"start":{"line":86,"column":4},"end":{"line":86,"column":57}},{"start":{},"end":{}}]},"10":{"loc":{"start":{"line":91,"column":6},"end":{"line":95,"column":7}},"type":"if","locations":[{"start":{"line":91,"column":6},"end":{"line":95,"column":7}},{"start":{"line":93,"column":13},"end":{"line":95,"column":7}}]},"11":{"loc":{"start":{"line":91,"column":10},"end":{"line":91,"column":48}},"type":"binary-expr","locations":[{"start":{"line":91,"column":10},"end":{"line":91,"column":25}},{"start":{"line":91,"column":29},"end":{"line":91,"column":48}}]},"12":{"loc":{"start":{"line":107,"column":11},"end":{"line":107,"column":26}},"type":"binary-expr","locations":[{"start":{"line":107,"column":11},"end":{"line":107,"column":20}},{"start":{"line":107,"column":24},"end":{"line":107,"column":26}}]},"13":{"loc":{"start":{"line":108,"column":6},"end":{"line":108,"column":20}},"type":"binary-expr","locations":[{"start":{"line":108,"column":6},"end":{"line":108,"column":14}},{"start":{"line":108,"column":18},"end":{"line":108,"column":20}}]},"14":{"loc":{"start":{"line":109,"column":6},"end":{"line":109,"column":39}},"type":"cond-expr","locations":[{"start":{"line":109,"column":23},"end":{"line":109,"column":29}},{"start":{"line":109,"column":32},"end":{"line":109,"column":39}}]},"15":{"loc":{"start":{"line":110,"column":6},"end":{"line":110,"column":72}},"type":"cond-expr","locations":[{"start":{"line":110,"column":26},"end":{"line":110,"column":67}},{"start":{"line":110,"column":70},"end":{"line":110,"column":72}}]},"16":{"loc":{"start":{"line":17,"column":33},"end":{"line":17,"column":56}},"type":"cond-expr","locations":[{"start":{"line":17,"column":43},"end":{"line":17,"column":56}},{"start":{"line":17,"column":43},"end":{"line":17,"column":56}}]},"17":{"loc":{"start":{"line":17,"column":33},"end":{"line":17,"column":43}},"type":"binary-expr","locations":[{"start":{"line":17,"column":33},"end":{"line":17,"column":56}},{"start":{"line":17,"column":33},"end":{"line":17,"column":43}}]}},"s":{"0":1,"1":1,"2":1,"3":1,"4":1,"5":16,"6":4,"7":4,"8":5,"9":5,"10":1,"11":5,"12":1,"13":5,"14":1,"15":5,"16":4,"17":4,"18":1,"19":3,"20":1,"21":1,"22":1,"23":0,"24":1,"25":1,"26":1,"27":1,"28":1,"29":1,"30":1,"31":0,"32":0,"33":0,"34":0,"35":0,"36":0,"37":0,"38":0,"39":0,"40":0,"41":0,"42":0,"43":0,"44":0,"45":0,"46":0,"47":0,"48":0,"49":0,"50":0,"51":0,"52":0,"53":0,"54":0,"55":0,"56":1,"57":1,"58":1,"59":1,"60":1,"61":1,"62":1,"63":1,"64":1},"f":{"0":16,"1":4,"2":5,"3":4,"4":1,"5":1,"6":1,"7":0,"8":0,"9":1,"10":1,"11":1,"12":1},"b":{"0":[1,4],"1":[1,4],"2":[1,4],"3":[1,3],"4":[0,1],"5":[0,1],"6":[0,0],"7":[0,0],"8":[0,0],"9":[0,0],"10":[0,0],"11":[0,0],"12":[1,0],"13":[1,1],"14":[0,1],"15":[0,1],"16":[1,0],"17":[1,1]}}
,"/home/riegello/Dokumente/wara-mes/wara-mes/src/auth/auth.controller.ts": {"path":"/home/riegello/Dokumente/wara-mes/wara-mes/src/auth/auth.controller.ts","statementMap":{"0":{"start":{"line":2,"column":0},"end":{"line":2,"column":79}},"1":{"start":{"line":3,"column":0},"end":{"line":3,"column":45}},"2":{"start":{"line":4,"column":0},"end":{"line":4,"column":43}},"3":{"start":{"line":5,"column":0},"end":{"line":5,"column":44}},"4":{"start":{"line":6,"column":0},"end":{"line":6,"column":49}},"5":{"start":{"line":7,"column":0},"end":{"line":7,"column":42}},"6":{"start":{"line":8,"column":0},"end":{"line":8,"column":52}},"7":{"start":{"line":9,"column":0},"end":{"line":9,"column":45}},"8":{"start":{"line":12,"column":7},"end":{"line":32,"column":null}},"9":{"start":{"line":13,"column":31},"end":{"line":13,"column":44}},"10":{"start":{"line":19,"column":17},"end":{"line":19,"column":82}},"11":{"start":{"line":20,"column":4},"end":{"line":22,"column":5}},"12":{"start":{"line":21,"column":6},"end":{"line":21,"column":61}},"13":{"start":{"line":23,"column":4},"end":{"line":23,"column":40}},"14":{"start":{"line":29,"column":4},"end":{"line":29,"column":43}},"15":{"start":{"line":12,"column":13},"end":{"line":12,"column":27}},"16":{"start":{"line":18,"column":8},"end":{"line":24,"column":null}},"17":{"start":{"line":28,"column":8},"end":{"line":30,"column":null}},"18":{"start":{"line":12,"column":13},"end":{"line":32,"column":null}}},"fnMap":{"0":{"name":"(anonymous_4)","decl":{"start":{"line":13,"column":2},"end":{"line":13,"column":31}},"loc":{"start":{"line":13,"column":55},"end":{"line":13,"column":59}}},"1":{"name":"(anonymous_5)","decl":{"start":{"line":18,"column":8},"end":{"line":18,"column":13}},"loc":{"start":{"line":18,"column":36},"end":{"line":24,"column":3}}},"2":{"name":"(anonymous_6)","decl":{"start":{"line":28,"column":8},"end":{"line":28,"column":16}},"loc":{"start":{"line":28,"column":42},"end":{"line":30,"column":3}}}},"branchMap":{"0":{"loc":{"start":{"line":20,"column":4},"end":{"line":22,"column":5}},"type":"if","locations":[{"start":{"line":20,"column":4},"end":{"line":22,"column":5}},{"start":{},"end":{}}]},"1":{"loc":{"start":{"line":18,"column":28},"end":{"line":18,"column":null}},"type":"cond-expr","locations":[{"start":{"line":18,"column":36},"end":{"line":18,"column":null}},{"start":{"line":18,"column":36},"end":{"line":18,"column":null}}]},"2":{"loc":{"start":{"line":18,"column":28},"end":{"line":18,"column":36}},"type":"binary-expr","locations":[{"start":{"line":18,"column":28},"end":{"line":18,"column":null}},{"start":{"line":18,"column":28},"end":{"line":18,"column":36}}]},"3":{"loc":{"start":{"line":28,"column":31},"end":{"line":28,"column":null}},"type":"cond-expr","locations":[{"start":{"line":28,"column":42},"end":{"line":28,"column":null}},{"start":{"line":28,"column":42},"end":{"line":28,"column":null}}]},"4":{"loc":{"start":{"line":28,"column":31},"end":{"line":28,"column":42}},"type":"binary-expr","locations":[{"start":{"line":28,"column":31},"end":{"line":28,"column":null}},{"start":{"line":28,"column":31},"end":{"line":28,"column":42}}]},"5":{"loc":{"start":{"line":13,"column":44},"end":{"line":13,"column":58}},"type":"cond-expr","locations":[{"start":{"line":13,"column":55},"end":{"line":13,"column":58}},{"start":{"line":13,"column":55},"end":{"line":13,"column":58}}]},"6":{"loc":{"start":{"line":13,"column":44},"end":{"line":13,"column":55}},"type":"binary-expr","locations":[{"start":{"line":13,"column":44},"end":{"line":13,"column":58}},{"start":{"line":13,"column":44},"end":{"line":13,"column":55}}]}},"s":{"0":0,"1":0,"2":0,"3":0,"4":0,"5":0,"6":0,"7":0,"8":0,"9":0,"10":0,"11":0,"12":0,"13":0,"14":0,"15":0,"16":0,"17":0,"18":0},"f":{"0":0,"1":0,"2":0},"b":{"0":[0,0],"1":[0,0],"2":[0,0],"3":[0,0],"4":[0,0],"5":[0,0],"6":[0,0]}}
,"/home/riegello/Dokumente/wara-mes/wara-mes/src/auth/auth.module.ts": {"path":"/home/riegello/Dokumente/wara-mes/wara-mes/src/auth/auth.module.ts","statementMap":{"0":{"start":{"line":1,"column":0},"end":{"line":1,"column":40}},"1":{"start":{"line":2,"column":0},"end":{"line":2,"column":48}},"2":{"start":{"line":3,"column":0},"end":{"line":3,"column":50}},"3":{"start":{"line":4,"column":0},"end":{"line":4,"column":40}},"4":{"start":{"line":5,"column":0},"end":{"line":5,"column":61}},"5":{"start":{"line":6,"column":0},"end":{"line":6,"column":51}},"6":{"start":{"line":7,"column":0},"end":{"line":7,"column":45}},"7":{"start":{"line":8,"column":0},"end":{"line":8,"column":45}},"8":{"start":{"line":9,"column":0},"end":{"line":9,"column":43}},"9":{"start":{"line":10,"column":0},"end":{"line":10,"column":50}},"10":{"start":{"line":11,"column":0},"end":{"line":11,"column":41}},"11":{"start":{"line":12,"column":0},"end":{"line":12,"column":48}},"12":{"start":{"line":36,"column":7},"end":{"line":36,"column":null}},"13":{"start":{"line":36,"column":13},"end":{"line":36,"column":23}},"14":{"start":{"line":36,"column":13},"end":{"line":36,"column":null}},"15":{"start":{"line":20,"column":59},"end":{"line":23,"column":8}}},"fnMap":{"0":{"name":"(anonymous_1)","decl":{"start":{"line":20,"column":18},"end":{"line":20,"column":23}},"loc":{"start":{"line":20,"column":59},"end":{"line":23,"column":8}}}},"branchMap":{},"s":{"0":0,"1":0,"2":0,"3":0,"4":0,"5":0,"6":0,"7":0,"8":0,"9":0,"10":0,"11":0,"12":0,"13":0,"14":0,"15":0},"f":{"0":0},"b":{}}
,"/home/riegello/Dokumente/wara-mes/wara-mes/src/auth/auth.service.ts": {"path":"/home/riegello/Dokumente/wara-mes/wara-mes/src/auth/auth.service.ts","statementMap":{"0":{"start":{"line":1,"column":0},"end":{"line":1,"column":65}},"1":{"start":{"line":2,"column":0},"end":{"line":2,"column":41}},"2":{"start":{"line":3,"column":0},"end":{"line":3,"column":51}},"3":{"start":{"line":4,"column":0},"end":{"line":4,"column":37}},"4":{"start":{"line":5,"column":0},"end":{"line":5,"column":35}},"5":{"start":{"line":6,"column":0},"end":{"line":6,"column":50}},"6":{"start":{"line":10,"column":7},"end":{"line":49,"column":null}},"7":{"start":{"line":13,"column":21},"end":{"line":13,"column":37}},"8":{"start":{"line":14,"column":21},"end":{"line":14,"column":33}},"9":{"start":{"line":18,"column":17},"end":{"line":18,"column":75}},"10":{"start":{"line":19,"column":4},"end":{"line":22,"column":5}},"11":{"start":{"line":20,"column":38},"end":{"line":20,"column":42}},"12":{"start":{"line":21,"column":6},"end":{"line":21,"column":20}},"13":{"start":{"line":23,"column":4},"end":{"line":23,"column":16}},"14":{"start":{"line":27,"column":20},"end":{"line":27,"column":78}},"15":{"start":{"line":28,"column":4},"end":{"line":30,"column":6}},"16":{"start":{"line":34,"column":21},"end":{"line":34,"column":101}},"17":{"start":{"line":35,"column":4},"end":{"line":37,"column":5}},"18":{"start":{"line":36,"column":6},"end":{"line":36,"column":63}},"19":{"start":{"line":39,"column":19},"end":{"line":39,"column":62}},"20":{"start":{"line":40,"column":17},"end":{"line":44,"column":6}},"21":{"start":{"line":45,"column":4},"end":{"line":45,"column":41}},"22":{"start":{"line":46,"column":4},"end":{"line":46,"column":52}},"23":{"start":{"line":10,"column":13},"end":{"line":10,"column":24}},"24":{"start":{"line":10,"column":13},"end":{"line":49,"column":null}}},"fnMap":{"0":{"name":"(anonymous_13)","decl":{"start":{"line":11,"column":2},"end":{"line":11,"column":null}},"loc":{"start":{"line":14,"column":43},"end":{"line":15,"column":6}}},"1":{"name":"(anonymous_14)","decl":{"start":{"line":17,"column":2},"end":{"line":17,"column":7}},"loc":{"start":{"line":17,"column":51},"end":{"line":24,"column":3}}},"2":{"name":"(anonymous_15)","decl":{"start":{"line":26,"column":2},"end":{"line":26,"column":7}},"loc":{"start":{"line":26,"column":23},"end":{"line":31,"column":3}}},"3":{"name":"(anonymous_16)","decl":{"start":{"line":33,"column":2},"end":{"line":33,"column":7}},"loc":{"start":{"line":33,"column":41},"end":{"line":47,"column":3}}}},"branchMap":{"0":{"loc":{"start":{"line":19,"column":4},"end":{"line":22,"column":5}},"type":"if","locations":[{"start":{"line":19,"column":4},"end":{"line":22,"column":5}},{"start":{},"end":{}}]},"1":{"loc":{"start":{"line":19,"column":8},"end":{"line":19,"column":59}},"type":"binary-expr","locations":[{"start":{"line":19,"column":8},"end":{"line":19,"column":12}},{"start":{"line":19,"column":17},"end":{"line":19,"column":58}}]},"2":{"loc":{"start":{"line":35,"column":4},"end":{"line":37,"column":5}},"type":"if","locations":[{"start":{"line":35,"column":4},"end":{"line":37,"column":5}},{"start":{},"end":{}}]},"3":{"loc":{"start":{"line":13,"column":37},"end":{"line":13,"column":59}},"type":"cond-expr","locations":[{"start":{"line":13,"column":47},"end":{"line":13,"column":59}},{"start":{"line":13,"column":47},"end":{"line":13,"column":59}}]},"4":{"loc":{"start":{"line":13,"column":37},"end":{"line":13,"column":47}},"type":"binary-expr","locations":[{"start":{"line":13,"column":37},"end":{"line":13,"column":59}},{"start":{"line":13,"column":37},"end":{"line":13,"column":47}}]},"5":{"loc":{"start":{"line":13,"column":47},"end":{"line":14,"column":null}},"type":"cond-expr","locations":[{"start":{"line":14,"column":43},"end":{"line":14,"column":null}},{"start":{"line":14,"column":43},"end":{"line":14,"column":null}}]},"6":{"loc":{"start":{"line":13,"column":47},"end":{"line":14,"column":43}},"type":"binary-expr","locations":[{"start":{"line":13,"column":47},"end":{"line":14,"column":null}},{"start":{"line":14,"column":33},"end":{"line":14,"column":43}}]}},"s":{"0":1,"1":1,"2":1,"3":1,"4":1,"5":1,"6":1,"7":5,"8":5,"9":2,"10":2,"11":1,"12":1,"13":1,"14":1,"15":1,"16":2,"17":2,"18":1,"19":1,"20":1,"21":1,"22":1,"23":1,"24":1},"f":{"0":5,"1":2,"2":1,"3":2},"b":{"0":[1,1],"1":[2,2],"2":[1,1],"3":[1,0],"4":[1,1],"5":[1,0],"6":[1,1]}}
,"/home/riegello/Dokumente/wara-mes/wara-mes/src/auth/jwt.auth.guard.ts": {"path":"/home/riegello/Dokumente/wara-mes/wara-mes/src/auth/jwt.auth.guard.ts","statementMap":{"0":{"start":{"line":1,"column":0},"end":{"line":1,"column":62}},"1":{"start":{"line":2,"column":0},"end":{"line":2,"column":41}},"2":{"start":{"line":3,"column":0},"end":{"line":3,"column":45}},"3":{"start":{"line":4,"column":0},"end":{"line":4,"column":51}},"4":{"start":{"line":7,"column":7},"end":{"line":20,"column":null}},"5":{"start":{"line":9,"column":4},"end":{"line":9,"column":12}},"6":{"start":{"line":8,"column":31},"end":{"line":8,"column":42}},"7":{"start":{"line":13,"column":21},"end":{"line":16,"column":6}},"8":{"start":{"line":18,"column":4},"end":{"line":18,"column":56}},"9":{"start":{"line":7,"column":13},"end":{"line":7,"column":25}},"10":{"start":{"line":7,"column":13},"end":{"line":20,"column":null}}},"fnMap":{"0":{"name":"(anonymous_2)","decl":{"start":{"line":8,"column":2},"end":{"line":8,"column":31}},"loc":{"start":{"line":8,"column":51},"end":{"line":10,"column":3}}},"1":{"name":"(anonymous_3)","decl":{"start":{"line":12,"column":2},"end":{"line":12,"column":13}},"loc":{"start":{"line":12,"column":39},"end":{"line":19,"column":3}}}},"branchMap":{"0":{"loc":{"start":{"line":18,"column":11},"end":{"line":18,"column":55}},"type":"cond-expr","locations":[{"start":{"line":18,"column":22},"end":{"line":18,"column":26}},{"start":{"line":18,"column":29},"end":{"line":18,"column":55}}]},"1":{"loc":{"start":{"line":8,"column":42},"end":{"line":8,"column":null}},"type":"cond-expr","locations":[{"start":{"line":8,"column":51},"end":{"line":8,"column":null}},{"start":{"line":8,"column":51},"end":{"line":8,"column":null}}]},"2":{"loc":{"start":{"line":8,"column":42},"end":{"line":8,"column":51}},"type":"binary-expr","locations":[{"start":{"line":8,"column":42},"end":{"line":8,"column":null}},{"start":{"line":8,"column":42},"end":{"line":8,"column":51}}]}},"s":{"0":0,"1":0,"2":0,"3":0,"4":0,"5":0,"6":0,"7":0,"8":0,"9":0,"10":0},"f":{"0":0,"1":0},"b":{"0":[0,0],"1":[0,0],"2":[0,0]}}
,"/home/riegello/Dokumente/wara-mes/wara-mes/src/auth/jwt.strategy.ts": {"path":"/home/riegello/Dokumente/wara-mes/wara-mes/src/auth/jwt.strategy.ts","statementMap":{"0":{"start":{"line":1,"column":0},"end":{"line":1,"column":67}},"1":{"start":{"line":2,"column":0},"end":{"line":2,"column":52}},"2":{"start":{"line":3,"column":0},"end":{"line":3,"column":52}},"3":{"start":{"line":4,"column":0},"end":{"line":4,"column":47}},"4":{"start":{"line":5,"column":0},"end":{"line":5,"column":52}},"5":{"start":{"line":8,"column":7},"end":{"line":23,"column":null}},"6":{"start":{"line":10,"column":4},"end":{"line":14,"column":7}},"7":{"start":{"line":18,"column":4},"end":{"line":20,"column":5}},"8":{"start":{"line":19,"column":6},"end":{"line":19,"column":63}},"9":{"start":{"line":21,"column":4},"end":{"line":21,"column":83}},"10":{"start":{"line":8,"column":13},"end":{"line":8,"column":24}},"11":{"start":{"line":8,"column":13},"end":{"line":23,"column":null}}},"fnMap":{"0":{"name":"(anonymous_2)","decl":{"start":{"line":9,"column":2},"end":{"line":9,"column":14}},"loc":{"start":{"line":9,"column":42},"end":{"line":15,"column":3}}},"1":{"name":"(anonymous_3)","decl":{"start":{"line":17,"column":2},"end":{"line":17,"column":7}},"loc":{"start":{"line":17,"column":29},"end":{"line":22,"column":3}}}},"branchMap":{"0":{"loc":{"start":{"line":18,"column":4},"end":{"line":20,"column":5}},"type":"if","locations":[{"start":{"line":18,"column":4},"end":{"line":20,"column":5}},{"start":{},"end":{}}]},"1":{"loc":{"start":{"line":18,"column":8},"end":{"line":18,"column":99}},"type":"binary-expr","locations":[{"start":{"line":18,"column":8},"end":{"line":18,"column":21}},{"start":{"line":18,"column":25},"end":{"line":18,"column":43}},{"start":{"line":18,"column":47},"end":{"line":18,"column":99}}]},"2":{"loc":{"start":{"line":9,"column":29},"end":{"line":9,"column":null}},"type":"cond-expr","locations":[{"start":{"line":9,"column":42},"end":{"line":9,"column":null}},{"start":{"line":9,"column":42},"end":{"line":9,"column":null}}]},"3":{"loc":{"start":{"line":9,"column":29},"end":{"line":9,"column":42}},"type":"binary-expr","locations":[{"start":{"line":9,"column":29},"end":{"line":9,"column":null}},{"start":{"line":9,"column":29},"end":{"line":9,"column":42}}]}},"s":{"0":0,"1":0,"2":0,"3":0,"4":0,"5":0,"6":0,"7":0,"8":0,"9":0,"10":0,"11":0},"f":{"0":0,"1":0},"b":{"0":[0,0],"1":[0,0,0],"2":[0,0],"3":[0,0]}}
,"/home/riegello/Dokumente/wara-mes/wara-mes/src/auth/public.decorator.ts": {"path":"/home/riegello/Dokumente/wara-mes/wara-mes/src/auth/public.decorator.ts","statementMap":{"0":{"start":{"line":1,"column":0},"end":{"line":1,"column":45}},"1":{"start":{"line":3,"column":13},"end":{"line":3,"column":40}},"2":{"start":{"line":4,"column":22},"end":{"line":4,"column":60}},"3":{"start":{"line":4,"column":28},"end":{"line":4,"column":60}},"4":{"start":{"line":4,"column":13},"end":{"line":4,"column":22}}},"fnMap":{"0":{"name":"(anonymous_0)","decl":{"start":{"line":4,"column":22},"end":{"line":4,"column":25}},"loc":{"start":{"line":4,"column":28},"end":{"line":4,"column":60}}}},"branchMap":{},"s":{"0":0,"1":0,"2":0,"3":0,"4":0},"f":{"0":0},"b":{}}
,"/home/riegello/Dokumente/wara-mes/wara-mes/src/auth/roles.decorator.ts": {"path":"/home/riegello/Dokumente/wara-mes/wara-mes/src/auth/roles.decorator.ts","statementMap":{"0":{"start":{"line":1,"column":0},"end":{"line":1,"column":45}},"1":{"start":{"line":4,"column":13},"end":{"line":4,"column":33}},"2":{"start":{"line":5,"column":21},"end":{"line":5,"column":80}},"3":{"start":{"line":5,"column":51},"end":{"line":5,"column":80}},"4":{"start":{"line":5,"column":13},"end":{"line":5,"column":21}}},"fnMap":{"0":{"name":"(anonymous_0)","decl":{"start":{"line":5,"column":21},"end":{"line":5,"column":22}},"loc":{"start":{"line":5,"column":51},"end":{"line":5,"column":80}}}},"branchMap":{},"s":{"0":0,"1":0,"2":0,"3":0,"4":0},"f":{"0":0},"b":{}}
,"/home/riegello/Dokumente/wara-mes/wara-mes/src/auth/roles.guard.ts": {"path":"/home/riegello/Dokumente/wara-mes/wara-mes/src/auth/roles.guard.ts","statementMap":{"0":{"start":{"line":1,"column":0},"end":{"line":1,"column":95}},"1":{"start":{"line":2,"column":0},"end":{"line":2,"column":41}},"2":{"start":{"line":4,"column":0},"end":{"line":4,"column":46}},"3":{"start":{"line":7,"column":7},"end":{"line":26,"column":null}},"4":{"start":{"line":8,"column":22},"end":{"line":8,"column":33}},"5":{"start":{"line":11,"column":18},"end":{"line":14,"column":6}},"6":{"start":{"line":15,"column":4},"end":{"line":15,"column":28}},"7":{"start":{"line":15,"column":16},"end":{"line":15,"column":28}},"8":{"start":{"line":17,"column":20},"end":{"line":17,"column":55}},"9":{"start":{"line":18,"column":47},"end":{"line":18,"column":65}},"10":{"start":{"line":20,"column":4},"end":{"line":22,"column":5}},"11":{"start":{"line":21,"column":6},"end":{"line":21,"column":96}},"12":{"start":{"line":24,"column":4},"end":{"line":24,"column":16}},"13":{"start":{"line":7,"column":13},"end":{"line":7,"column":23}},"14":{"start":{"line":7,"column":13},"end":{"line":26,"column":null}}},"fnMap":{"0":{"name":"(anonymous_2)","decl":{"start":{"line":8,"column":2},"end":{"line":8,"column":22}},"loc":{"start":{"line":8,"column":42},"end":{"line":8,"column":46}}},"1":{"name":"(anonymous_3)","decl":{"start":{"line":10,"column":2},"end":{"line":10,"column":13}},"loc":{"start":{"line":10,"column":39},"end":{"line":25,"column":3}}}},"branchMap":{"0":{"loc":{"start":{"line":15,"column":4},"end":{"line":15,"column":28}},"type":"if","locations":[{"start":{"line":15,"column":4},"end":{"line":15,"column":28}},{"start":{},"end":{}}]},"1":{"loc":{"start":{"line":20,"column":4},"end":{"line":22,"column":5}},"type":"if","locations":[{"start":{"line":20,"column":4},"end":{"line":22,"column":5}},{"start":{},"end":{}}]},"2":{"loc":{"start":{"line":20,"column":8},"end":{"line":20,"column":46}},"type":"binary-expr","locations":[{"start":{"line":20,"column":8},"end":{"line":20,"column":17}},{"start":{"line":20,"column":21},"end":{"line":20,"column":46}}]},"3":{"loc":{"start":{"line":8,"column":33},"end":{"line":8,"column":45}},"type":"cond-expr","locations":[{"start":{"line":8,"column":42},"end":{"line":8,"column":45}},{"start":{"line":8,"column":42},"end":{"line":8,"column":45}}]},"4":{"loc":{"start":{"line":8,"column":33},"end":{"line":8,"column":42}},"type":"binary-expr","locations":[{"start":{"line":8,"column":33},"end":{"line":8,"column":45}},{"start":{"line":8,"column":33},"end":{"line":8,"column":42}}]}},"s":{"0":0,"1":0,"2":0,"3":0,"4":0,"5":0,"6":0,"7":0,"8":0,"9":0,"10":0,"11":0,"12":0,"13":0,"14":0},"f":{"0":0,"1":0},"b":{"0":[0,0],"1":[0,0],"2":[0,0],"3":[0,0],"4":[0,0]}}
,"/home/riegello/Dokumente/wara-mes/wara-mes/src/auth/dto/login.dto.ts": {"path":"/home/riegello/Dokumente/wara-mes/wara-mes/src/auth/dto/login.dto.ts","statementMap":{"0":{"start":{"line":1,"column":0},"end":{"line":1,"column":66}},"1":{"start":{"line":3,"column":0},"end":{"line":3,"column":13}},"2":{"start":{"line":6,"column":2},"end":{"line":6,"column":null}},"3":{"start":{"line":11,"column":2},"end":{"line":11,"column":null}}},"fnMap":{},"branchMap":{},"s":{"0":0,"1":0,"2":0,"3":0},"f":{},"b":{}}
,"/home/riegello/Dokumente/wara-mes/wara-mes/src/auth/dto/register.dto.ts": {"path":"/home/riegello/Dokumente/wara-mes/wara-mes/src/auth/dto/register.dto.ts","statementMap":{"0":{"start":{"line":1,"column":0},"end":{"line":1,"column":74}},"1":{"start":{"line":2,"column":0},"end":{"line":2,"column":55}},"2":{"start":{"line":4,"column":0},"end":{"line":4,"column":13}},"3":{"start":{"line":7,"column":2},"end":{"line":7,"column":null}},"4":{"start":{"line":11,"column":2},"end":{"line":11,"column":null}},"5":{"start":{"line":14,"column":2},"end":{"line":14,"column":null}}},"fnMap":{},"branchMap":{"0":{"loc":{"start":{"line":14,"column":8},"end":{"line":14,"column":21}},"type":"cond-expr","locations":[{"start":{"line":14,"column":20},"end":{"line":14,"column":21}},{"start":{"line":14,"column":20},"end":{"line":14,"column":21}}]},"1":{"loc":{"start":{"line":14,"column":8},"end":{"line":14,"column":20}},"type":"binary-expr","locations":[{"start":{"line":14,"column":8},"end":{"line":14,"column":21}},{"start":{"line":14,"column":8},"end":{"line":14,"column":20}}]}},"s":{"0":0,"1":0,"2":0,"3":0,"4":0,"5":0},"f":{},"b":{"0":[0,0],"1":[0,0]}}
,"/home/riegello/Dokumente/wara-mes/wara-mes/src/carriers/carrier.dto.ts": {"path":"/home/riegello/Dokumente/wara-mes/wara-mes/src/carriers/carrier.dto.ts","statementMap":{"0":{"start":{"line":1,"column":0},"end":{"line":1,"column":73}},"1":{"start":{"line":2,"column":0},"end":{"line":2,"column":53}},"2":{"start":{"line":4,"column":0},"end":{"line":4,"column":13}},"3":{"start":{"line":7,"column":2},"end":{"line":7,"column":null}},"4":{"start":{"line":16,"column":20},"end":{"line":16,"column":21}},"5":{"start":{"line":10,"column":0},"end":{"line":10,"column":13}},"6":{"start":{"line":12,"column":2},"end":{"line":12,"column":null}},"7":{"start":{"line":16,"column":2},"end":{"line":16,"column":null}},"8":{"start":{"line":19,"column":0},"end":{"line":19,"column":13}},"9":{"start":{"line":22,"column":2},"end":{"line":22,"column":null}}},"fnMap":{},"branchMap":{"0":{"loc":{"start":{"line":22,"column":11},"end":{"line":22,"column":29}},"type":"cond-expr","locations":[{"start":{"line":22,"column":28},"end":{"line":22,"column":29}},{"start":{"line":22,"column":28},"end":{"line":22,"column":29}}]},"1":{"loc":{"start":{"line":22,"column":11},"end":{"line":22,"column":28}},"type":"binary-expr","locations":[{"start":{"line":22,"column":11},"end":{"line":22,"column":29}},{"start":{"line":22,"column":11},"end":{"line":22,"column":28}}]}},"s":{"0":0,"1":0,"2":0,"3":0,"4":0,"5":0,"6":0,"7":0,"8":0,"9":0},"f":{},"b":{"0":[0,0],"1":[0,0]}}
,"/home/riegello/Dokumente/wara-mes/wara-mes/src/carriers/carrier.entity.ts": {"path":"/home/riegello/Dokumente/wara-mes/wara-mes/src/carriers/carrier.entity.ts","statementMap":{"0":{"start":{"line":1,"column":0},"end":{"line":1,"column":116}},"1":{"start":{"line":3,"column":0},"end":{"line":3,"column":null}},"2":{"start":{"line":4,"column":2},"end":{"line":4,"column":null}},"3":{"start":{"line":5,"column":2},"end":{"line":5,"column":null}},"4":{"start":{"line":6,"column":2},"end":{"line":6,"column":null}},"5":{"start":{"line":7,"column":2},"end":{"line":7,"column":null}},"6":{"start":{"line":8,"column":2},"end":{"line":8,"column":null}},"7":{"start":{"line":12,"column":7},"end":{"line":39,"column":null}},"8":{"start":{"line":12,"column":13},"end":{"line":12,"column":26}},"9":{"start":{"line":14,"column":2},"end":{"line":14,"column":null}},"10":{"start":{"line":17,"column":2},"end":{"line":17,"column":null}},"11":{"start":{"line":20,"column":2},"end":{"line":20,"column":null}},"12":{"start":{"line":23,"column":2},"end":{"line":23,"column":null}},"13":{"start":{"line":26,"column":2},"end":{"line":26,"column":null}},"14":{"start":{"line":29,"column":2},"end":{"line":29,"column":null}},"15":{"start":{"line":32,"column":2},"end":{"line":32,"column":null}},"16":{"start":{"line":35,"column":2},"end":{"line":35,"column":null}},"17":{"start":{"line":38,"column":2},"end":{"line":38,"column":null}},"18":{"start":{"line":12,"column":13},"end":{"line":39,"column":null}}},"fnMap":{"0":{"name":"(anonymous_2)","decl":{"start":{"line":3,"column":0},"end":{"line":3,"column":12}},"loc":{"start":{"line":3,"column":29},"end":{"line":9,"column":1}}}},"branchMap":{"0":{"loc":{"start":{"line":3,"column":12},"end":{"line":3,"column":null}},"type":"binary-expr","locations":[{"start":{"line":3,"column":12},"end":{"line":3,"column":29}},{"start":{"line":3,"column":29},"end":{"line":3,"column":null}}]},"1":{"loc":{"start":{"line":35,"column":14},"end":{"line":35,"column":19}},"type":"cond-expr","locations":[{"start":{"line":35,"column":18},"end":{"line":35,"column":19}},{"start":{"line":35,"column":18},"end":{"line":35,"column":19}}]},"2":{"loc":{"start":{"line":35,"column":14},"end":{"line":35,"column":18}},"type":"binary-expr","locations":[{"start":{"line":35,"column":14},"end":{"line":35,"column":19}},{"start":{"line":35,"column":14},"end":{"line":35,"column":18}}]},"3":{"loc":{"start":{"line":38,"column":14},"end":{"line":38,"column":19}},"type":"cond-expr","locations":[{"start":{"line":38,"column":18},"end":{"line":38,"column":19}},{"start":{"line":38,"column":18},"end":{"line":38,"column":19}}]},"4":{"loc":{"start":{"line":38,"column":14},"end":{"line":38,"column":18}},"type":"binary-expr","locations":[{"start":{"line":38,"column":14},"end":{"line":38,"column":19}},{"start":{"line":38,"column":14},"end":{"line":38,"column":18}}]}},"s":{"0":3,"1":3,"2":3,"3":3,"4":3,"5":3,"6":3,"7":3,"8":3,"9":3,"10":3,"11":3,"12":3,"13":3,"14":3,"15":3,"16":3,"17":3,"18":3},"f":{"0":3},"b":{"0":[3,3],"1":[3,0],"2":[3,3],"3":[3,0],"4":[3,3]}}
,"/home/riegello/Dokumente/wara-mes/wara-mes/src/carriers/carriers.controller.ts": {"path":"/home/riegello/Dokumente/wara-mes/wara-mes/src/carriers/carriers.controller.ts","statementMap":{"0":{"start":{"line":2,"column":0},"end":{"line":2,"column":98}},"1":{"start":{"line":3,"column":0},"end":{"line":3,"column":48}},"2":{"start":{"line":4,"column":0},"end":{"line":4,"column":52}},"3":{"start":{"line":5,"column":0},"end":{"line":5,"column":85}},"4":{"start":{"line":6,"column":0},"end":{"line":6,"column":53}},"5":{"start":{"line":9,"column":7},"end":{"line":35,"column":null}},"6":{"start":{"line":10,"column":31},"end":{"line":10,"column":41}},"7":{"start":{"line":14,"column":14},"end":{"line":14,"column":45}},"8":{"start":{"line":18,"column":52},"end":{"line":18,"column":85}},"9":{"start":{"line":22,"column":42},"end":{"line":22,"column":75}},"10":{"start":{"line":26,"column":82},"end":{"line":26,"column":119}},"11":{"start":{"line":30,"column":82},"end":{"line":30,"column":119}},"12":{"start":{"line":34,"column":51},"end":{"line":34,"column":83}},"13":{"start":{"line":9,"column":13},"end":{"line":9,"column":31}},"14":{"start":{"line":14,"column":2},"end":{"line":14,"column":null}},"15":{"start":{"line":18,"column":2},"end":{"line":18,"column":null}},"16":{"start":{"line":22,"column":2},"end":{"line":22,"column":null}},"17":{"start":{"line":26,"column":2},"end":{"line":26,"column":null}},"18":{"start":{"line":30,"column":2},"end":{"line":30,"column":null}},"19":{"start":{"line":34,"column":2},"end":{"line":34,"column":null}},"20":{"start":{"line":9,"column":13},"end":{"line":35,"column":null}}},"fnMap":{"0":{"name":"(anonymous_4)","decl":{"start":{"line":10,"column":2},"end":{"line":10,"column":31}},"loc":{"start":{"line":10,"column":56},"end":{"line":10,"column":60}}},"1":{"name":"(anonymous_5)","decl":{"start":{"line":14,"column":2},"end":{"line":14,"column":9}},"loc":{"start":{"line":14,"column":9},"end":{"line":14,"column":47}}},"2":{"name":"(anonymous_6)","decl":{"start":{"line":18,"column":2},"end":{"line":18,"column":9}},"loc":{"start":{"line":18,"column":48},"end":{"line":18,"column":87}}},"3":{"name":"(anonymous_7)","decl":{"start":{"line":22,"column":2},"end":{"line":22,"column":8}},"loc":{"start":{"line":22,"column":38},"end":{"line":22,"column":77}}},"4":{"name":"(anonymous_8)","decl":{"start":{"line":26,"column":2},"end":{"line":26,"column":8}},"loc":{"start":{"line":26,"column":78},"end":{"line":26,"column":121}}},"5":{"name":"(anonymous_9)","decl":{"start":{"line":30,"column":2},"end":{"line":30,"column":8}},"loc":{"start":{"line":30,"column":78},"end":{"line":30,"column":121}}},"6":{"name":"(anonymous_10)","decl":{"start":{"line":34,"column":2},"end":{"line":34,"column":8}},"loc":{"start":{"line":34,"column":47},"end":{"line":34,"column":85}}}},"branchMap":{"0":{"loc":{"start":{"line":22,"column":22},"end":{"line":22,"column":42}},"type":"cond-expr","locations":[{"start":{"line":22,"column":38},"end":{"line":22,"column":42}},{"start":{"line":22,"column":38},"end":{"line":22,"column":42}}]},"1":{"loc":{"start":{"line":22,"column":22},"end":{"line":22,"column":38}},"type":"binary-expr","locations":[{"start":{"line":22,"column":22},"end":{"line":22,"column":42}},{"start":{"line":22,"column":22},"end":{"line":22,"column":38}}]},"2":{"loc":{"start":{"line":26,"column":62},"end":{"line":26,"column":82}},"type":"cond-expr","locations":[{"start":{"line":26,"column":78},"end":{"line":26,"column":82}},{"start":{"line":26,"column":78},"end":{"line":26,"column":82}}]},"3":{"loc":{"start":{"line":26,"column":62},"end":{"line":26,"column":78}},"type":"binary-expr","locations":[{"start":{"line":26,"column":62},"end":{"line":26,"column":82}},{"start":{"line":26,"column":62},"end":{"line":26,"column":78}}]},"4":{"loc":{"start":{"line":30,"column":62},"end":{"line":30,"column":82}},"type":"cond-expr","locations":[{"start":{"line":30,"column":78},"end":{"line":30,"column":82}},{"start":{"line":30,"column":78},"end":{"line":30,"column":82}}]},"5":{"loc":{"start":{"line":30,"column":62},"end":{"line":30,"column":78}},"type":"binary-expr","locations":[{"start":{"line":30,"column":62},"end":{"line":30,"column":82}},{"start":{"line":30,"column":62},"end":{"line":30,"column":78}}]},"6":{"loc":{"start":{"line":10,"column":41},"end":{"line":10,"column":59}},"type":"cond-expr","locations":[{"start":{"line":10,"column":56},"end":{"line":10,"column":59}},{"start":{"line":10,"column":56},"end":{"line":10,"column":59}}]},"7":{"loc":{"start":{"line":10,"column":41},"end":{"line":10,"column":56}},"type":"binary-expr","locations":[{"start":{"line":10,"column":41},"end":{"line":10,"column":59}},{"start":{"line":10,"column":41},"end":{"line":10,"column":56}}]}},"s":{"0":0,"1":0,"2":0,"3":0,"4":0,"5":0,"6":0,"7":0,"8":0,"9":0,"10":0,"11":0,"12":0,"13":0,"14":0,"15":0,"16":0,"17":0,"18":0,"19":0,"20":0},"f":{"0":0,"1":0,"2":0,"3":0,"4":0,"5":0,"6":0},"b":{"0":[0,0],"1":[0,0],"2":[0,0],"3":[0,0],"4":[0,0],"5":[0,0],"6":[0,0],"7":[0,0]}}
,"/home/riegello/Dokumente/wara-mes/wara-mes/src/carriers/carriers.module.ts": {"path":"/home/riegello/Dokumente/wara-mes/wara-mes/src/carriers/carriers.module.ts","statementMap":{"0":{"start":{"line":1,"column":0},"end":{"line":1,"column":40}},"1":{"start":{"line":2,"column":0},"end":{"line":2,"column":48}},"2":{"start":{"line":3,"column":0},"end":{"line":3,"column":49}},"3":{"start":{"line":4,"column":0},"end":{"line":4,"column":59}},"4":{"start":{"line":5,"column":0},"end":{"line":5,"column":53}},"5":{"start":{"line":13,"column":7},"end":{"line":13,"column":null}},"6":{"start":{"line":13,"column":13},"end":{"line":13,"column":27}},"7":{"start":{"line":13,"column":13},"end":{"line":13,"column":null}}},"fnMap":{},"branchMap":{},"s":{"0":0,"1":0,"2":0,"3":0,"4":0,"5":0,"6":0,"7":0},"f":{},"b":{}}
,"/home/riegello/Dokumente/wara-mes/wara-mes/src/carriers/carriers.service.ts": {"path":"/home/riegello/Dokumente/wara-mes/wara-mes/src/carriers/carriers.service.ts","statementMap":{"0":{"start":{"line":1,"column":0},"end":{"line":1,"column":84}},"1":{"start":{"line":2,"column":0},"end":{"line":2,"column":51}},"2":{"start":{"line":3,"column":0},"end":{"line":3,"column":37}},"3":{"start":{"line":5,"column":0},"end":{"line":5,"column":68}},"4":{"start":{"line":8,"column":7},"end":{"line":48,"column":null}},"5":{"start":{"line":9,"column":64},"end":{"line":9,"column":74}},"6":{"start":{"line":12,"column":4},"end":{"line":14,"column":5}},"7":{"start":{"line":13,"column":6},"end":{"line":13,"column":69}},"8":{"start":{"line":15,"column":4},"end":{"line":15,"column":57}},"9":{"start":{"line":19,"column":4},"end":{"line":19,"column":68}},"10":{"start":{"line":23,"column":20},"end":{"line":23,"column":66}},"11":{"start":{"line":24,"column":4},"end":{"line":24,"column":67}},"12":{"start":{"line":24,"column":18},"end":{"line":24,"column":67}},"13":{"start":{"line":25,"column":4},"end":{"line":25,"column":19}},"14":{"start":{"line":29,"column":20},"end":{"line":29,"column":42}},"15":{"start":{"line":30,"column":4},"end":{"line":30,"column":36}},"16":{"start":{"line":31,"column":4},"end":{"line":31,"column":50}},"17":{"start":{"line":32,"column":4},"end":{"line":32,"column":39}},"18":{"start":{"line":33,"column":4},"end":{"line":33,"column":48}},"19":{"start":{"line":34,"column":4},"end":{"line":34,"column":39}},"20":{"start":{"line":38,"column":20},"end":{"line":38,"column":42}},"21":{"start":{"line":39,"column":4},"end":{"line":39,"column":32}},"22":{"start":{"line":40,"column":4},"end":{"line":40,"column":39}},"23":{"start":{"line":44,"column":20},"end":{"line":44,"column":42}},"24":{"start":{"line":45,"column":4},"end":{"line":45,"column":94}},"25":{"start":{"line":45,"column":26},"end":{"line":45,"column":94}},"26":{"start":{"line":46,"column":4},"end":{"line":46,"column":40}},"27":{"start":{"line":8,"column":13},"end":{"line":8,"column":28}},"28":{"start":{"line":8,"column":13},"end":{"line":48,"column":null}}},"fnMap":{"0":{"name":"(anonymous_4)","decl":{"start":{"line":9,"column":2},"end":{"line":9,"column":15}},"loc":{"start":{"line":9,"column":99},"end":{"line":9,"column":103}}},"1":{"name":"(anonymous_5)","decl":{"start":{"line":11,"column":2},"end":{"line":11,"column":7}},"loc":{"start":{"line":11,"column":36},"end":{"line":16,"column":3}}},"2":{"name":"(anonymous_6)","decl":{"start":{"line":18,"column":2},"end":{"line":18,"column":9}},"loc":{"start":{"line":18,"column":9},"end":{"line":20,"column":3}}},"3":{"name":"(anonymous_7)","decl":{"start":{"line":22,"column":2},"end":{"line":22,"column":7}},"loc":{"start":{"line":22,"column":26},"end":{"line":26,"column":3}}},"4":{"name":"(anonymous_8)","decl":{"start":{"line":28,"column":2},"end":{"line":28,"column":7}},"loc":{"start":{"line":28,"column":48},"end":{"line":35,"column":3}}},"5":{"name":"(anonymous_9)","decl":{"start":{"line":37,"column":2},"end":{"line":37,"column":7}},"loc":{"start":{"line":37,"column":48},"end":{"line":41,"column":3}}},"6":{"name":"(anonymous_10)","decl":{"start":{"line":43,"column":2},"end":{"line":43,"column":7}},"loc":{"start":{"line":43,"column":25},"end":{"line":47,"column":3}}}},"branchMap":{"0":{"loc":{"start":{"line":12,"column":4},"end":{"line":14,"column":5}},"type":"if","locations":[{"start":{"line":12,"column":4},"end":{"line":14,"column":5}},{"start":{},"end":{}}]},"1":{"loc":{"start":{"line":24,"column":4},"end":{"line":24,"column":67}},"type":"if","locations":[{"start":{"line":24,"column":4},"end":{"line":24,"column":67}},{"start":{},"end":{}}]},"2":{"loc":{"start":{"line":45,"column":4},"end":{"line":45,"column":94}},"type":"if","locations":[{"start":{"line":45,"column":4},"end":{"line":45,"column":94}},{"start":{},"end":{}}]},"3":{"loc":{"start":{"line":9,"column":74},"end":{"line":9,"column":99}},"type":"cond-expr","locations":[{"start":{"line":9,"column":84},"end":{"line":9,"column":99}},{"start":{"line":9,"column":84},"end":{"line":9,"column":99}}]},"4":{"loc":{"start":{"line":9,"column":74},"end":{"line":9,"column":84}},"type":"binary-expr","locations":[{"start":{"line":9,"column":74},"end":{"line":9,"column":99}},{"start":{"line":9,"column":74},"end":{"line":9,"column":84}}]}},"s":{"0":1,"1":1,"2":1,"3":1,"4":1,"5":11,"6":2,"7":1,"8":1,"9":1,"10":7,"11":7,"12":1,"13":6,"14":2,"15":2,"16":2,"17":2,"18":2,"19":2,"20":1,"21":1,"22":1,"23":2,"24":2,"25":1,"26":1,"27":1,"28":1},"f":{"0":11,"1":2,"2":1,"3":7,"4":2,"5":1,"6":2},"b":{"0":[1,1],"1":[1,6],"2":[1,1],"3":[1,0],"4":[1,1]}}
,"/home/riegello/Dokumente/wara-mes/wara-mes/src/config/database.config.ts": {"path":"/home/riegello/Dokumente/wara-mes/wara-mes/src/config/database.config.ts","statementMap":{"0":{"start":{"line":2,"column":0},"end":{"line":2,"column":23}},"1":{"start":{"line":4,"column":13},"end":{"line":14,"column":2}}},"fnMap":{},"branchMap":{"0":{"loc":{"start":{"line":6,"column":8},"end":{"line":6,"column":42}},"type":"binary-expr","locations":[{"start":{"line":6,"column":8},"end":{"line":6,"column":27}},{"start":{"line":6,"column":31},"end":{"line":6,"column":42}}]},"1":{"loc":{"start":{"line":7,"column":17},"end":{"line":7,"column":46}},"type":"binary-expr","locations":[{"start":{"line":7,"column":17},"end":{"line":7,"column":36}},{"start":{"line":7,"column":40},"end":{"line":7,"column":46}}]},"2":{"loc":{"start":{"line":8,"column":12},"end":{"line":8,"column":50}},"type":"binary-expr","locations":[{"start":{"line":8,"column":12},"end":{"line":8,"column":35}},{"start":{"line":8,"column":39},"end":{"line":8,"column":50}}]},"3":{"loc":{"start":{"line":10,"column":12},"end":{"line":10,"column":55}},"type":"binary-expr","locations":[{"start":{"line":10,"column":12},"end":{"line":10,"column":35}},{"start":{"line":10,"column":39},"end":{"line":10,"column":55}}]}},"s":{"0":0,"1":0},"f":{},"b":{"0":[0,0],"1":[0,0],"2":[0,0],"3":[0,0]}}
,"/home/riegello/Dokumente/wara-mes/wara-mes/src/dashboard/dashboard.controller.ts": {"path":"/home/riegello/Dokumente/wara-mes/wara-mes/src/dashboard/dashboard.controller.ts","statementMap":{"0":{"start":{"line":2,"column":0},"end":{"line":2,"column":62}},"1":{"start":{"line":3,"column":0},"end":{"line":3,"column":48}},"2":{"start":{"line":4,"column":0},"end":{"line":4,"column":52}},"3":{"start":{"line":5,"column":0},"end":{"line":5,"column":55}},"4":{"start":{"line":8,"column":7},"end":{"line":34,"column":null}},"5":{"start":{"line":9,"column":31},"end":{"line":9,"column":49}},"6":{"start":{"line":14,"column":4},"end":{"line":14,"column":51}},"7":{"start":{"line":20,"column":4},"end":{"line":20,"column":72}},"8":{"start":{"line":26,"column":4},"end":{"line":26,"column":61}},"9":{"start":{"line":32,"column":4},"end":{"line":32,"column":66}},"10":{"start":{"line":8,"column":13},"end":{"line":8,"column":32}},"11":{"start":{"line":13,"column":2},"end":{"line":15,"column":null}},"12":{"start":{"line":19,"column":2},"end":{"line":21,"column":null}},"13":{"start":{"line":25,"column":2},"end":{"line":27,"column":null}},"14":{"start":{"line":31,"column":2},"end":{"line":33,"column":null}},"15":{"start":{"line":8,"column":13},"end":{"line":34,"column":null}}},"fnMap":{"0":{"name":"(anonymous_4)","decl":{"start":{"line":9,"column":2},"end":{"line":9,"column":31}},"loc":{"start":{"line":9,"column":65},"end":{"line":9,"column":69}}},"1":{"name":"(anonymous_5)","decl":{"start":{"line":13,"column":2},"end":{"line":13,"column":9}},"loc":{"start":{"line":13,"column":64},"end":{"line":15,"column":3}}},"2":{"name":"(anonymous_6)","decl":{"start":{"line":19,"column":2},"end":{"line":19,"column":14}},"loc":{"start":{"line":19,"column":107},"end":{"line":21,"column":3}}},"3":{"name":"(anonymous_7)","decl":{"start":{"line":25,"column":2},"end":{"line":25,"column":19}},"loc":{"start":{"line":25,"column":74},"end":{"line":27,"column":3}}},"4":{"name":"(anonymous_8)","decl":{"start":{"line":31,"column":2},"end":{"line":31,"column":22}},"loc":{"start":{"line":31,"column":22},"end":{"line":33,"column":3}}}},"branchMap":{"0":{"loc":{"start":{"line":9,"column":49},"end":{"line":9,"column":68}},"type":"cond-expr","locations":[{"start":{"line":9,"column":65},"end":{"line":9,"column":68}},{"start":{"line":9,"column":65},"end":{"line":9,"column":68}}]},"1":{"loc":{"start":{"line":9,"column":49},"end":{"line":9,"column":65}},"type":"binary-expr","locations":[{"start":{"line":9,"column":49},"end":{"line":9,"column":68}},{"start":{"line":9,"column":49},"end":{"line":9,"column":65}}]}},"s":{"0":0,"1":0,"2":0,"3":0,"4":0,"5":0,"6":0,"7":0,"8":0,"9":0,"10":0,"11":0,"12":0,"13":0,"14":0,"15":0},"f":{"0":0,"1":0,"2":0,"3":0,"4":0},"b":{"0":[0,0],"1":[0,0]}}
,"/home/riegello/Dokumente/wara-mes/wara-mes/src/dashboard/dashboard.module.ts": {"path":"/home/riegello/Dokumente/wara-mes/wara-mes/src/dashboard/dashboard.module.ts","statementMap":{"0":{"start":{"line":1,"column":0},"end":{"line":1,"column":40}},"1":{"start":{"line":2,"column":0},"end":{"line":2,"column":48}},"2":{"start":{"line":3,"column":0},"end":{"line":3,"column":61}},"3":{"start":{"line":4,"column":0},"end":{"line":4,"column":55}},"4":{"start":{"line":5,"column":0},"end":{"line":5,"column":74}},"5":{"start":{"line":6,"column":0},"end":{"line":6,"column":53}},"6":{"start":{"line":7,"column":0},"end":{"line":7,"column":59}},"7":{"start":{"line":8,"column":0},"end":{"line":8,"column":64}},"8":{"start":{"line":9,"column":0},"end":{"line":9,"column":71}},"9":{"start":{"line":17,"column":7},"end":{"line":17,"column":null}},"10":{"start":{"line":17,"column":13},"end":{"line":17,"column":28}},"11":{"start":{"line":17,"column":13},"end":{"line":17,"column":null}}},"fnMap":{},"branchMap":{},"s":{"0":0,"1":0,"2":0,"3":0,"4":0,"5":0,"6":0,"7":0,"8":0,"9":0,"10":0,"11":0},"f":{},"b":{}}
,"/home/riegello/Dokumente/wara-mes/wara-mes/src/dashboard/dashboard.service.ts": {"path":"/home/riegello/Dokumente/wara-mes/wara-mes/src/dashboard/dashboard.service.ts","statementMap":{"0":{"start":{"line":1,"column":0},"end":{"line":1,"column":44}},"1":{"start":{"line":2,"column":0},"end":{"line":2,"column":51}},"2":{"start":{"line":3,"column":0},"end":{"line":3,"column":37}},"3":{"start":{"line":4,"column":0},"end":{"line":4,"column":53}},"4":{"start":{"line":5,"column":0},"end":{"line":5,"column":78}},"5":{"start":{"line":6,"column":0},"end":{"line":6,"column":64}},"6":{"start":{"line":7,"column":0},"end":{"line":7,"column":71}},"7":{"start":{"line":8,"column":0},"end":{"line":8,"column":74}},"8":{"start":{"line":13,"column":7},"end":{"line":603,"column":null}},"9":{"start":{"line":16,"column":21},"end":{"line":16,"column":33}},"10":{"start":{"line":18,"column":21},"end":{"line":18,"column":35}},"11":{"start":{"line":20,"column":21},"end":{"line":20,"column":35}},"12":{"start":{"line":22,"column":21},"end":{"line":22,"column":36}},"13":{"start":{"line":23,"column":21},"end":{"line":23,"column":39}},"14":{"start":{"line":27,"column":18},"end":{"line":27,"column":45}},"15":{"start":{"line":28,"column":66},"end":{"line":33,"column":6}},"16":{"start":{"line":35,"column":25},"end":{"line":35,"column":90}},"17":{"start":{"line":35,"column":75},"end":{"line":35,"column":86}},"18":{"start":{"line":36,"column":27},"end":{"line":36,"column":108}},"19":{"start":{"line":37,"column":28},"end":{"line":37,"column":94}},"20":{"start":{"line":38,"column":25},"end":{"line":38,"column":101}},"21":{"start":{"line":39,"column":30},"end":{"line":39,"column":72}},"22":{"start":{"line":40,"column":27},"end":{"line":40,"column":66}},"23":{"start":{"line":41,"column":24},"end":{"line":41,"column":96}},"24":{"start":{"line":42,"column":23},"end":{"line":42,"column":58}},"25":{"start":{"line":43,"column":22},"end":{"line":43,"column":56}},"26":{"start":{"line":44,"column":27},"end":{"line":44,"column":49}},"27":{"start":{"line":45,"column":20},"end":{"line":45,"column":72}},"28":{"start":{"line":46,"column":23},"end":{"line":46,"column":91}},"29":{"start":{"line":48,"column":4},"end":{"line":72,"column":6}},"30":{"start":{"line":76,"column":4},"end":{"line":76,"column":66}},"31":{"start":{"line":80,"column":16},"end":{"line":80,"column":79}},"32":{"start":{"line":81,"column":18},"end":{"line":81,"column":121}},"33":{"start":{"line":82,"column":4},"end":{"line":82,"column":70}},"34":{"start":{"line":86,"column":17},"end":{"line":90,"column":65}},"35":{"start":{"line":92,"column":4},"end":{"line":95,"column":40}},"36":{"start":{"line":93,"column":6},"end":{"line":93,"column":85}},"37":{"start":{"line":93,"column":49},"end":{"line":93,"column":70}},"38":{"start":{"line":94,"column":6},"end":{"line":94,"column":20}},"39":{"start":{"line":99,"column":4},"end":{"line":102,"column":34}},"40":{"start":{"line":100,"column":6},"end":{"line":100,"column":25}},"41":{"start":{"line":101,"column":6},"end":{"line":101,"column":20}},"42":{"start":{"line":106,"column":4},"end":{"line":113,"column":19}},"43":{"start":{"line":117,"column":4},"end":{"line":122,"column":19}},"44":{"start":{"line":126,"column":4},"end":{"line":131,"column":19}},"45":{"start":{"line":135,"column":26},"end":{"line":135,"column":95}},"46":{"start":{"line":136,"column":4},"end":{"line":136,"column":62}},"47":{"start":{"line":140,"column":4},"end":{"line":140,"column":64}},"48":{"start":{"line":144,"column":19},"end":{"line":144,"column":33}},"49":{"start":{"line":145,"column":4},"end":{"line":145,"column":47}},"50":{"start":{"line":149,"column":4},"end":{"line":154,"column":5}},"51":{"start":{"line":150,"column":6},"end":{"line":150,"column":25}},"52":{"start":{"line":152,"column":6},"end":{"line":152,"column":51}},"53":{"start":{"line":152,"column":35},"end":{"line":152,"column":51}},"54":{"start":{"line":153,"column":6},"end":{"line":153,"column":18}},"55":{"start":{"line":158,"column":18},"end":{"line":158,"column":45}},"56":{"start":{"line":159,"column":19},"end":{"line":159,"column":185}},"57":{"start":{"line":161,"column":4},"end":{"line":165,"column":6}},"58":{"start":{"line":169,"column":18},"end":{"
[...]
,"/home/riegello/Dokumente/wara-mes/wara-mes/src/traces/trace.entity.ts": {"path":"/home/riegello/Dokumente/wara-mes/wara-mes/src/traces/trace.entity.ts","statementMap":{"0":{"start":{"line":1,"column":0},"end":{"line":1,"column":90}},"1":{"start":{"line":4,"column":7},"end":{"line":29,"column":null}},"2":{"start":{"line":4,"column":13},"end":{"line":4,"column":24}},"3":{"start":{"line":6,"column":2},"end":{"line":6,"column":null}},"4":{"start":{"line":9,"column":2},"end":{"line":9,"column":null}},"5":{"start":{"line":12,"column":2},"end":{"line":12,"column":null}},"6":{"start":{"line":15,"column":2},"end":{"line":15,"column":null}},"7":{"start":{"line":19,"column":2},"end":{"line":19,"column":null}},"8":{"start":{"line":22,"column":2},"end":{"line":22,"column":null}},"9":{"start":{"line":25,"column":2},"end":{"line":25,"column":null}},"10":{"start":{"line":28,"column":2},"end":{"line":28,"column":null}},"11":{"start":{"line":4,"column":13},"end":{"line":29,"column":null}}},"fnMap":{},"branchMap":{"0":{"loc":{"start":{"line":25,"column":9},"end":{"line":25,"column":32}},"type":"cond-expr","locations":[{"start":{"line":25,"column":15},"end":{"line":25,"column":32}},{"start":{"line":25,"column":15},"end":{"line":25,"column":32}}]},"1":{"loc":{"start":{"line":25,"column":9},"end":{"line":25,"column":15}},"type":"binary-expr","locations":[{"start":{"line":25,"column":9},"end":{"line":25,"column":32}},{"start":{"line":25,"column":9},"end":{"line":25,"column":15}}]},"2":{"loc":{"start":{"line":28,"column":16},"end":{"line":28,"column":21}},"type":"cond-expr","locations":[{"start":{"line":28,"column":20},"end":{"line":28,"column":21}},{"start":{"line":28,"column":20},"end":{"line":28,"column":21}}]},"3":{"loc":{"start":{"line":28,"column":16},"end":{"line":28,"column":20}},"type":"binary-expr","locations":[{"start":{"line":28,"column":16},"end":{"line":28,"column":21}},{"start":{"line":28,"column":16},"end":{"line":28,"column":20}}]}},"s":{"0":1,"1":1,"2":1,"3":1,"4":1,"5":1,"6":1,"7":1,"8":1,"9":1,"10":1,"11":1},"f":{},"b":{"0":[0,1],"1":[1,0],"2":[1,0],"3":[1,1]}}
,"/home/riegello/Dokumente/wara-mes/wara-mes/src/traces/traces.controller.ts": {"path":"/home/riegello/Dokumente/wara-mes/wara-mes/src/traces/traces.controller.ts","statementMap":{"0":{"start":{"line":1,"column":0},"end":{"line":1,"column":122}},"1":{"start":{"line":3,"column":0},"end":{"line":3,"column":49}},"2":{"start":{"line":4,"column":0},"end":{"line":4,"column":79}},"3":{"start":{"line":5,"column":0},"end":{"line":5,"column":48}},"4":{"start":{"line":6,"column":0},"end":{"line":6,"column":52}},"5":{"start":{"line":9,"column":7},"end":{"line":51,"column":null}},"6":{"start":{"line":10,"column":31},"end":{"line":10,"column":46}},"7":{"start":{"line":14,"column":40},"end":{"line":14,"column":78}},"8":{"start":{"line":19,"column":4},"end":{"line":19,"column":89}},"9":{"start":{"line":19,"column":26},"end":{"line":19,"column":89}},"10":{"start":{"line":20,"column":4},"end":{"line":20,"column":86}},"11":{"start":{"line":20,"column":24},"end":{"line":20,"column":86}},"12":{"start":{"line":21,"column":4},"end":{"line":21,"column":56}},"13":{"start":{"line":30,"column":4},"end":{"line":30,"column":79}},"14":{"start":{"line":39,"column":4},"end":{"line":39,"column":75}},"15":{"start":{"line":45,"column":4},"end":{"line":45,"column":49}},"16":{"start":{"line":50,"column":52},"end":{"line":50,"column":90}},"17":{"start":{"line":9,"column":13},"end":{"line":9,"column":29}},"18":{"start":{"line":14,"column":2},"end":{"line":14,"column":null}},"19":{"start":{"line":18,"column":2},"end":{"line":22,"column":null}},"20":{"start":{"line":26,"column":2},"end":{"line":31,"column":null}},"21":{"start":{"line":35,"column":2},"end":{"line":40,"column":null}},"22":{"start":{"line":44,"column":2},"end":{"line":46,"column":null}},"23":{"start":{"line":50,"column":2},"end":{"line":50,"column":null}},"24":{"start":{"line":9,"column":13},"end":{"line":51,"column":null}}},"fnMap":{"0":{"name":"(anonymous_4)","decl":{"start":{"line":10,"column":2},"end":{"line":10,"column":31}},"loc":{"start":{"line":10,"column":59},"end":{"line":10,"column":63}}},"1":{"name":"(anonymous_5)","decl":{"start":{"line":14,"column":2},"end":{"line":14,"column":8}},"loc":{"start":{"line":14,"column":36},"end":{"line":14,"column":80}}},"2":{"name":"(anonymous_6)","decl":{"start":{"line":18,"column":2},"end":{"line":18,"column":9}},"loc":{"start":{"line":18,"column":39},"end":{"line":22,"column":3}}},"3":{"name":"(anonymous_7)","decl":{"start":{"line":26,"column":2},"end":{"line":26,"column":14}},"loc":{"start":{"line":28,"column":76},"end":{"line":31,"column":3}}},"4":{"name":"(anonymous_8)","decl":{"start":{"line":35,"column":2},"end":{"line":35,"column":12}},"loc":{"start":{"line":37,"column":76},"end":{"line":40,"column":3}}},"5":{"name":"(anonymous_9)","decl":{"start":{"line":44,"column":2},"end":{"line":44,"column":12}},"loc":{"start":{"line":44,"column":135},"end":{"line":46,"column":3}}},"6":{"name":"(anonymous_10)","decl":{"start":{"line":50,"column":2},"end":{"line":50,"column":9}},"loc":{"start":{"line":50,"column":48},"end":{"line":50,"column":92}}}},"branchMap":{"0":{"loc":{"start":{"line":19,"column":4},"end":{"line":19,"column":89}},"type":"if","locations":[{"start":{"line":19,"column":4},"end":{"line":19,"column":89}},{"start":{},"end":{}}]},"1":{"loc":{"start":{"line":20,"column":4},"end":{"line":20,"column":86}},"type":"if","locations":[{"start":{"line":20,"column":4},"end":{"line":20,"column":86}},{"start":{},"end":{}}]},"2":{"loc":{"start":{"line":30,"column":60},"end":{"line":30,"column":77}},"type":"binary-expr","locations":[{"start":{"line":30,"column":60},"end":{"line":30,"column":70}},{"start":{"line":30,"column":74},"end":{"line":30,"column":77}}]},"3":{"loc":{"start":{"line":39,"column":56},"end":{"line":39,"column":73}},"type":"binary-expr","locations":[{"start":{"line":39,"column":56},"end":{"line":39,"column":66}},{"start":{"line":39,"column":70},"end":{"line":39,"column":73}}]},"4":{"loc":{"start":{"line":14,"column":22},"end":{"line":14,"column":40}},"type":"cond-expr","locations":[{"start":{"line":14,"column":36},"end":{"line":14,"column":40}},{"start":{"line":14,"column":36},"end":{"line":14,"column":40}}]},"5":{"loc":{"start":{"line":14,"column":22},"end":{"line":14,"column":36}},"type":"binary-expr","locations":[{"start":{"line":14,"column":22},"end":{"line":14,"column":40}},{"start":{"line":14,"column":22},"end":{"line":14,"column":36}}]},"6":{"loc":{"start":{"line":18,"column":26},"end":{"line":18,"column":null}},"type":"cond-expr","locations":[{"start":{"line":18,"column":39},"end":{"line":18,"column":null}},{"start":{"line":18,"column":39},"end":{"line":18,"column":null}}]},"7":{"loc":{"start":{"line":18,"column":26},"end":{"line":18,"column":39}},"type":"binary-expr","locations":[{"start":{"line":18,"column":26},"end":{"line":18,"column":null}},{"start":{"line":18,"column":26},"end":{"line":18,"column":39}}]},"8":{"loc":{"start":{"line":28,"column":59},"end":{"line":28,"column":null}},"type":"cond-expr","locations":[{"start":{"line":28,"column":76},"end":{"line":28,"column":null}},{"start":{"line":28,"column":76},"end":{"line":28,"column":null}}]},"9":{"loc":{"start":{"line":28,"column":59},"end":{"line":28,"column":76}},"type":"binary-expr","locations":[{"start":{"line":28,"column":59},"end":{"line":28,"column":null}},{"start":{"line":28,"column":59},"end":{"line":28,"column":76}}]},"10":{"loc":{"start":{"line":37,"column":59},"end":{"line":37,"column":null}},"type":"cond-expr","locations":[{"start":{"line":37,"column":76},"end":{"line":37,"column":null}},{"start":{"line":37,"column":76},"end":{"line":37,"column":null}}]},"11":{"loc":{"start":{"line":37,"column":59},"end":{"line":37,"column":76}},"type":"binary-expr","locations":[{"start":{"line":37,"column":59},"end":{"line":37,"column":null}},{"start":{"line":37,"column":59},"end":{"line":37,"column":76}}]},"12":{"loc":{"start":{"line":10,"column":46},"end":{"line":10,"column":62}},"type":"cond-expr","locations":[{"start":{"line":10,"column":59},"end":{"line":10,"column":62}},{"start":{"line":10,"column":59},"end":{"line":10,"column":62}}]},"13":{"loc":{"start":{"line":10,"column":46},"end":{"line":10,"column":59}},"type":"binary-expr","locations":[{"start":{"line":10,"column":46},"end":{"line":10,"column":62}},{"start":{"line":10,"column":46},"end":{"line":10,"column":59}}]}},"s":{"0":0,"1":0,"2":0,"3":0,"4":0,"5":0,"6":0,"7":0,"8":0,"9":0,"10":0,"11":0,"12":0,"13":0,"14":0,"15":0,"16":0,"17":0,"18":0,"19":0,"20":0,"21":0,"22":0,"23":0,"24":0},"f":{"0":0,"1":0,"2":0,"3":0,"4":0,"5":0,"6":0},"b":{"0":[0,0],"1":[0,0],"2":[0,0],"3":[0,0],"4":[0,0],"5":[0,0],"6":[0,0],"7":[0,0],"8":[0,0],"9":[0,0],"10":[0,0],"11":[0,0],"12":[0,0],"13":[0,0]}}
,"/home/riegello/Dokumente/wara-mes/wara-mes/src/traces/traces.module.ts": {"path":"/home/riegello/Dokumente/wara-mes/wara-mes/src/traces/traces.module.ts","statementMap":{"0":{"start":{"line":1,"column":0},"end":{"line":1,"column":40}},"1":{"start":{"line":2,"column":0},"end":{"line":2,"column":48}},"2":{"start":{"line":3,"column":0},"end":{"line":3,"column":45}},"3":{"start":{"line":4,"column":0},"end":{"line":4,"column":49}},"4":{"start":{"line":5,"column":0},"end":{"line":5,"column":55}},"5":{"start":{"line":13,"column":7},"end":{"line":13,"column":null}},"6":{"start":{"line":13,"column":13},"end":{"line":13,"column":25}},"7":{"start":{"line":13,"column":13},"end":{"line":13,"column":null}}},"fnMap":{},"branchMap":{},"s":{"0":0,"1":0,"2":0,"3":0,"4":0,"5":0,"6":0,"7":0},"f":{},"b":{}}
,"/home/riegello/Dokumente/wara-mes/wara-mes/src/traces/traces.service.ts": {"path":"/home/riegello/Dokumente/wara-mes/wara-mes/src/traces/traces.service.ts","statementMap":{"0":{"start":{"line":1,"column":0},"end":{"line":1,"column":63}},"1":{"start":{"line":2,"column":0},"end":{"line":2,"column":51}},"2":{"start":{"line":3,"column":0},"end":{"line":3,"column":37}},"3":{"start":{"line":4,"column":0},"end":{"line":4,"column":45}},"4":{"start":{"line":8,"column":7},"end":{"line":70,"column":null}},"5":{"start":{"line":11,"column":21},"end":{"line":11,"column":33}},"6":{"start":{"line":15,"column":18},"end":{"line":22,"column":6}},"7":{"start":{"line":23,"column":4},"end":{"line":23,"column":39}},"8":{"start":{"line":27,"column":4},"end":{"line":27,"column":80}},"9":{"start":{"line":31,"column":39},"end":{"line":31,"column":41}},"10":{"start":{"line":32,"column":4},"end":{"line":32,"column":62}},"11":{"start":{"line":32,"column":26},"end":{"line":32,"column":62}},"12":{"start":{"line":33,"column":4},"end":{"line":33,"column":56}},"13":{"start":{"line":33,"column":24},"end":{"line":33,"column":56}},"14":{"start":{"line":34,"column":4},"end":{"line":34,"column":74}},"15":{"start":{"line":34,"column":30},"end":{"line":34,"column":74}},"16":{"start":{"line":36,"column":13},"end":{"line":36,"column":69}},"17":{"start":{"line":38,"column":4},"end":{"line":40,"column":5}},"18":{"start":{"line":39,"column":6},"end":{"line":39,"column":98}},"19":{"start":{"line":41,"column":4},"end":{"line":43,"column":5}},"20":{"start":{"line":42,"column":6},"end":{"line":42,"column":98}},"21":{"start":{"line":45,"column":4},"end":{"line":45,"column":73}},"22":{"start":{"line":49,"column":18},"end":{"line":49,"column":66}},"23":{"start":{"line":50,"column":4},"end":{"line":50,"column":63}},"24":{"start":{"line":50,"column":16},"end":{"line":50,"column":63}},"25":{"start":{"line":51,"column":4},"end":{"line":51,"column":17}},"26":{"start":{"line":55,"column":4},"end":{"line":55,"column":103}},"27":{"start":{"line":59,"column":4},"end":{"line":59,"column":104}},"28":{"start":{"line":63,"column":4},"end":{"line":63,"column":113}},"29":{"start":{"line":67,"column":21},"end":{"line":67,"column":69}},"30":{"start":{"line":67,"column":41},"end":{"line":67,"column":68}},"31":{"start":{"line":68,"column":4},"end":{"line":68,"column":42}},"32":{"start":{"line":8,"column":13},"end":{"line":8,"column":26}},"33":{"start":{"line":8,"column":13},"end":{"line":70,"column":null}}},"fnMap":{"0":{"name":"(anonymous_4)","decl":{"start":{"line":9,"column":2},"end":{"line":9,"column":null}},"loc":{"start":{"line":11,"column":56},"end":{"line":12,"column":6}}},"1":{"name":"(anonymous_5)","decl":{"start":{"line":14,"column":2},"end":{"line":14,"column":7}},"loc":{"start":{"line":14,"column":34},"end":{"line":24,"column":3}}},"2":{"name":"(anonymous_6)","decl":{"start":{"line":26,"column":2},"end":{"line":26,"column":7}},"loc":{"start":{"line":26,"column":15},"end":{"line":28,"column":3}}},"3":{"name":"(anonymous_7)","decl":{"start":{"line":30,"column":2},"end":{"line":30,"column":7}},"loc":{"start":{"line":30,"column":47},"end":{"line":46,"column":3}}},"4":{"name":"(anonymous_8)","decl":{"start":{"line":48,"column":2},"end":{"line":48,"column":7}},"loc":{"start":{"line":48,"column":26},"end":{"line":52,"column":3}}},"5":{"name":"(anonymous_9)","decl":{"start":{"line":54,"column":2},"end":{"line":54,"column":7}},"loc":{"start":{"line":54,"column":50},"end":{"line":56,"column":3}}},"6":{"name":"(anonymous_10)","decl":{"start":{"line":58,"column":2},"end":{"line":58,"column":7}},"loc":{"start":{"line":58,"column":52},"end":{"line":60,"column":3}}},"7":{"name":"(anonymous_11)","decl":{"start":{"line":62,"column":2},"end":{"line":62,"column":7}},"loc":{"start":{"line":62,"column":113},"end":{"line":64,"column":3}}},"8":{"name":"(anonymous_12)","decl":{"start":{"line":66,"column":2},"end":{"line":66,"column":7}},"loc":{"start":{"line":66,"column":43},"end":{"line":69,"column":3}}},"9":{"name":"(anonymous_13)","decl":{"start":{"line":67,"column":32},"end":{"line":67,"column":33}},"loc":{"start":{"line":67,"column":41},"end":{"line":67,"column":68}}}},"branchMap":{"0":{"loc":{"start":{"line":32,"column":4},"end":{"line":32,"column":62}},"type":"if","locations":[{"start":{"line":32,"column":4},"end":{"line":32,"column":62}},{"start":{},"end":{}}]},"1":{"loc":{"start":{"line":33,"column":4},"end":{"line":33,"column":56}},"type":"if","locations":[{"start":{"line":33,"column":4},"end":{"line":33,"column":56}},{"start":{},"end":{}}]},"2":{"loc":{"start":{"line":34,"column":4},"end":{"line":34,"column":74}},"type":"if","locations":[{"start":{"line":34,"column":4},"end":{"line":34,"column":74}},{"start":{},"end":{}}]},"3":{"loc":{"start":{"line":38,"column":4},"end":{"line":40,"column":5}},"type":"if","locations":[{"start":{"line":38,"column":4},"end":{"line":40,"column":5}},{"start":{},"end":{}}]},"4":{"loc":{"start":{"line":41,"column":4},"end":{"line":43,"column":5}},"type":"if","locations":[{"start":{"line":41,"column":4},"end":{"line":43,"column":5}},{"start":{},"end":{}}]},"5":{"loc":{"start":{"line":50,"column":4},"end":{"line":50,"column":63}},"type":"if","locations":[{"start":{"line":50,"column":4},"end":{"line":50,"column":63}},{"start":{},"end":{}}]},"6":{"loc":{"start":{"line":54,"column":40},"end":{"line":54,"column":50}},"type":"default-arg","locations":[{"start":{"line":54,"column":47},"end":{"line":54,"column":50}}]},"7":{"loc":{"start":{"line":58,"column":42},"end":{"line":58,"column":52}},"type":"default-arg","locations":[{"start":{"line":58,"column":49},"end":{"line":58,"column":52}}]},"8":{"loc":{"start":{"line":62,"column":103},"end":{"line":62,"column":113}},"type":"default-arg","locations":[{"start":{"line":62,"column":110},"end":{"line":62,"column":113}}]},"9":{"loc":{"start":{"line":11,"column":33},"end":{"line":11,"column":56}},"type":"cond-expr","locations":[{"start":{"line":11,"column":43},"end":{"line":11,"column":56}},{"start":{"line":11,"column":43},"end":{"line":11,"column":56}}]},"10":{"loc":{"start":{"line":11,"column":33},"end":{"line":11,"column":43}},"type":"binary-expr","locations":[{"start":{"line":11,"column":33},"end":{"line":11,"column":56}},{"start":{"line":11,"column":33},"end":{"line":11,"column":43}}]}},"s":{"0":1,"1":1,"2":1,"3":1,"4":1,"5":15,"6":1,"7":1,"8":1,"9":1,"10":1,"11":1,"12":1,"13":1,"14":1,"15":1,"16":1,"17":1,"18":1,"19":1,"20":1,"21":1,"22":2,"23":2,"24":1,"25":1,"26":2,"27":1,"28":5,"29":1,"30":2,"31":1,"32":1,"33":1},"f":{"0":15,"1":1,"2":1,"3":1,"4":2,"5":2,"6":1,"7":5,"8":1,"9":2},"b":{"0":[1,0],"1":[1,0],"2":[1,0],"3":[1,0],"4":[1,0],"5":[1,1],"6":[1],"7":[1],"8":[5],"9":[1,0],"10":[1,1]}}
,"/home/riegello/Dokumente/wara-mes/wara-mes/src/users/user.entity.ts": {"path":"/home/riegello/Dokumente/wara-mes/wara-mes/src/users/user.entity.ts","statementMap":{"0":{"start":{"line":1,"column":0},"end":{"line":1,"column":101}},"1":{"start":{"line":3,"column":0},"end":{"line":3,"column":null}},"2":{"start":{"line":4,"column":2},"end":{"line":4,"column":null}},"3":{"start":{"line":5,"column":2},"end":{"line":5,"column":null}},"4":{"start":{"line":6,"column":2},"end":{"line":6,"column":null}},"5":{"start":{"line":10,"column":7},"end":{"line":28,"column":null}},"6":{"start":{"line":10,"column":13},"end":{"line":10,"column":23}},"7":{"start":{"line":12,"column":2},"end":{"line":12,"column":null}},"8":{"start":{"line":15,"column":2},"end":{"line":15,"column":null}},"9":{"start":{"line":18,"column":2},"end":{"line":18,"column":null}},"10":{"start":{"line":21,"column":2},"end":{"line":21,"column":null}},"11":{"start":{"line":24,"column":2},"end":{"line":24,"column":null}},"12":{"start":{"line":27,"column":2},"end":{"line":27,"column":null}},"13":{"start":{"line":10,"column":13},"end":{"line":28,"column":null}}},"fnMap":{"0":{"name":"(anonymous_2)","decl":{"start":{"line":3,"column":0},"end":{"line":3,"column":12}},"loc":{"start":{"line":3,"column":24},"end":{"line":7,"column":1}}}},"branchMap":{"0":{"loc":{"start":{"line":3,"column":12},"end":{"line":3,"column":null}},"type":"binary-expr","locations":[{"start":{"line":3,"column":12},"end":{"line":3,"column":24}},{"start":{"line":3,"column":24},"end":{"line":3,"column":null}}]},"1":{"loc":{"start":{"line":24,"column":14},"end":{"line":24,"column":19}},"type":"cond-expr","locations":[{"start":{"line":24,"column":18},"end":{"line":24,"column":19}},{"start":{"line":24,"column":18},"end":{"line":24,"column":19}}]},"2":{"loc":{"start":{"line":24,"column":14},"end":{"line":24,"column":18}},"type":"binary-expr","locations":[{"start":{"line":24,"column":14},"end":{"line":24,"column":19}},{"start":{"line":24,"column":14},"end":{"line":24,"column":18}}]},"3":{"loc":{"start":{"line":27,"column":14},"end":{"line":27,"column":19}},"type":"cond-expr","locations":[{"start":{"line":27,"column":18},"end":{"line":27,"column":19}},{"start":{"line":27,"column":18},"end":{"line":27,"column":19}}]},"4":{"loc":{"start":{"line":27,"column":14},"end":{"line":27,"column":18}},"type":"binary-expr","locations":[{"start":{"line":27,"column":14},"end":{"line":27,"column":19}},{"start":{"line":27,"column":14},"end":{"line":27,"column":18}}]}},"s":{"0":1,"1":1,"2":1,"3":1,"4":1,"5":1,"6":1,"7":1,"8":1,"9":1,"10":1,"11":1,"12":1,"13":1},"f":{"0":1},"b":{"0":[1,1],"1":[1,0],"2":[1,1],"3":[1,0],"4":[1,1]}}
}
