TN:
SF:src/app.controller.ts
FN:6,(anonymous_2)
FNF:1
FNH:0
FNDA:0,(anonymous_2)
DA:1,0
DA:2,0
DA:5,0
DA:6,0
LF:4
LH:0
BRDA:6,0,0,0
BRDA:6,0,1,0
BRDA:6,1,0,0
BRDA:6,1,1,0
BRF:4
BRH:0
end_of_record
TN:
SF:src/app.module.ts
FNF:0
FNH:0
DA:1,0
DA:2,0
DA:3,0
DA:4,0
DA:5,0
DA:6,0
DA:7,0
DA:8,0
DA:9,0
DA:10,0
DA:11,0
DA:12,0
DA:13,0
DA:14,0
DA:15,0
DA:16,0
DA:17,0
DA:18,0
DA:50,0
LF:19
LH:0
BRDA:26,0,0,0
BRDA:26,0,1,0
BRDA:27,1,0,0
BRDA:27,1,1,0
BRDA:28,2,0,0
BRDA:28,2,1,0
BRDA:30,3,0,0
BRDA:30,3,1,0
BRF:8
BRH:0
end_of_record
TN:
SF:src/app.service.ts
FN:5,(anonymous_1)
FNF:1
FNH:1
FNDA:5,(anonymous_1)
DA:1,1
DA:4,1
DA:6,5
LF:3
LH:3
BRF:0
BRH:0
end_of_record
TN:
SF:src/main.ts
FN:12,bootstrap
FN:24,(anonymous_11)
FN:37,(anonymous_12)
FN:46,(anonymous_13)
FNF:4
FNH:0
FNDA:0,bootstrap
FNDA:0,(anonymous_11)
FNDA:0,(anonymous_12)
FNDA:0,(anonymous_13)
DA:1,0
DA:2,0
DA:3,0
DA:4,0
DA:5,0
DA:6,0
DA:7,0
DA:8,0
DA:9,0
DA:10,0
DA:13,0
DA:14,0
DA:16,0
DA:17,0
DA:18,0
DA:19,0
DA:20,0
DA:21,0
DA:22,0
DA:24,0
DA:25,0
DA:26,0
DA:27,0
DA:28,0
DA:31,0
DA:33,0
DA:35,0
DA:36,0
DA:37,0
DA:38,0
DA:39,0
DA:41,0
DA:44,0
DA:46,0
DA:47,0
DA:48,0
DA:49,0
DA:50,0
DA:53,0
DA:54,0
DA:56,0
DA:57,0
DA:58,0
DA:61,0
LF:44
LH:0
BRDA:18,0,0,0
BRDA:18,0,1,0
BRDA:38,1,0,0
BRDA:38,1,1,0
BRDA:38,2,0,0
BRDA:38,2,1,0
BRDA:38,2,2,0
BRDA:38,2,3,0
BRDA:44,3,0,0
BRDA:44,3,1,0
BRF:10
BRH:0
end_of_record
TN:
SF:src/swagger.ts
FN:3,createDocument
FNF:1
FNH:0
FNDA:0,createDocument
DA:1,0
DA:3,0
DA:4,0
DA:23,0
DA:24,0
DA:26,0
LF:6
LH:0
BRF:0
BRH:0
end_of_record
TN:
SF:src/alarms/alarm.dto.ts
FN:7,(anonymous_2)
FN:34,(anonymous_3)
FNF:2
FNH:0
FNDA:0,(anonymous_2)
FNDA:0,(anonymous_3)
DA:1,0
DA:2,0
DA:3,0
DA:6,0
DA:7,0
DA:9,0
DA:13,0
DA:17,0
DA:21,0
DA:24,0
DA:27,0
DA:31,0
DA:34,0
DA:36,0
LF:14
LH:0
BRDA:7,0,0,0
BRDA:7,0,1,0
BRDA:36,1,0,0
BRDA:36,1,1,0
BRDA:36,2,0,0
BRDA:36,2,1,0
BRF:6
BRH:0
end_of_record
TN:
SF:src/alarms/alarm.entity.ts
FNF:0
FNH:0
DA:1,1
DA:6,1
DA:8,1
DA:11,1
DA:14,1
DA:17,1
DA:20,1
DA:23,1
DA:26,1
DA:29,1
DA:32,1
LF:11
LH:11
BRDA:23,0,0,1
BRDA:23,0,1,0
BRDA:23,1,0,1
BRDA:23,1,1,1
BRDA:29,2,0,1
BRDA:29,2,1,0
BRDA:29,3,0,1
BRDA:29,3,1,1
BRDA:32,4,0,1
BRDA:32,4,1,0
BRDA:32,5,0,1
BRDA:32,5,1,1
BRF:12
BRH:9
end_of_record
TN:
SF:src/alarms/alarms.controller.ts
FN:11,(anonymous_4)
FN:15,(anonymous_5)
FN:19,(anonymous_6)
FN:33,(anonymous_7)
FN:38,(anonymous_8)
FN:42,(anonymous_9)
FN:46,(anonymous_10)
FN:56,(anonymous_11)
FN:60,(anonymous_12)
FN:65,(anonymous_13)
FN:69,(anonymous_14)
FNF:11
FNH:0
FNDA:0,(anonymous_4)
FNDA:0,(anonymous_5)
FNDA:0,(anonymous_6)
FNDA:0,(anonymous_7)
FNDA:0,(anonymous_8)
FNDA:0,(anonymous_9)
FNDA:0,(anonymous_10)
FNDA:0,(anonymous_11)
FNDA:0,(anonymous_12)
FNDA:0,(anonymous_13)
FNDA:0,(anonymous_14)
DA:2,0
DA:3,0
DA:4,0
DA:5,0
DA:6,0
DA:10,0
DA:11,0
DA:15,0
DA:19,0
DA:24,0
DA:33,0
DA:38,0
DA:42,0
DA:46,0
DA:47,0
DA:56,0
DA:60,0
DA:65,0
DA:69,0
LF:19
LH:0
BRDA:25,0,0,0
BRDA:25,0,1,0
BRDA:26,1,0,0
BRDA:26,1,1,0
BRDA:27,2,0,0
BRDA:27,2,1,0
BRDA:48,3,0,0
BRDA:48,3,1,0
BRDA:49,4,0,0
BRDA:49,4,1,0
BRDA:50,5,0,0
BRDA:50,5,1,0
BRDA:15,6,0,0
BRDA:15,6,1,0
BRDA:15,7,0,0
BRDA:15,7,1,0
BRDA:60,8,0,0
BRDA:60,8,1,0
BRDA:60,9,0,0
BRDA:60,9,1,0
BRDA:11,10,0,0
BRDA:11,10,1,0
BRDA:11,11,0,0
BRDA:11,11,1,0
BRF:24
BRH:0
end_of_record
TN:
SF:src/alarms/alarms.module.ts
FNF:0
FNH:0
DA:1,0
DA:2,0
DA:3,0
DA:4,0
DA:5,0
DA:13,0
LF:6
LH:0
BRF:0
BRH:0
end_of_record
TN:
SF:src/alarms/alarms.service.ts
FN:15,(anonymous_4)
FN:20,(anonymous_5)
FN:30,(anonymous_6)
FN:41,(anonymous_7)
FN:47,(anonymous_8)
FN:54,(anonymous_9)
FN:61,(anonymous_10)
FN:66,(anonymous_11)
FN:85,(anonymous_12)
FN:100,(anonymous_13)
FN:103,(anonymous_14)
FN:113,(anonymous_15)
FN:116,(anonymous_16)
FNF:13
FNH:11
FNDA:16,(anonymous_4)
FNDA:4,(anonymous_5)
FNDA:5,(anonymous_6)
FNDA:4,(anonymous_7)
FNDA:1,(anonymous_8)
FNDA:1,(anonymous_9)
FNDA:1,(anonymous_10)
FNDA:0,(anonymous_11)
FNDA:0,(anonymous_12)
FNDA:1,(anonymous_13)
FNDA:1,(anonymous_14)
FNDA:1,(anonymous_15)
FNDA:1,(anonymous_16)
DA:1,1
DA:2,1
DA:3,1
DA:4,1
DA:14,1
DA:17,16
DA:21,4
DA:27,4
DA:31,5
DA:32,5
DA:33,5
DA:34,5
DA:35,5
DA:42,4
DA:43,4
DA:44,3
DA:48,1
DA:49,1
DA:50,1
DA:51,1
DA:55,1
DA:56,1
DA:57,1
DA:58,1
DA:62,1
DA:63,1
DA:67,0
DA:68,0
DA:69,0
DA:70,0
DA:71,0
DA:72,0
DA:73,0
DA:74,0
DA:75,0
DA:76,0
DA:77,0
DA:79,0
DA:82,0
DA:86,0
DA:87,0
DA:88,0
DA:89,0
DA:90,0
DA:91,0
DA:92,0
DA:94,0
DA:97,0
DA:101,1
DA:102,1
DA:103,1
DA:113,1
DA:117,1
LF:53
LH:31
BRDA:32,0,0,1
BRDA:32,0,1,4
BRDA:33,1,0,1
BRDA:33,1,1,4
BRDA:34,2,0,1
BRDA:34,2,1,4
BRDA:43,3,0,1
BRDA:43,3,1,3
BRDA:50,4,0,0
BRDA:50,4,1,1
BRDA:63,5,0,0
BRDA:63,5,1,1
BRDA:67,6,0,0
BRDA:67,6,1,0
BRDA:73,7,0,0
BRDA:73,7,1,0
BRDA:73,8,0,0
BRDA:73,8,1,0
BRDA:86,9,0,0
BRDA:86,9,1,0
BRDA:91,10,0,0
BRDA:91,10,1,0
BRDA:91,11,0,0
BRDA:91,11,1,0
BRDA:107,12,0,1
BRDA:107,12,1,0
BRDA:108,13,0,1
BRDA:108,13,1,1
BRDA:109,14,0,0
BRDA:109,14,1,1
BRDA:110,15,0,0
BRDA:110,15,1,1
BRDA:17,16,0,1
BRDA:17,16,1,0
BRDA:17,17,0,1
BRDA:17,17,1,1
BRF:36
BRH:18
end_of_record
TN:
SF:src/auth/auth.controller.ts
FN:13,(anonymous_4)
FN:18,(anonymous_5)
FN:28,(anonymous_6)
FNF:3
FNH:0
FNDA:0,(anonymous_4)
FNDA:0,(anonymous_5)
FNDA:0,(anonymous_6)
DA:2,0
DA:3,0
DA:4,0
DA:5,0
DA:6,0
DA:7,0
DA:8,0
DA:9,0
DA:12,0
DA:13,0
DA:18,0
DA:19,0
DA:20,0
DA:21,0
DA:23,0
DA:28,0
DA:29,0
LF:17
LH:0
BRDA:20,0,0,0
BRDA:20,0,1,0
BRDA:18,1,0,0
BRDA:18,1,1,0
BRDA:18,2,0,0
BRDA:18,2,1,0
BRDA:28,3,0,0
BRDA:28,3,1,0
BRDA:28,4,0,0
BRDA:28,4,1,0
BRDA:13,5,0,0
BRDA:13,5,1,0
BRDA:13,6,0,0
BRDA:13,6,1,0
BRF:14
BRH:0
end_of_record
TN:
SF:src/auth/auth.module.ts
FN:20,(anonymous_1)
FNF:1
FNH:0
FNDA:0,(anonymous_1)
DA:1,0
DA:2,0
DA:3,0
DA:4,0
DA:5,0
DA:6,0
DA:7,0
DA:8,0
DA:9,0
DA:10,0
DA:11,0
DA:12,0
DA:20,0
DA:36,0
LF:14
LH:0
BRF:0
BRH:0
end_of_record
TN:
SF:src/auth/auth.service.ts
FN:11,(anonymous_13)
FN:17,(anonymous_14)
FN:26,(anonymous_15)
FN:33,(anonymous_16)
FNF:4
FNH:4
FNDA:5,(anonymous_13)
FNDA:2,(anonymous_14)
FNDA:1,(anonymous_15)
FNDA:2,(anonymous_16)
DA:1,1
DA:2,1
DA:3,1
DA:4,1
DA:5,1
DA:6,1
DA:10,1
DA:13,5
DA:14,5
DA:18,2
DA:19,2
DA:20,1
DA:21,1
DA:23,1
DA:27,1
DA:28,1
DA:34,2
DA:35,2
DA:36,1
DA:39,1
DA:40,1
DA:45,1
DA:46,1
LF:23
LH:23
BRDA:19,0,0,1
BRDA:19,0,1,1
BRDA:19,1,0,2
BRDA:19,1,1,2
BRDA:35,2,0,1
BRDA:35,2,1,1
BRDA:13,3,0,1
BRDA:13,3,1,0
BRDA:13,4,0,1
BRDA:13,4,1,1
BRDA:13,5,0,1
BRDA:13,5,1,0
BRDA:13,6,0,1
BRDA:13,6,1,1
BRF:14
BRH:12
end_of_record
TN:
SF:src/auth/jwt.auth.guard.ts
FN:8,(anonymous_2)
FN:12,(anonymous_3)
FNF:2
FNH:0
FNDA:0,(anonymous_2)
FNDA:0,(anonymous_3)
DA:1,0
DA:2,0
DA:3,0
DA:4,0
DA:7,0
DA:8,0
DA:9,0
DA:13,0
DA:18,0
LF:9
LH:0
BRDA:18,0,0,0
BRDA:18,0,1,0
BRDA:8,1,0,0
BRDA:8,1,1,0
BRDA:8,2,0,0
BRDA:8,2,1,0
BRF:6
BRH:0
end_of_record
TN:
SF:src/auth/jwt.strategy.ts
FN:9,(anonymous_2)
FN:17,(anonymous_3)
FNF:2
FNH:0
FNDA:0,(anonymous_2)
FNDA:0,(anonymous_3)
DA:1,0
DA:2,0
DA:3,0
DA:4,0
DA:5,0
DA:8,0
DA:10,0
DA:18,0
DA:19,0
DA:21,0
LF:10
LH:0
BRDA:18,0,0,0
BRDA:18,0,1,0
BRDA:18,1,0,0
BRDA:18,1,1,0
BRDA:18,1,2,0
BRDA:9,2,0,0
BRDA:9,2,1,0
BRDA:9,3,0,0
BRDA:9,3,1,0
BRF:9
BRH:0
end_of_record
TN:
SF:src/auth/public.decorator.ts
FN:4,(anonymous_0)
FNF:1
FNH:0
FNDA:0,(anonymous_0)
DA:1,0
DA:3,0
DA:4,0
LF:3
LH:0
BRF:0
BRH:0
end_of_record
TN:
SF:src/auth/roles.decorator.ts
FN:5,(anonymous_0)
FNF:1
FNH:0
FNDA:0,(anonymous_0)
DA:1,0
DA:4,0
DA:5,0
LF:3
LH:0
BRF:0
BRH:0
end_of_record
TN:
SF:src/auth/roles.guard.ts
FN:8,(anonymous_2)
FN:10,(anonymous_3)
FNF:2
FNH:0
FNDA:0,(anonymous_2)
FNDA:0,(anonymous_3)
DA:1,0
DA:2,0
DA:4,0
DA:7,0
DA:8,0
DA:11,0
DA:15,0
DA:17,0
DA:18,0
DA:20,0
DA:21,0
DA:24,0
LF:12
LH:0
BRDA:15,0,0,0
BRDA:15,0,1,0
BRDA:20,1,0,0
BRDA:20,1,1,0
BRDA:20,2,0,0
BRDA:20,2,1,0
BRDA:8,3,0,0
BRDA:8,3,1,0
BRDA:8,4,0,0
BRDA:8,4,1,0
BRF:10
BRH:0
end_of_record
TN:
SF:src/auth/dto/login.dto.ts
FNF:0
FNH:0
DA:1,0
DA:3,0
DA:6,0
DA:11,0
LF:4
LH:0
BRF:0
BRH:0
end_of_record
TN:
SF:src/auth/dto/register.dto.ts
FNF:0
FNH:0
DA:1,0
DA:2,0
DA:4,0
DA:7,0
DA:11,0
DA:14,0
LF:6
LH:0
BRDA:14,0,0,0
BRDA:14,0,1,0
BRDA:14,1,0,0
BRDA:14,1,1,0
BRF:4
BRH:0
end_of_record
TN:
SF:src/carriers/carrier.dto.ts
FNF:0
FNH:0
DA:1,0
DA:2,0
DA:4,0
DA:7,0
DA:10,0
DA:12,0
DA:16,0
DA:19,0
DA:22,0
LF:9
LH:0
BRDA:22,0,0,0
BRDA:22,0,1,0
BRDA:22,1,0,0
BRDA:22,1,1,0
BRF:4
BRH:0
end_of_record
TN:
SF:src/carriers/carrier.entity.ts
FN:3,(anonymous_2)
FNF:1
FNH:1
FNDA:3,(anonymous_2)
DA:1,3
DA:3,3
DA:4,3
DA:5,3
DA:6,3
DA:7,3
DA:8,3
DA:12,3
DA:14,3
DA:17,3
DA:20,3
DA:23,3
DA:26,3
DA:29,3
DA:32,3
DA:35,3
DA:38,3
LF:17
LH:17
BRDA:3,0,0,3
BRDA:3,0,1,3
BRDA:35,1,0,3
BRDA:35,1,1,0
BRDA:35,2,0,3
BRDA:35,2,1,3
BRDA:38,3,0,3
BRDA:38,3,1,0
BRDA:38,4,0,3
BRDA:38,4,1,3
BRF:10
BRH:8
end_of_record
TN:
SF:src/carriers/carriers.controller.ts
FN:10,(anonymous_4)
FN:14,(anonymous_5)
FN:18,(anonymous_6)
FN:22,(anonymous_7)
FN:26,(anonymous_8)
FN:30,(anonymous_9)
FN:34,(anonymous_10)
FNF:7
FNH:0
FNDA:0,(anonymous_4)
FNDA:0,(anonymous_5)
FNDA:0,(anonymous_6)
FNDA:0,(anonymous_7)
FNDA:0,(anonymous_8)
FNDA:0,(anonymous_9)
FNDA:0,(anonymous_10)
DA:2,0
DA:3,0
DA:4,0
DA:5,0
DA:6,0
DA:9,0
DA:10,0
DA:14,0
DA:18,0
DA:22,0
DA:26,0
DA:30,0
DA:34,0
LF:13
LH:0
BRDA:22,0,0,0
BRDA:22,0,1,0
BRDA:22,1,0,0
BRDA:22,1,1,0
BRDA:26,2,0,0
BRDA:26,2,1,0
BRDA:26,3,0,0
BRDA:26,3,1,0
BRDA:30,4,0,0
BRDA:30,4,1,0
BRDA:30,5,0,0
BRDA:30,5,1,0
BRDA:10,6,0,0
BRDA:10,6,1,0
BRDA:10,7,0,0
BRDA:10,7,1,0
BRF:16
BRH:0
end_of_record
TN:
SF:src/carriers/carriers.module.ts
FNF:0
FNH:0
DA:1,0
DA:2,0
DA:3,0
DA:4,0
DA:5,0
DA:13,0
LF:6
LH:0
BRF:0
BRH:0
end_of_record
TN:
SF:src/carriers/carriers.service.ts
FN:9,(anonymous_4)
FN:11,(anonymous_5)
FN:18,(anonymous_6)
FN:22,(anonymous_7)
FN:28,(anonymous_8)
FN:37,(anonymous_9)
FN:43,(anonymous_10)
FNF:7
FNH:7
FNDA:11,(anonymous_4)
FNDA:2,(anonymous_5)
FNDA:1,(anonymous_6)
FNDA:7,(anonymous_7)
FNDA:2,(anonymous_8)
FNDA:1,(anonymous_9)
FNDA:2,(anonymous_10)
DA:1,1
DA:2,1
DA:3,1
DA:5,1
DA:8,1
DA:9,11
DA:12,2
DA:13,1
DA:15,1
DA:19,1
DA:23,7
DA:24,7
DA:25,6
DA:29,2
DA:30,2
DA:31,2
DA:32,2
DA:33,2
DA:34,2
DA:38,1
DA:39,1
DA:40,1
DA:44,2
DA:45,2
DA:46,1
LF:25
LH:25
BRDA:12,0,0,1
BRDA:12,0,1,1
BRDA:24,1,0,1
BRDA:24,1,1,6
BRDA:45,2,0,1
BRDA:45,2,1,1
BRDA:9,3,0,1
BRDA:9,3,1,0
BRDA:9,4,0,1
BRDA:9,4,1,1
BRF:10
BRH:9
end_of_record
TN:
SF:src/config/database.config.ts
FNF:0
FNH:0
DA:2,0
DA:4,0
LF:2
LH:0
BRDA:6,0,0,0
BRDA:6,0,1,0
BRDA:7,1,0,0
BRDA:7,1,1,0
BRDA:8,2,0,0
BRDA:8,2,1,0
BRDA:10,3,0,0
BRDA:10,3,1,0
BRF:8
BRH:0
end_of_record
TN:
SF:src/dashboard/dashboard.controller.ts
FN:9,(anonymous_4)
FN:13,(anonymous_5)
FN:19,(anonymous_6)
FN:25,(anonymous_7)
FN:31,(anonymous_8)
FNF:5
FNH:0
FNDA:0,(anonymous_4)
FNDA:0,(anonymous_5)
FNDA:0,(anonymous_6)
FNDA:0,(anonymous_7)
FNDA:0,(anonymous_8)
DA:2,0
DA:3,0
DA:4,0
DA:5,0
DA:8,0
DA:9,0
DA:13,0
DA:14,0
DA:19,0
DA:20,0
DA:25,0
DA:26,0
DA:31,0
DA:32,0
LF:14
LH:0
BRDA:9,0,0,0
BRDA:9,0,1,0
BRDA:9,1,0,0
BRDA:9,1,1,0
BRF:4
BRH:0
end_of_record
TN:
SF:src/dashboard/dashboard.module.ts
FNF:0
FNH:0
DA:1,0
DA:2,0
DA:3,0
DA:4,0
DA:5,0
DA:6,0
DA:7,0
DA:8,0
DA:9,0
DA:17,0
LF:10
LH:0
BRF:0
BRH:0
end_of_record
TN:
SF:src/dashboard/dashboard.service.ts
FN:14,(anonymous_4)
FN:26,(anonymous_5)
FN:35,(anonymous_6)
FN:75,(anonymous_7)
FN:79,(anonymous_8)
FN:85,(anonymous_9)
FN:92,(anonymous_10)
FN:93,(anonymous_11)
FN:98,(anonymous_12)
FN:99,(anonymous_13)
FN:105,(anonymous_14)
FN:116,(anonymous_15)
FN:125,(anonymous_16)
FN:134,(anonymous_17)
FN:139,(anonymous_18)
FN:143,(anonymous_19)
FN:148,(anonymous_20)
FN:157,(anonymous_21)
FN:168,(anonymous_22)
FN:171,(anonymous_23)
FN:177,(anonymous_24)
FN:193,(anonymous_25)
FN:200,(anonymous_26)
FN:206,(anonymous_27)
FN:222,(anonymous_28)
FN:262,(anonymous_29)
FN:272,(anonymous_30)
FN:297,(anonymous_31)
FN:306,(anonymous_32)
FN:347,(anonymous_33)
FN:364,(anonymous_34)
FN:388,(anonymous_35)
FN:396,(anonymous_36)
FN:421,(anonymous_37)
FN:435,(anonymous_38)
FN:458,(anonymous_39)
FN:465,(anonymous_40)
FN:498,(anonymous_41)
FN:498,(anonymous_42)
FN:501,(anonymous_43)
FN:510,(anonymous_44)
FN:533,(anonymous_45)
FN:548,(anonymous_46)
FN:569,(anonymous_47)
FN:580,(anonymous_48)
FN:600,(anonymous_49)
FNF:46
FNH:15
FNDA:7,(anonymous_4)
FNDA:6,(anonymous_5)
FNDA:30,(anonymous_6)
FNDA:0,(anonymous_7)
FNDA:6,(anonymous_8)
FNDA:6,(anonymous_9)
FNDA:30,(anonymous_10)
FNDA:0,(anonymous_11)
FNDA:12,(anonymous_12)
FNDA:60,(anonymous_13)
FNDA:6,(anonymous_14)
FNDA:6,(anonymous_15)
FNDA:5,(anonymous_16)
FNDA:6,(anonymous_17)
FNDA:30,(anonymous_18)
FNDA:42,(anonymous_19)
FNDA:24,(anonymous_20)
FNDA:0,(anonymous_21)
FNDA:0,(anonymous_22)
FNDA:0,(anonymous_23)
FNDA:0,(anonymous_24)
FNDA:0,(anonymous_25)
FNDA:0,(anonymous_26)
FNDA:0,(anonymous_27)
FNDA:0,(anonymous_28)
FNDA:0,(anonymous_29)
FNDA:0,(anonymous_30)
FNDA:0,(anonymous_31)
FNDA:0,(anonymous_32)
FNDA:0,(anonymous_33)
FNDA:0,(anonymous_34)
FNDA:0,(anonymous_35)
FNDA:0,(anonymous_36)
FNDA:0,(anonymous_37)
FNDA:0,(anonymous_38)
FNDA:0,(anonymous_39)
FNDA:0,(anonymous_40)
FNDA:0,(anonymous_41)
FNDA:0,(anonymous_42)
FNDA:0,(anonymous_43)
FNDA:0,(anonymous_44)
FNDA:0,(anonymous_45)
FNDA:0,(anonymous_46)
FNDA:0,(anonymous_47)
FNDA:0,(anonymous_48)
FNDA:0,(anonymous_49)
DA:1,1
DA:2,1
DA:3,1
DA:4,1
DA:5,1
DA:6,1
DA:7,1
DA:8,1
DA:13,1
DA:16,7
DA:18,7
DA:20,7
DA:22,7
DA:23,7
DA:27,6
DA:28,6
DA:35,30
DA:36,6
DA:37,6
DA:38,6
DA:39,6
DA:40,6
DA:41,6
DA:42,6
DA:43,6
DA:44,6
DA:45,6
DA:46,6
DA:48,6
DA:76,0
DA:80,6
DA:81,6
DA:82,6
DA:86,6
DA:92,6
DA:93,30
DA:94,30
DA:99,12
DA:100,60
DA:101,60
DA:106,6
DA:117,6
DA:126,5
DA:135,6
DA:136,6
DA:140,30
DA:144,42
DA:145,42
DA:149,24
DA:150,24
DA:152,0
DA:153,0
DA:158,0
DA:159,0
DA:161,0
DA:169,0
DA:170,0
DA:171,0
DA:172,0
DA:174,0
DA:178,0
DA:179,0
DA:181,0
DA:194,0
DA:195,0
DA:196,0
DA:197,0
DA:201,0
DA:202,0
DA:203,0
DA:207,0
DA:223,0
DA:224,0
DA:226,0
DA:227,0
DA:229,0
DA:230,0
DA:231,0
DA:233,0
DA:234,0
DA:235,0
DA:238,0
DA:251,0
DA:256,0
DA:262,0
DA:273,0
DA:274,0
DA:276,0
DA:288,0
DA:293,0
DA:297,0
DA:307,0
DA:308,0
DA:310,0
DA:320,0
DA:331,0
DA:336,0
DA:337,0
DA:339,0
DA:340,0
DA:342,0
DA:343,0
DA:344,0
DA:345,0
DA:347,0
DA:348,0
DA:349,0
DA:350,0
DA:351,0
DA:352,0
DA:353,0
DA:361,0
DA:365,0
DA:366,0
DA:368,0
DA:379,0
DA:384,0
DA:388,0
DA:397,0
DA:398,0
DA:400,0
DA:412,0
DA:417,0
DA:422,0
DA:423,0
DA:424,0
DA:436,0
DA:437,0
DA:439,0
DA:449,0
DA:454,0
DA:458,0
DA:466,0
DA:467,0
DA:469,0
DA:470,0
DA:472,0
DA:473,0
DA:474,0
DA:477,0
DA:488,0
DA:493,0
DA:494,0
DA:496,0
DA:498,0
DA:499,0
DA:500,0
DA:501,0
DA:502,0
DA:504,0
DA:507,0
DA:511,0
DA:512,0
DA:514,0
DA:528,0
DA:533,0
DA:535,0
DA:536,0
DA:537,0
DA:538,0
DA:545,0
DA:549,0
DA:556,0
DA:557,0
DA:558,0
DA:559,0
DA:562,0
DA:564,0
DA:569,0
DA:581,0
DA:592,0
DA:593,0
DA:594,0
DA:597,0
DA:601,0
LF:175
LH:49
BRDA:37,0,0,6
BRDA:37,0,1,0
BRDA:38,1,0,0
BRDA:38,1,1,6
BRDA:39,2,0,6
BRDA:39,2,1,0
BRDA:40,3,0,6
BRDA:40,3,1,0
BRDA:41,4,0,6
BRDA:41,4,1,0
BRDA:42,5,0,6
BRDA:42,5,1,0
BRDA:43,6,0,6
BRDA:43,6,1,0
BRDA:45,7,0,6
BRDA:45,7,1,0
BRDA:58,8,0,6
BRDA:58,8,1,0
BRDA:66,9,0,6
BRDA:66,9,1,0
BRDA:70,10,0,6
BRDA:70,10,1,0
BRDA:80,11,0,1
BRDA:80,11,1,5
BRDA:80,12,0,6
BRDA:80,12,1,1
BRDA:81,13,0,1
BRDA:81,13,1,5
BRDA:81,14,0,6
BRDA:81,14,1,1
BRDA:82,15,0,6
BRDA:82,15,1,0
BRDA:93,16,0,30
BRDA:93,16,1,30
BRDA:136,17,0,6
BRDA:136,17,1,5
BRDA:152,18,0,0
BRDA:152,18,1,0
BRDA:159,19,0,0
BRDA:159,19,1,0
BRDA:171,20,0,0
BRDA:171,20,1,0
BRDA:178,21,0,0
BRDA:178,21,1,0
BRDA:185,22,0,0
BRDA:185,22,1,0
BRDA:186,23,0,0
BRDA:186,23,1,0
BRDA:187,24,0,0
BRDA:187,24,1,0
BRDA:195,25,0,0
BRDA:195,25,1,0
BRDA:196,26,0,0
BRDA:196,26,1,0
BRDA:201,27,0,0
BRDA:201,27,1,0
BRDA:202,28,0,0
BRDA:202,28,1,0
BRDA:224,29,0,0
BRDA:224,29,1,0
BRDA:229,30,0,0
BRDA:229,30,1,0
BRDA:233,31,0,0
BRDA:233,31,1,0
BRDA:258,32,0,0
BRDA:258,32,1,0
BRDA:259,33,0,0
BRDA:259,33,1,0
BRDA:264,34,0,0
BRDA:264,34,1,0
BRDA:265,35,0,0
BRDA:265,35,1,0
BRDA:266,36,0,0
BRDA:266,36,1,0
BRDA:267,37,0,0
BRDA:267,37,1,0
BRDA:274,38,0,0
BRDA:274,38,1,0
BRDA:299,39,0,0
BRDA:299,39,1,0
BRDA:300,40,0,0
BRDA:300,40,1,0
BRDA:301,41,0,0
BRDA:301,41,1,0
BRDA:308,42,0,0
BRDA:308,42,1,0
BRDA:337,43,0,0
BRDA:337,43,1,0
BRDA:340,44,0,0
BRDA:340,44,1,0
BRDA:340,45,0,0
BRDA:340,45,1,0
BRDA:345,46,0,0
BRDA:345,46,1,0
BRDA:345,47,0,0
BRDA:345,47,1,0
BRDA:348,48,0,0
BRDA:348,48,1,0
BRDA:349,49,0,0
BRDA:349,49,1,0
BRDA:350,50,0,0
BRDA:350,50,1,0
BRDA:352,51,0,0
BRDA:352,51,1,0
BRDA:366,52,0,0
BRDA:366,52,1,0
BRDA:390,53,0,0
BRDA:390,53,1,0
BRDA:391,54,0,0
BRDA:391,54,1,0
BRDA:398,55,0,0
BRDA:398,55,1,0
BRDA:422,56,0,0
BRDA:422,56,1,0
BRDA:423,57,0,0
BRDA:423,57,1,0
BRDA:429,58,0,0
BRDA:429,58,1,0
BRDA:437,59,0,0
BRDA:437,59,1,0
BRDA:460,60,0,0
BRDA:460,60,1,0
BRDA:467,61,0,0
BRDA:467,61,1,0
BRDA:472,62,0,0
BRDA:472,62,1,0
BRDA:501,63,0,0
BRDA:501,63,1,0
BRDA:502,64,0,0
BRDA:502,64,1,0
BRDA:502,65,0,0
BRDA:502,65,1,0
BRDA:512,66,0,0
BRDA:512,66,1,0
BRDA:537,67,0,0
BRDA:537,67,1,0
BRDA:540,68,0,0
BRDA:540,68,1,0
BRDA:541,69,0,0
BRDA:541,69,1,0
BRDA:557,70,0,0
BRDA:557,70,1,0
BRDA:572,71,0,0
BRDA:572,71,1,0
BRDA:573,72,0,0
BRDA:573,72,1,0
BRDA:574,73,0,0
BRDA:574,73,1,0
BRDA:574,74,0,0
BRDA:574,74,1,0
BRDA:575,75,0,0
BRDA:575,75,1,0
BRDA:575,76,0,0
BRDA:575,76,1,0
BRDA:594,77,0,0
BRDA:594,77,1,0
BRDA:594,78,0,0
BRDA:594,78,1,0
BRDA:16,79,0,1
BRDA:16,79,1,0
BRDA:16,80,0,1
BRDA:16,80,1,1
BRDA:16,81,0,1
BRDA:16,81,1,0
BRDA:16,82,0,1
BRDA:16,82,1,1
BRDA:18,83,0,1
BRDA:18,83,1,0
BRDA:18,84,0,1
BRDA:18,84,1,1
BRDA:20,85,0,1
BRDA:20,85,1,0
BRDA:20,86,0,1
BRDA:20,86,1,1
BRDA:22,87,0,1
BRDA:22,87,1,0
BRDA:22,88,0,1
BRDA:22,88,1,1
BRF:178
BRH:39
end_of_record
TN:
SF:src/dashboard/timescale-aggregate.service.ts
FN:9,(anonymous_4)
FN:16,(anonymous_5)
FN:62,(anonymous_6)
FN:84,(anonymous_7)
FN:103,(anonymous_8)
FN:110,(anonymous_9)
FN:116,(anonymous_10)
FNF:7
FNH:0
FNDA:0,(anonymous_4)
FNDA:0,(anonymous_5)
FNDA:0,(anonymous_6)
FNDA:0,(anonymous_7)
FNDA:0,(anonymous_8)
FNDA:0,(anonymous_9)
FNDA:0,(anonymous_10)
DA:1,1
DA:2,1
DA:3,1
DA:4,1
DA:5,1
DA:8,1
DA:11,0
DA:13,0
DA:17,0
DA:19,0
DA:20,0
DA:23,0
DA:25,0
DA:50,0
DA:52,0
DA:53,0
DA:56,0
DA:59,0
DA:63,0
DA:64,0
DA:73,0
DA:79,0
DA:80,0
DA:85,0
DA:87,0
DA:97,0
DA:99,0
DA:103,0
DA:111,0
DA:112,0
DA:113,0
DA:117,0
DA:118,0
DA:128,0
LF:34
LH:6
BRDA:74,0,0,0
BRDA:74,0,1,0
BRDA:75,1,0,0
BRDA:75,1,1,0
BRDA:76,2,0,0
BRDA:76,2,1,0
BRDA:79,3,0,0
BRDA:79,3,1,0
BRDA:79,4,0,0
BRDA:79,4,1,0
BRDA:105,5,0,0
BRDA:105,5,1,0
BRDA:111,6,0,0
BRDA:111,6,1,0
BRDA:111,7,0,0
BRDA:111,7,1,0
BRDA:112,8,0,0
BRDA:112,8,1,0
BRDA:112,9,0,0
BRDA:112,9,1,0
BRDA:113,10,0,0
BRDA:113,10,1,0
BRDA:128,11,0,0
BRDA:128,11,1,0
BRDA:11,12,0,1
BRDA:11,12,1,0
BRDA:11,13,0,1
BRDA:11,13,1,1
BRDA:11,14,0,1
BRDA:11,14,1,0
BRDA:11,15,0,1
BRDA:11,15,1,1
BRF:32
BRH:6
end_of_record
TN:
SF:src/data-collection/data-collection.controller.ts
FN:10,(anonymous_4)
FN:14,(anonymous_5)
FN:18,(anonymous_6)
FN:24,(anonymous_7)
FN:30,(anonymous_8)
FNF:5
FNH:0
FNDA:0,(anonymous_4)
FNDA:0,(anonymous_5)
FNDA:0,(anonymous_6)
FNDA:0,(anonymous_7)
FNDA:0,(anonymous_8)
DA:2,0
DA:3,0
DA:4,0
DA:5,0
DA:6,0
DA:9,0
DA:10,0
DA:14,0
DA:18,0
DA:19,0
DA:24,0
DA:25,0
DA:30,0
DA:31,0
LF:14
LH:0
BRDA:14,0,0,0
BRDA:14,0,1,0
BRDA:14,1,0,0
BRDA:14,1,1,0
BRDA:18,2,0,0
BRDA:18,2,1,0
BRDA:18,3,0,0
BRDA:18,3,1,0
BRDA:30,4,0,0
BRDA:30,4,1,0
BRDA:30,5,0,0
BRDA:30,5,1,0
BRDA:10,6,0,0
BRDA:10,6,1,0
BRDA:10,7,0,0
BRDA:10,7,1,0
BRF:16
BRH:0
end_of_record
TN:
SF:src/data-collection/data-collection.module.ts
FNF:0
FNH:0
DA:1,0
DA:2,0
DA:3,0
DA:4,0
DA:5,0
DA:13,0
LF:6
LH:0
BRF:0
BRH:0
end_of_record
TN:
SF:src/data-collection/data-collection.service.ts
FN:9,(anonymous_4)
FN:14,(anonymous_5)
FN:25,(anonymous_6)
FN:31,(anonymous_7)
FN:38,(anonymous_8)
FN:39,(anonymous_9)
FN:43,(anonymous_10)
FN:57,(anonymous_11)
FNF:8
FNH:8
FNDA:10,(anonymous_4)
FNDA:1,(anonymous_5)
FNDA:1,(anonymous_6)
FNDA:1,(anonymous_7)
FNDA:1,(anonymous_8)
FNDA:1,(anonymous_9)
FNDA:1,(anonymous_10)
FNDA:4,(anonymous_11)
DA:1,1
DA:2,1
DA:3,1
DA:4,1
DA:8,1
DA:11,10
DA:15,1
DA:22,1
DA:26,1
DA:27,1
DA:28,1
DA:32,1
DA:33,1
DA:34,1
DA:35,1
DA:39,1
DA:40,1
DA:44,1
DA:48,1
DA:50,1
DA:58,4
DA:59,4
DA:60,4
DA:61,4
DA:62,4
LF:25
LH:25
BRDA:19,0,0,1
BRDA:19,0,1,1
BRDA:20,1,0,1
BRDA:20,1,1,1
BRDA:27,2,0,0
BRDA:27,2,1,1
BRDA:34,3,0,0
BRDA:34,3,1,1
BRDA:48,4,0,0
BRDA:48,4,1,1
BRDA:60,5,0,0
BRDA:60,5,1,4
BRDA:63,6,0,4
BRDA:63,6,1,0
BRDA:64,7,0,4
BRDA:64,7,1,0
BRDA:65,8,0,4
BRDA:65,8,1,0
BRDA:66,9,0,4
BRDA:66,9,1,0
BRDA:11,10,0,1
BRDA:11,10,1,0
BRDA:11,11,0,1
BRDA:11,11,1,1
BRF:24
BRH:15
end_of_record
TN:
SF:src/data-collection/data-point.dto.ts
FN:21,(anonymous_2)
FNF:1
FNH:0
FNDA:0,(anonymous_2)
DA:1,0
DA:2,0
DA:4,0
DA:7,0
DA:11,0
DA:14,0
DA:18,0
DA:21,0
DA:23,0
DA:26,0
DA:30,0
LF:11
LH:0
BRDA:23,0,0,0
BRDA:23,0,1,0
BRDA:23,1,0,0
BRDA:23,1,1,0
BRF:4
BRH:0
end_of_record
TN:
SF:src/data-collection/data-point.entity.ts
FN:20,(anonymous_2)
FNF:1
FNH:0
FNDA:0,(anonymous_2)
DA:1,2
DA:4,2
DA:6,2
DA:9,2
DA:12,2
DA:15,2
DA:18,2
DA:20,0
DA:21,2
DA:24,2
LF:10
LH:9
BRDA:21,0,0,2
BRDA:21,0,1,0
BRDA:21,1,0,2
BRDA:21,1,1,2
BRDA:24,2,0,2
BRDA:24,2,1,0
BRDA:24,3,0,2
BRDA:24,3,1,2
BRF:8
BRH:6
end_of_record
TN:
SF:src/health/health.controller.ts
FN:9,(anonymous_2)
FN:17,(anonymous_3)
FN:18,(anonymous_4)
FN:23,(anonymous_5)
FN:24,(anonymous_6)
FNF:5
FNH:0
FNDA:0,(anonymous_2)
FNDA:0,(anonymous_3)
FNDA:0,(anonymous_4)
FNDA:0,(anonymous_5)
FNDA:0,(anonymous_6)
DA:1,0
DA:2,0
DA:3,0
DA:4,0
DA:8,0
DA:10,0
DA:11,0
DA:17,0
DA:18,0
DA:23,0
DA:24,0
DA:26,0
LF:12
LH:0
BRDA:10,0,0,0
BRDA:10,0,1,0
BRDA:10,1,0,0
BRDA:10,1,1,0
BRDA:10,2,0,0
BRDA:10,2,1,0
BRDA:10,3,0,0
BRDA:10,3,1,0
BRF:8
BRH:0
end_of_record
TN:
SF:src/health/health.module.ts
FNF:0
FNH:0
DA:1,0
DA:2,0
DA:3,0
DA:9,0
LF:4
LH:0
BRF:0
BRH:0
end_of_record
TN:
SF:src/machines/downtime.dto.ts
FN:20,(anonymous_2)
FN:25,(anonymous_3)
FNF:2
FNH:0
FNDA:0,(anonymous_2)
FNDA:0,(anonymous_3)
DA:1,0
DA:2,0
DA:3,0
DA:5,0
DA:8,0
DA:13,0
DA:17,0
DA:20,0
DA:21,0
DA:25,0
DA:26,0
DA:30,0
DA:33,0
DA:36,0
DA:39,0
DA:43,0
DA:47,0
DA:50,0
DA:53,0
DA:57,0
LF:20
LH:0
BRDA:21,0,0,0
BRDA:21,0,1,0
BRDA:21,1,0,0
BRDA:21,1,1,0
BRDA:26,2,0,0
BRDA:26,2,1,0
BRDA:26,3,0,0
BRDA:26,3,1,0
BRDA:39,4,0,0
BRDA:39,4,1,0
BRDA:39,5,0,0
BRDA:39,5,1,0
BRF:12
BRH:0
end_of_record
TN:
SF:src/machines/downtime.entity.ts
FN:3,(anonymous_2)
FNF:1
FNH:1
FNDA:1,(anonymous_2)
DA:1,1
DA:3,1
DA:4,1
DA:5,1
DA:6,1
DA:7,1
DA:8,1
DA:9,1
DA:13,1
DA:15,1
DA:18,1
DA:21,1
DA:24,1
DA:27,1
DA:30,1
DA:33,1
DA:36,1
DA:39,1
DA:42,1
LF:19
LH:19
BRDA:3,0,0,1
BRDA:3,0,1,1
BRDA:30,1,0,1
BRDA:30,1,1,0
BRDA:30,2,0,1
BRDA:30,2,1,1
BRDA:33,3,0,1
BRDA:33,3,1,0
BRDA:33,4,0,1
BRDA:33,4,1,1
BRDA:42,5,0,1
BRDA:42,5,1,0
BRDA:42,6,0,1
BRDA:42,6,1,1
BRF:14
BRH:11
end_of_record
TN:
SF:src/machines/downtime.service.ts
FN:10,(anonymous_4)
FN:17,(anonymous_5)
FN:39,(anonymous_6)
FN:68,(anonymous_7)
FN:100,(anonymous_8)
FN:109,(anonymous_9)
FN:115,(anonymous_10)
FN:120,(anonymous_11)
FN:133,(anonymous_12)
FN:134,(anonymous_13)
FN:135,(anonymous_14)
FN:145,(anonymous_15)
FN:159,(anonymous_16)
FNF:13
FNH:0
FNDA:0,(anonymous_4)
FNDA:0,(anonymous_5)
FNDA:0,(anonymous_6)
FNDA:0,(anonymous_7)
FNDA:0,(anonymous_8)
FNDA:0,(anonymous_9)
FNDA:0,(anonymous_10)
FNDA:0,(anonymous_11)
FNDA:0,(anonymous_12)
FNDA:0,(anonymous_13)
FNDA:0,(anonymous_14)
FNDA:0,(anonymous_15)
FNDA:0,(anonymous_16)
DA:1,0
DA:2,0
DA:3,0
DA:4,0
DA:5,0
DA:9,0
DA:12,0
DA:14,0
DA:18,0
DA:19,0
DA:21,0
DA:31,0
DA:32,0
DA:33,0
DA:36,0
DA:40,0
DA:41,0
DA:44,0
DA:47,0
DA:48,0
DA:52,0
DA:54,0
DA:63,0
DA:69,0
DA:70,0
DA:72,0
DA:75,0
DA:76,0
DA:79,0
DA:80,0
DA:81,0
DA:85,0
DA:86,0
DA:89,0
DA:92,0
DA:94,0
DA:101,0
DA:102,0
DA:103,0
DA:110,0
DA:111,0
DA:112,0
DA:116,0
DA:117,0
DA:126,0
DA:127,0
DA:129,0
DA:133,0
DA:134,0
DA:135,0
DA:137,0
DA:148,0
DA:159,0
LF:53
LH:0
BRDA:19,0,0,0
BRDA:19,0,1,0
BRDA:31,1,0,0
BRDA:31,1,1,0
BRDA:41,2,0,0
BRDA:41,2,1,0
BRDA:47,3,0,0
BRDA:47,3,1,0
BRDA:48,4,0,0
BRDA:48,4,1,0
BRDA:70,5,0,0
BRDA:70,5,1,0
BRDA:75,6,0,0
BRDA:75,6,1,0
BRDA:85,7,0,0
BRDA:85,7,1,0
BRDA:86,8,0,0
BRDA:86,8,1,0
BRDA:102,9,0,0
BRDA:102,9,1,0
BRDA:111,10,0,0
BRDA:111,10,1,0
BRDA:117,11,0,0
BRDA:117,11,1,0
BRDA:127,12,0,0
BRDA:127,12,1,0
BRDA:135,13,0,0
BRDA:135,13,1,0
BRDA:140,14,0,0
BRDA:140,14,1,0
BRDA:12,15,0,0
BRDA:12,15,1,0
BRDA:12,16,0,0
BRDA:12,16,1,0
BRDA:12,17,0,0
BRDA:12,17,1,0
BRDA:12,18,0,0
BRDA:12,18,1,0
BRF:38
BRH:0
end_of_record
TN:
SF:src/machines/machine.dto.ts
FN:14,(anonymous_2)
FN:57,(anonymous_3)
FNF:2
FNH:0
FNDA:0,(anonymous_2)
FNDA:0,(anonymous_3)
DA:1,0
DA:2,0
DA:3,0
DA:7,0
DA:9,0
DA:12,0
DA:14,0
DA:16,0
DA:20,0
DA:24,0
DA:28,0
DA:32,0
DA:37,0
DA:41,0
DA:45,0
DA:49,0
DA:52,0
DA:55,0
DA:57,0
DA:60,0
DA:64,0
DA:68,0
DA:72,0
DA:76,0
DA:81,0
DA:85,0
DA:89,0
DA:93,0
LF:28
LH:0
BRDA:14,0,0,0
BRDA:14,0,1,0
BRDA:57,1,0,0
BRDA:57,1,1,0
BRF:4
BRH:0
end_of_record
TN:
SF:src/machines/machine.entity.ts
FN:3,(anonymous_2)
FNF:1
FNH:1
FNDA:3,(anonymous_2)
DA:1,3
DA:3,3
DA:4,3
DA:5,3
DA:6,3
DA:7,3
DA:8,3
DA:12,3
DA:14,3
DA:17,3
DA:20,3
DA:23,3
DA:26,3
DA:29,3
DA:32,3
DA:35,3
DA:38,3
DA:41,3
DA:44,3
DA:47,3
DA:50,3
DA:53,3
DA:56,3
LF:23
LH:23
BRDA:3,0,0,3
BRDA:3,0,1,3
BRDA:47,1,0,0
BRDA:47,1,1,3
BRDA:47,2,0,3
BRDA:47,2,1,0
BRDA:50,3,0,3
BRDA:50,3,1,0
BRDA:50,4,0,3
BRDA:50,4,1,3
BRDA:53,5,0,3
BRDA:53,5,1,0
BRDA:53,6,0,3
BRDA:53,6,1,3
BRDA:56,7,0,3
BRDA:56,7,1,0
BRDA:56,8,0,3
BRDA:56,8,1,3
BRF:18
BRH:13
end_of_record
TN:
SF:src/machines/machines.controller.ts
FN:14,(anonymous_4)
FN:21,(anonymous_5)
FN:25,(anonymous_6)
FN:29,(anonymous_7)
FN:33,(anonymous_8)
FN:37,(anonymous_9)
FN:41,(anonymous_10)
FN:45,(anonymous_11)
FN:49,(anonymous_12)
FN:53,(anonymous_13)
FN:62,(anonymous_14)
FN:69,(anonymous_15)
FN:73,(anonymous_16)
FN:80,(anonymous_17)
FN:86,(anonymous_18)
FN:92,(anonymous_19)
FN:99,(anonymous_20)
FNF:17
FNH:0
FNDA:0,(anonymous_4)
FNDA:0,(anonymous_5)
FNDA:0,(anonymous_6)
FNDA:0,(anonymous_7)
FNDA:0,(anonymous_8)
FNDA:0,(anonymous_9)
FNDA:0,(anonymous_10)
FNDA:0,(anonymous_11)
FNDA:0,(anonymous_12)
FNDA:0,(anonymous_13)
FNDA:0,(anonymous_14)
FNDA:0,(anonymous_15)
FNDA:0,(anonymous_16)
FNDA:0,(anonymous_17)
FNDA:0,(anonymous_18)
FNDA:0,(anonymous_19)
FNDA:0,(anonymous_20)
DA:2,0
DA:3,0
DA:4,0
DA:5,0
DA:6,0
DA:9,0
DA:10,0
DA:13,0
DA:15,0
DA:16,0
DA:21,0
DA:25,0
DA:29,0
DA:33,0
DA:37,0
DA:41,0
DA:45,0
DA:49,0
DA:53,0
DA:54,0
DA:55,0
DA:56,0
DA:62,0
DA:63,0
DA:64,0
DA:69,0
DA:73,0
DA:76,0
DA:80,0
DA:82,0
DA:86,0
DA:87,0
DA:92,0
DA:95,0
DA:99,0
LF:35
LH:0
BRDA:63,0,0,0
BRDA:63,0,1,0
BRDA:63,1,0,0
BRDA:63,1,1,0
BRDA:21,2,0,0
BRDA:21,2,1,0
BRDA:21,3,0,0
BRDA:21,3,1,0
BRDA:37,4,0,0
BRDA:37,4,1,0
BRDA:37,5,0,0
BRDA:37,5,1,0
BRDA:69,6,0,0
BRDA:69,6,1,0
BRDA:69,7,0,0
BRDA:69,7,1,0
BRDA:75,8,0,0
BRDA:75,8,1,0
BRDA:75,9,0,0
BRDA:75,9,1,0
BRDA:15,10,0,0
BRDA:15,10,1,0
BRDA:15,11,0,0
BRDA:15,11,1,0
BRDA:15,12,0,0
BRDA:15,12,1,0
BRDA:15,13,0,0
BRDA:15,13,1,0
BRF:28
BRH:0
end_of_record
TN:
SF:src/machines/machines.module.ts
FNF:0
FNH:0
DA:1,0
DA:2,0
DA:3,0
DA:4,0
DA:5,0
DA:6,0
DA:7,0
DA:15,0
LF:8
LH:0
BRF:0
BRH:0
end_of_record
TN:
SF:src/machines/machines.service.ts
FN:9,(anonymous_4)
FN:14,(anonymous_5)
FN:31,(anonymous_6)
FN:35,(anonymous_7)
FN:41,(anonymous_8)
FN:48,(anonymous_9)
FN:53,(anonymous_10)
FN:58,(anonymous_11)
FN:62,(anonymous_12)
FN:66,(anonymous_13)
FN:70,(anonymous_14)
FN:81,(anonymous_15)
FN:82,(anonymous_16)
FN:86,(anonymous_17)
FN:95,(anonymous_18)
FNF:15
FNH:15
FNDA:9,(anonymous_4)
FNDA:1,(anonymous_5)
FNDA:1,(anonymous_6)
FNDA:3,(anonymous_7)
FNDA:1,(anonymous_8)
FNDA:1,(anonymous_9)
FNDA:1,(anonymous_10)
FNDA:1,(anonymous_11)
FNDA:1,(anonymous_12)
FNDA:1,(anonymous_13)
FNDA:1,(anonymous_14)
FNDA:1,(anonymous_15)
FNDA:3,(anonymous_16)
FNDA:10,(anonymous_17)
FNDA:12,(anonymous_18)
DA:1,1
DA:2,1
DA:3,1
DA:4,1
DA:8,1
DA:11,9
DA:15,1
DA:28,1
DA:32,1
DA:36,3
DA:37,3
DA:38,2
DA:42,1
DA:43,1
DA:44,1
DA:45,1
DA:49,1
DA:50,1
DA:54,1
DA:55,1
DA:59,1
DA:63,1
DA:67,1
DA:71,1
DA:82,3
DA:83,1
DA:85,1
DA:86,10
DA:87,1
DA:88,1
DA:90,1
DA:91,2
DA:92,2
DA:94,2
DA:95,2
DA:96,12
DA:97,12
DA:100,2
DA:101,2
DA:102,2
DA:105,1
DA:106,1
DA:107,1
DA:108,1
DA:111,1
DA:113,1
DA:114,1
DA:116,1
DA:128,1
DA:129,1
DA:132,1
DA:133,1
DA:135,1
DA:139,1
LF:54
LH:54
BRDA:25,0,0,1
BRDA:25,0,1,1
BRDA:37,1,0,1
BRDA:37,1,1,2
BRDA:44,2,0,1
BRDA:44,2,1,0
BRDA:50,3,0,1
BRDA:50,3,1,0
BRDA:83,4,0,0
BRDA:83,4,1,1
BRDA:92,5,0,0
BRDA:92,5,1,2
BRDA:97,6,0,12
BRDA:97,6,1,0
BRDA:97,7,0,12
BRDA:97,7,1,2
BRDA:102,8,0,1
BRDA:102,8,1,1
BRDA:102,9,0,2
BRDA:102,9,1,2
BRDA:106,10,0,1
BRDA:106,10,1,0
BRDA:108,11,0,0
BRDA:108,11,1,1
BRDA:113,12,0,1
BRDA:113,12,1,0
BRDA:114,13,0,1
BRDA:114,13,1,0
BRDA:119,14,0,1
BRDA:119,14,1,0
BRDA:128,15,0,1
BRDA:128,15,1,0
BRDA:135,16,0,1
BRDA:135,16,1,0
BRDA:11,17,0,1
BRDA:11,17,1,0
BRDA:11,18,0,1
BRDA:11,18,1,1
BRF:38
BRH:25
end_of_record
TN:
SF:src/materials/material-consumption.entity.ts
FNF:0
FNH:0
DA:1,1
DA:5,1
DA:7,1
DA:10,1
DA:13,1
DA:16,1
DA:19,1
DA:22,1
DA:25,1
LF:9
LH:9
BRDA:25,0,0,1
BRDA:25,0,1,0
BRDA:25,1,0,1
BRDA:25,1,1,1
BRF:4
BRH:3
end_of_record
TN:
SF:src/materials/material.dto.ts
FNF:0
FNH:0
DA:2,0
DA:3,0
DA:5,0
DA:7,0
DA:10,0
DA:13,0
DA:17,0
DA:20,0
DA:24,0
DA:28,0
DA:31,0
DA:34,0
DA:37,0
DA:39,0
DA:42,0
DA:45,0
DA:48,0
DA:51,0
LF:18
LH:0
BRDA:13,0,0,0
BRDA:13,0,1,0
BRDA:13,1,0,0
BRDA:13,1,1,0
BRF:4
BRH:0
end_of_record
TN:
SF:src/materials/material.entity.ts
FN:3,(anonymous_2)
FNF:1
FNH:1
FNDA:1,(anonymous_2)
DA:1,1
DA:3,1
DA:4,1
DA:5,1
DA:6,1
DA:10,1
DA:12,1
DA:15,1
DA:18,1
DA:21,1
DA:24,1
DA:27,1
DA:30,1
DA:33,1
DA:36,1
DA:39,1
LF:16
LH:16
BRDA:3,0,0,1
BRDA:3,0,1,1
BRF:2
BRH:2
end_of_record
TN:
SF:src/materials/materials.controller.ts
FN:11,(anonymous_4)
FN:15,(anonymous_5)
FN:19,(anonymous_6)
FN:26,(anonymous_7)
FN:30,(anonymous_8)
FN:36,(anonymous_9)
FN:42,(anonymous_10)
FN:46,(anonymous_11)
FN:50,(anonymous_12)
FN:54,(anonymous_13)
FNF:10
FNH:0
FNDA:0,(anonymous_4)
FNDA:0,(anonymous_5)
FNDA:0,(anonymous_6)
FNDA:0,(anonymous_7)
FNDA:0,(anonymous_8)
FNDA:0,(anonymous_9)
FNDA:0,(anonymous_10)
FNDA:0,(anonymous_11)
FNDA:0,(anonymous_12)
FNDA:0,(anonymous_13)
DA:2,0
DA:3,0
DA:4,0
DA:5,0
DA:6,0
DA:7,0
DA:10,0
DA:11,0
DA:15,0
DA:19,0
DA:20,0
DA:21,0
DA:26,0
DA:30,0
DA:31,0
DA:36,0
DA:37,0
DA:42,0
DA:46,0
DA:50,0
DA:54,0
DA:55,0
LF:22
LH:0
BRDA:20,0,0,0
BRDA:20,0,1,0
BRDA:20,1,0,0
BRDA:20,1,1,0
BRDA:20,2,0,0
BRDA:20,2,1,0
BRDA:15,3,0,0
BRDA:15,3,1,0
BRDA:15,4,0,0
BRDA:15,4,1,0
BRDA:19,5,0,0
BRDA:19,5,1,0
BRDA:19,6,0,0
BRDA:19,6,1,0
BRDA:46,7,0,0
BRDA:46,7,1,0
BRDA:46,8,0,0
BRDA:46,8,1,0
BRDA:54,9,0,0
BRDA:54,9,1,0
BRDA:54,10,0,0
BRDA:54,10,1,0
BRDA:11,11,0,0
BRDA:11,11,1,0
BRDA:11,12,0,0
BRDA:11,12,1,0
BRF:26
BRH:0
end_of_record
TN:
SF:src/materials/materials.module.ts
FNF:0
FNH:0
DA:1,0
DA:2,0
DA:3,0
DA:4,0
DA:5,0
DA:6,0
DA:14,0
LF:7
LH:0
BRF:0
BRH:0
end_of_record
TN:
SF:src/materials/materials.service.ts
FN:10,(anonymous_4)
FN:17,(anonymous_5)
FN:32,(anonymous_6)
FN:36,(anonymous_7)
FN:42,(anonymous_8)
FN:48,(anonymous_9)
FN:53,(anonymous_10)
FN:60,(anonymous_11)
FN:64,(anonymous_12)
FN:85,(anonymous_13)
FN:92,(anonymous_14)
FN:109,(anonymous_15)
FNF:12
FNH:12
FNDA:15,(anonymous_4)
FNDA:1,(anonymous_5)
FNDA:1,(anonymous_6)
FNDA:3,(anonymous_7)
FNDA:1,(anonymous_8)
FNDA:2,(anonymous_9)
FNDA:1,(anonymous_10)
FNDA:1,(anonymous_11)
FNDA:3,(anonymous_12)
FNDA:2,(anonymous_13)
FNDA:1,(anonymous_14)
FNDA:1,(anonymous_15)
DA:1,1
DA:2,1
DA:3,1
DA:4,1
DA:5,1
DA:9,1
DA:12,15
DA:14,15
DA:18,1
DA:29,1
DA:33,1
DA:37,3
DA:38,3
DA:39,2
DA:43,1
DA:44,1
DA:45,1
DA:49,2
DA:50,2
DA:54,1
DA:55,1
DA:56,1
DA:57,1
DA:61,1
DA:65,3
DA:66,3
DA:68,2
DA:69,1
DA:72,1
DA:73,1
DA:75,1
DA:82,1
DA:86,2
DA:93,1
DA:94,1
DA:95,1
DA:97,1
DA:98,1
DA:99,1
DA:100,1
DA:101,0
DA:102,0
DA:104,1
DA:105,1
DA:109,1
DA:110,1
LF:46
LH:44
BRDA:22,0,0,1
BRDA:22,0,1,1
BRDA:23,1,0,1
BRDA:23,1,1,1
BRDA:24,2,0,1
BRDA:24,2,1,1
BRDA:38,3,0,1
BRDA:38,3,1,2
BRDA:50,4,0,1
BRDA:50,4,1,1
BRDA:55,5,0,1
BRDA:55,5,1,0
BRDA:56,6,0,0
BRDA:56,6,1,1
BRDA:66,7,0,1
BRDA:66,7,1,2
BRDA:68,8,0,1
BRDA:68,8,1,1
BRDA:100,9,0,0
BRDA:100,9,1,1
BRDA:105,10,0,1
BRDA:105,10,1,0
BRDA:12,11,0,1
BRDA:12,11,1,0
BRDA:12,12,0,1
BRDA:12,12,1,1
BRDA:12,13,0,1
BRDA:12,13,1,0
BRDA:12,14,0,1
BRDA:12,14,1,1
BRF:30
BRH:24
end_of_record
TN:
SF:src/opcua/mqtt-gateway.service.ts
FN:24,(anonymous_2)
FN:26,(anonymous_3)
FN:35,(anonymous_4)
FN:41,(anonymous_5)
FN:45,(anonymous_6)
FN:50,(anonymous_7)
FN:51,(anonymous_8)
FN:52,(anonymous_9)
FN:56,(anonymous_10)
FN:58,(anonymous_11)
FN:82,(anonymous_12)
FN:85,(anonymous_13)
FN:85,(anonymous_14)
FN:88,(anonymous_15)
FN:94,(anonymous_16)
FN:96,(anonymous_17)
FN:100,(anonymous_18)
FN:102,(anonymous_19)
FN:106,(anonymous_20)
FN:107,(anonymous_21)
FN:111,(anonymous_22)
FN:115,(anonymous_23)
FN:117,(anonymous_24)
FN:120,(anonymous_25)
FN:124,(anonymous_26)
FNF:25
FNH:0
FNDA:0,(anonymous_2)
FNDA:0,(anonymous_3)
FNDA:0,(anonymous_4)
FNDA:0,(anonymous_5)
FNDA:0,(anonymous_6)
FNDA:0,(anonymous_7)
FNDA:0,(anonymous_8)
FNDA:0,(anonymous_9)
FNDA:0,(anonymous_10)
FNDA:0,(anonymous_11)
FNDA:0,(anonymous_12)
FNDA:0,(anonymous_13)
FNDA:0,(anonymous_14)
FNDA:0,(anonymous_15)
FNDA:0,(anonymous_16)
FNDA:0,(anonymous_17)
FNDA:0,(anonymous_18)
FNDA:0,(anonymous_19)
FNDA:0,(anonymous_20)
FNDA:0,(anonymous_21)
FNDA:0,(anonymous_22)
FNDA:0,(anonymous_23)
FNDA:0,(anonymous_24)
FNDA:0,(anonymous_25)
FNDA:0,(anonymous_26)
DA:1,0
DA:2,0
DA:4,0
DA:6,0
DA:15,0
DA:17,0
DA:18,0
DA:19,0
DA:21,0
DA:22,0
DA:24,0
DA:27,0
DA:28,0
DA:29,0
DA:35,0
DA:36,0
DA:37,0
DA:41,0
DA:42,0
DA:43,0
DA:44,0
DA:45,0
DA:46,0
DA:50,0
DA:51,0
DA:52,0
DA:53,0
DA:54,0
DA:56,0
DA:58,0
DA:59,0
DA:60,0
DA:61,0
DA:62,0
DA:63,0
DA:64,0
DA:67,0
DA:68,0
DA:69,0
DA:70,0
DA:72,0
DA:77,0
DA:78,0
DA:83,0
DA:84,0
DA:85,0
DA:89,0
DA:90,0
DA:92,0
DA:93,0
DA:94,0
DA:95,0
DA:96,0
DA:101,0
DA:102,0
DA:103,0
DA:105,0
DA:106,0
DA:107,0
DA:112,0
DA:116,0
DA:117,0
DA:121,0
DA:125,0
DA:132,0
DA:133,0
LF:66
LH:0
BRDA:36,0,0,0
BRDA:36,0,1,0
BRDA:46,1,0,0
BRDA:46,1,1,0
BRDA:61,2,0,0
BRDA:61,2,1,0
BRDA:62,3,0,0
BRDA:62,3,1,0
BRDA:83,4,0,0
BRDA:83,4,1,0
BRDA:84,5,0,0
BRDA:84,5,1,0
BRDA:89,6,0,0
BRDA:89,6,1,0
BRDA:96,7,0,0
BRDA:96,7,1,0
BRDA:102,8,0,0
BRDA:102,8,1,0
BRDA:105,9,0,0
BRDA:105,9,1,0
BRDA:107,10,0,0
BRDA:107,10,1,0
BRDA:112,11,0,0
BRDA:112,11,1,0
BRDA:124,12,0,0
BRDA:24,13,0,0
BRDA:24,13,1,0
BRDA:24,14,0,0
BRDA:24,14,1,0
BRF:29
BRH:0
end_of_record
TN:
SF:src/opcua/opcua.module.ts
FNF:0
FNH:0
DA:1,0
DA:2,0
DA:3,0
DA:4,0
DA:5,0
DA:6,0
DA:7,0
DA:8,0
DA:9,0
DA:16,0
LF:10
LH:0
BRF:0
BRH:0
end_of_record
TN:
SF:src/opcua/opcua.service.ts
FN:26,(anonymous_2)
FN:28,(anonymous_3)
FN:33,(anonymous_4)
FN:42,(anonymous_5)
FN:60,(anonymous_6)
FN:67,(anonymous_7)
FN:69,(anonymous_8)
FN:81,(anonymous_9)
FN:84,(anonymous_10)
FN:84,(anonymous_11)
FN:87,(anonymous_12)
FN:93,(anonymous_13)
FN:97,(anonymous_14)
FN:101,(anonymous_15)
FN:105,(anonymous_16)
FN:107,(anonymous_17)
FN:110,(anonymous_18)
FN:112,(anonymous_19)
FN:115,(anonymous_20)
FN:117,(anonymous_21)
FN:120,(anonymous_22)
FN:124,(anonymous_23)
FN:127,(anonymous_24)
FN:130,(anonymous_25)
FN:178,(anonymous_26)
FN:190,(anonymous_27)
FN:196,(anonymous_28)
FN:199,(anonymous_29)
FN:201,(anonymous_30)
FN:207,(anonymous_31)
FN:219,(anonymous_32)
FN:235,(anonymous_33)
FN:240,(anonymous_34)
FN:249,(anonymous_35)
FN:254,(anonymous_36)
FN:259,(anonymous_37)
FNF:36
FNH:8
FNDA:5,(anonymous_2)
FNDA:0,(anonymous_3)
FNDA:0,(anonymous_4)
FNDA:0,(anonymous_5)
FNDA:0,(anonymous_6)
FNDA:4,(anonymous_7)
FNDA:4,(anonymous_8)
FNDA:1,(anonymous_9)
FNDA:1,(anonymous_10)
FNDA:1,(anonymous_11)
FNDA:1,(anonymous_12)
FNDA:1,(anonymous_13)
FNDA:0,(anonymous_14)
FNDA:0,(anonymous_15)
FNDA:0,(anonymous_16)
FNDA:0,(anonymous_17)
FNDA:0,(anonymous_18)
FNDA:0,(anonymous_19)
FNDA:0,(anonymous_20)
FNDA:0,(anonymous_21)
FNDA:0,(anonymous_22)
FNDA:0,(anonymous_23)
FNDA:0,(anonymous_24)
FNDA:0,(anonymous_25)
FNDA:0,(anonymous_26)
FNDA:0,(anonymous_27)
FNDA:0,(anonymous_28)
FNDA:0,(anonymous_29)
FNDA:0,(anonymous_30)
FNDA:0,(anonymous_31)
FNDA:0,(anonymous_32)
FNDA:0,(anonymous_33)
FNDA:0,(anonymous_34)
FNDA:0,(anonymous_35)
FNDA:0,(anonymous_36)
FNDA:0,(anonymous_37)
DA:1,1
DA:2,1
DA:5,1
DA:8,1
DA:11,5
DA:12,5
DA:13,5
DA:14,5
DA:17,5
DA:19,5
DA:20,5
DA:21,5
DA:22,5
DA:23,5
DA:24,5
DA:26,5
DA:29,0
DA:30,0
DA:34,0
DA:35,0
DA:37,0
DA:38,0
DA:42,0
DA:44,0
DA:45,0
DA:46,0
DA:47,0
DA:48,0
DA:49,0
DA:51,0
DA:52,0
DA:53,0
DA:54,0
DA:56,0
DA:61,0
DA:62,0
DA:63,0
DA:64,0
DA:68,4
DA:69,4
DA:70,1
DA:72,3
DA:73,2
DA:74,2
DA:75,1
DA:77,1
DA:82,1
DA:83,1
DA:84,1
DA:85,0
DA:87,1
DA:92,1
DA:93,1
DA:94,1
DA:98,0
DA:102,0
DA:106,0
DA:107,0
DA:111,0
DA:112,0
DA:116,0
DA:117,0
DA:121,0
DA:125,0
DA:126,0
DA:127,0
DA:131,0
DA:132,0
DA:133,0
DA:134,0
DA:135,0
DA:136,0
DA:137,0
DA:142,0
DA:156,0
DA:163,0
DA:164,0
DA:165,0
DA:166,0
DA:168,0
DA:171,0
DA:172,0
DA:174,0
DA:179,0
DA:185,0
DA:186,0
DA:191,0
DA:192,0
DA:193,0
DA:194,0
DA:195,0
DA:196,0
DA:200,0
DA:201,0
DA:202,0
DA:203,0
DA:208,0
DA:209,0
DA:210,0
DA:211,0
DA:212,0
DA:213,0
DA:214,0
DA:215,0
DA:216,0
DA:220,0
DA:228,0
DA:229,0
DA:235,0
DA:236,0
DA:237,0
DA:238,0
DA:240,0
DA:241,0
DA:243,0
DA:249,0
DA:250,0
DA:251,0
DA:252,0
DA:254,0
DA:255,0
DA:260,0
LF:122
LH:31
BRDA:34,0,0,0
BRDA:34,0,1,0
BRDA:34,1,0,0
BRDA:34,1,1,0
BRDA:34,1,2,0
BRDA:62,2,0,0
BRDA:62,2,1,0
BRDA:63,3,0,0
BRDA:63,3,1,0
BRDA:69,4,0,1
BRDA:69,4,1,3
BRDA:72,5,0,1
BRDA:72,5,1,2
BRDA:72,6,0,3
BRDA:72,6,1,2
BRDA:82,7,0,0
BRDA:82,7,1,1
BRDA:82,8,0,1
BRDA:82,8,1,1
BRDA:84,9,0,0
BRDA:84,9,1,1
BRDA:94,10,0,0
BRDA:94,10,1,1
BRDA:125,11,0,0
BRDA:125,11,1,0
BRDA:131,12,0,0
BRDA:131,12,1,0
BRDA:131,13,0,0
BRDA:131,13,1,0
BRDA:131,13,2,0
BRDA:165,14,0,0
BRDA:165,14,1,0
BRDA:165,15,0,0
BRDA:165,15,1,0
BRDA:191,16,0,0
BRDA:191,16,1,0
BRDA:191,17,0,0
BRDA:191,17,1,0
BRDA:194,18,0,0
BRDA:194,18,1,0
BRDA:200,19,0,0
BRDA:200,19,1,0
BRDA:200,20,0,0
BRDA:200,20,1,0
BRDA:213,21,0,0
BRDA:213,21,1,0
BRDA:215,22,0,0
BRDA:215,22,1,0
BRDA:216,23,0,0
BRDA:216,23,1,0
BRDA:251,24,0,0
BRDA:251,24,1,0
BRDA:26,25,0,1
BRDA:26,25,1,0
BRDA:26,26,0,1
BRDA:26,26,1,1
BRF:56
BRH:14
end_of_record
TN:
SF:src/opcua/shopfloor-gateway.controller.ts
FN:13,(anonymous_4)
FN:22,(anonymous_5)
FN:26,(anonymous_6)
FN:30,(anonymous_7)
FN:34,(anonymous_8)
FN:38,(anonymous_9)
FN:42,(anonymous_10)
FN:49,(anonymous_11)
FN:67,(anonymous_12)
FN:73,(anonymous_13)
FN:79,(anonymous_14)
FN:93,(anonymous_15)
FN:126,(anonymous_16)
FN:128,(anonymous_17)
FNF:14
FNH:0
FNDA:0,(anonymous_4)
FNDA:0,(anonymous_5)
FNDA:0,(anonymous_6)
FNDA:0,(anonymous_7)
FNDA:0,(anonymous_8)
FNDA:0,(anonymous_9)
FNDA:0,(anonymous_10)
FNDA:0,(anonymous_11)
FNDA:0,(anonymous_12)
FNDA:0,(anonymous_13)
FNDA:0,(anonymous_14)
FNDA:0,(anonymous_15)
FNDA:0,(anonymous_16)
FNDA:0,(anonymous_17)
DA:2,0
DA:3,0
DA:4,0
DA:5,0
DA:6,0
DA:7,0
DA:8,0
DA:9,0
DA:12,0
DA:14,0
DA:15,0
DA:16,0
DA:17,0
DA:22,0
DA:26,0
DA:30,0
DA:34,0
DA:38,0
DA:42,0
DA:43,0
DA:44,0
DA:49,0
DA:50,0
DA:67,0
DA:68,0
DA:73,0
DA:74,0
DA:79,0
DA:80,0
DA:81,0
DA:87,0
DA:88,0
DA:93,0
DA:94,0
DA:95,0
DA:97,0
DA:100,0
DA:102,0
DA:107,0
DA:109,0
DA:115,0
DA:117,0
DA:120,0
DA:126,0
DA:127,0
DA:128,0
DA:133,0
LF:47
LH:0
BRDA:52,0,0,0
BRDA:52,0,1,0
BRDA:95,1,0,0
BRDA:95,1,1,0
BRDA:95,1,2,0
BRDA:95,1,3,0
BRDA:30,2,0,0
BRDA:30,2,1,0
BRDA:30,3,0,0
BRDA:30,3,1,0
BRDA:42,4,0,0
BRDA:42,4,1,0
BRDA:42,5,0,0
BRDA:42,5,1,0
BRDA:79,6,0,0
BRDA:79,6,1,0
BRDA:79,7,0,0
BRDA:79,7,1,0
BRDA:93,8,0,0
BRDA:93,8,1,0
BRDA:93,9,0,0
BRDA:93,9,1,0
BRDA:126,10,0,0
BRDA:126,10,1,0
BRDA:126,11,0,0
BRDA:126,11,1,0
BRDA:14,12,0,0
BRDA:14,12,1,0
BRDA:14,13,0,0
BRDA:14,13,1,0
BRDA:14,14,0,0
BRDA:14,14,1,0
BRDA:14,15,0,0
BRDA:14,15,1,0
BRDA:15,16,0,0
BRDA:15,16,1,0
BRDA:15,17,0,0
BRDA:15,17,1,0
BRDA:16,18,0,0
BRDA:16,18,1,0
BRDA:16,19,0,0
BRDA:16,19,1,0
BRF:42
BRH:0
end_of_record
TN:
SF:src/opcua/shopfloor-gateway.dto.ts
FNF:0
FNH:0
DA:1,0
DA:3,0
DA:6,0
DA:9,0
DA:12,0
DA:15,0
DA:18,0
DA:21,0
DA:25,0
DA:28,0
DA:31,0
DA:33,0
DA:36,0
LF:13
LH:0
BRF:0
BRH:0
end_of_record
TN:
SF:src/opcua/shopfloor-gateway.module.ts
FNF:0
FNH:0
DA:1,0
DA:2,0
DA:3,0
DA:4,0
DA:5,0
DA:6,0
DA:13,0
LF:7
LH:0
BRF:0
BRH:0
end_of_record
TN:
SF:src/opcua/stmes-handshake.entity.ts
FN:3,(anonymous_2)
FNF:1
FNH:0
FNDA:0,(anonymous_2)
DA:1,0
DA:3,0
DA:4,0
DA:5,0
DA:6,0
DA:7,0
DA:11,0
DA:13,0
DA:16,0
DA:19,0
DA:22,0
DA:25,0
DA:28,0
DA:31,0
DA:34,0
DA:37,0
DA:40,0
DA:43,0
DA:46,0
DA:49,0
DA:52,0
LF:21
LH:0
BRDA:3,0,0,0
BRDA:3,0,1,0
BRDA:34,1,0,0
BRDA:34,1,1,0
BRDA:34,2,0,0
BRDA:34,2,1,0
BRDA:37,3,0,0
BRDA:37,3,1,0
BRDA:37,4,0,0
BRDA:37,4,1,0
BRDA:40,5,0,0
BRDA:40,5,1,0
BRDA:40,6,0,0
BRDA:40,6,1,0
BRDA:43,7,0,0
BRDA:43,7,1,0
BRDA:43,8,0,0
BRDA:43,8,1,0
BRDA:49,9,0,0
BRDA:49,9,1,0
BRDA:49,10,0,0
BRDA:49,10,1,0
BRDA:52,11,0,0
BRDA:52,11,1,0
BRDA:52,12,0,0
BRDA:52,12,1,0
BRF:26
BRH:0
end_of_record
TN:
SF:src/opcua/stmes-handshake.service.ts
FN:13,(anonymous_4)
FN:19,(anonymous_5)
FN:20,(anonymous_6)
FN:24,(anonymous_7)
FN:27,(anonymous_8)
FN:31,(anonymous_9)
FN:144,(anonymous_10)
FN:173,(anonymous_11)
FN:192,(anonymous_12)
FNF:9
FNH:0
FNDA:0,(anonymous_4)
FNDA:0,(anonymous_5)
FNDA:0,(anonymous_6)
FNDA:0,(anonymous_7)
FNDA:0,(anonymous_8)
FNDA:0,(anonymous_9)
FNDA:0,(anonymous_10)
FNDA:0,(anonymous_11)
FNDA:0,(anonymous_12)
DA:1,0
DA:2,0
DA:3,0
DA:4,0
DA:5,0
DA:6,0
DA:9,0
DA:10,0
DA:11,0
DA:14,0
DA:15,0
DA:16,0
DA:20,0
DA:21,0
DA:22,0
DA:24,0
DA:28,0
DA:32,0
DA:33,0
DA:34,0
DA:37,0
DA:38,0
DA:42,0
DA:47,0
DA:54,0
DA:59,0
DA:66,0
DA:67,0
DA:68,0
DA:69,0
DA:82,0
DA:98,0
DA:106,0
DA:107,0
DA:118,0
DA:119,0
DA:120,0
DA:127,0
DA:129,0
DA:130,0
DA:131,0
DA:132,0
DA:133,0
DA:135,0
DA:145,0
DA:146,0
DA:147,0
DA:152,0
DA:156,0
DA:157,0
DA:158,0
DA:159,0
DA:160,0
DA:169,0
DA:174,0
DA:175,0
DA:176,0
DA:177,0
DA:178,0
DA:179,0
DA:188,0
DA:193,0
LF:62
LH:0
BRDA:21,0,0,0
BRDA:21,0,1,0
BRDA:27,1,0,0
BRDA:32,2,0,0
BRDA:32,2,1,0
BRDA:68,3,0,0
BRDA:68,3,1,0
BRDA:70,4,0,0
BRDA:70,4,1,0
BRDA:71,5,0,0
BRDA:71,5,1,0
BRDA:72,6,0,0
BRDA:72,6,1,0
BRDA:73,7,0,0
BRDA:73,7,1,0
BRDA:74,8,0,0
BRDA:74,8,1,0
BRDA:75,9,0,0
BRDA:75,9,1,0
BRDA:76,10,0,0
BRDA:76,10,1,0
BRDA:77,11,0,0
BRDA:77,11,1,0
BRDA:78,12,0,0
BRDA:78,12,1,0
BRDA:104,13,0,0
BRDA:104,13,1,0
BRDA:109,14,0,0
BRDA:109,14,1,0
BRDA:115,15,0,0
BRDA:115,15,1,0
BRDA:129,16,0,0
BRDA:129,16,1,0
BRDA:156,17,0,0
BRDA:156,17,1,0
BRDA:156,18,0,0
BRDA:156,18,1,0
BRDA:177,19,0,0
BRDA:177,19,1,0
BRDA:14,20,0,0
BRDA:14,20,1,0
BRDA:14,21,0,0
BRDA:14,21,1,0
BRDA:14,22,0,0
BRDA:14,22,1,0
BRDA:14,23,0,0
BRDA:14,23,1,0
BRDA:15,24,0,0
BRDA:15,24,1,0
BRDA:15,25,0,0
BRDA:15,25,1,0
BRF:51
BRH:0
end_of_record
TN:
SF:src/opcua/telemetry.gateway.ts
FN:22,(anonymous_2)
FN:29,(anonymous_3)
FN:30,(anonymous_4)
FN:31,(anonymous_5)
FN:35,(anonymous_6)
FN:36,(anonymous_7)
FN:49,(anonymous_8)
FN:50,(anonymous_9)
FN:51,(anonymous_10)
FN:54,(anonymous_11)
FN:58,(anonymous_12)
FN:64,(anonymous_13)
FN:84,(anonymous_14)
FNF:13
FNH:0
FNDA:0,(anonymous_2)
FNDA:0,(anonymous_3)
FNDA:0,(anonymous_4)
FNDA:0,(anonymous_5)
FNDA:0,(anonymous_6)
FNDA:0,(anonymous_7)
FNDA:0,(anonymous_8)
FNDA:0,(anonymous_9)
FNDA:0,(anonymous_10)
FNDA:0,(anonymous_11)
FNDA:0,(anonymous_12)
FNDA:0,(anonymous_13)
FNDA:0,(anonymous_14)
DA:1,0
DA:2,0
DA:3,0
DA:4,0
DA:5,0
DA:7,0
DA:8,0
DA:9,0
DA:12,0
DA:14,0
DA:16,0
DA:17,0
DA:23,0
DA:24,0
DA:25,0
DA:26,0
DA:30,0
DA:31,0
DA:32,0
DA:36,0
DA:37,0
DA:38,0
DA:39,0
DA:40,0
DA:41,0
DA:44,0
DA:50,0
DA:51,0
DA:55,0
DA:59,0
DA:60,0
DA:61,0
DA:65,0
DA:66,0
DA:67,0
DA:68,0
DA:69,0
DA:70,0
DA:72,0
DA:73,0
DA:79,0
DA:80,0
DA:85,0
DA:86,0
DA:87,0
LF:45
LH:0
BRDA:41,0,0,0
BRDA:41,0,1,0
BRDA:68,1,0,0
BRDA:68,1,1,0
BRDA:68,2,0,0
BRDA:68,2,1,0
BRDA:70,3,0,0
BRDA:70,3,1,0
BRDA:87,4,0,0
BRDA:87,4,1,0
BRDA:14,5,0,0
BRDA:14,5,1,0
BRDA:14,6,0,0
BRDA:14,6,1,0
BRDA:23,7,0,0
BRDA:23,7,1,0
BRDA:23,8,0,0
BRDA:23,8,1,0
BRDA:23,9,0,0
BRDA:23,9,1,0
BRDA:23,10,0,0
BRDA:23,10,1,0
BRDA:24,11,0,0
BRDA:24,11,1,0
BRDA:24,12,0,0
BRDA:24,12,1,0
BRDA:25,13,0,0
BRDA:25,13,1,0
BRDA:25,14,0,0
BRDA:25,14,1,0
BRF:30
BRH:0
end_of_record
TN:
SF:src/opcua/webshop-orders.service.ts
FN:13,(anonymous_2)
FN:19,(anonymous_3)
FN:21,(anonymous_4)
FN:25,(anonymous_5)
FN:29,(anonymous_6)
FN:41,(anonymous_7)
FN:42,(anonymous_8)
FN:55,(anonymous_9)
FNF:8
FNH:0
FNDA:0,(anonymous_2)
FNDA:0,(anonymous_3)
FNDA:0,(anonymous_4)
FNDA:0,(anonymous_5)
FNDA:0,(anonymous_6)
FNDA:0,(anonymous_7)
FNDA:0,(anonymous_8)
FNDA:0,(anonymous_9)
DA:1,0
DA:2,0
DA:3,0
DA:4,0
DA:6,0
DA:9,0
DA:10,0
DA:11,0
DA:14,0
DA:15,0
DA:16,0
DA:20,0
DA:21,0
DA:22,0
DA:26,0
DA:30,0
DA:31,0
DA:32,0
DA:33,0
DA:34,0
DA:35,0
DA:37,0
DA:42,0
DA:43,0
DA:45,0
DA:56,0
DA:57,0
DA:58,0
LF:28
LH:0
BRDA:42,0,0,0
BRDA:42,0,1,0
BRDA:42,0,2,0
BRDA:43,1,0,0
BRDA:43,1,1,0
BRDA:51,2,0,0
BRDA:51,2,1,0
BRDA:57,3,0,0
BRDA:57,3,1,0
BRDA:57,4,0,0
BRDA:57,4,1,0
BRDA:14,5,0,0
BRDA:14,5,1,0
BRDA:14,6,0,0
BRDA:14,6,1,0
BRDA:14,7,0,0
BRDA:14,7,1,0
BRDA:14,8,0,0
BRDA:14,8,1,0
BRDA:15,9,0,0
BRDA:15,9,1,0
BRDA:15,10,0,0
BRDA:15,10,1,0
BRF:23
BRH:0
end_of_record
TN:
SF:src/orders/order-route-step.entity.ts
FNF:0
FNH:0
DA:1,2
DA:6,2
DA:8,2
DA:11,2
DA:14,2
DA:17,2
DA:20,2
DA:23,2
DA:26,2
DA:29,2
DA:32,2
LF:11
LH:11
BRDA:29,0,0,2
BRDA:29,0,1,0
BRDA:29,1,0,2
BRDA:29,1,1,2
BRDA:32,2,0,2
BRDA:32,2,1,0
BRDA:32,3,0,2
BRDA:32,3,1,2
BRF:8
BRH:6
end_of_record
TN:
SF:src/orders/order.dto.ts
FN:25,(anonymous_2)
FN:30,(anonymous_3)
FN:74,(anonymous_4)
FN:79,(anonymous_5)
FNF:4
FNH:0
FNDA:0,(anonymous_2)
FNDA:0,(anonymous_3)
FNDA:0,(anonymous_4)
FNDA:0,(anonymous_5)
DA:1,0
DA:2,0
DA:4,0
DA:7,0
DA:11,0
DA:14,0
DA:18,0
DA:22,0
DA:25,0
DA:27,0
DA:30,0
DA:32,0
DA:35,0
DA:39,0
DA:44,0
DA:48,0
DA:53,0
DA:58,0
DA:62,0
DA:67,0
DA:71,0
DA:74,0
DA:76,0
DA:79,0
DA:81,0
LF:25
LH:0
BRDA:27,0,0,0
BRDA:27,0,1,0
BRDA:27,1,0,0
BRDA:27,1,1,0
BRDA:32,2,0,0
BRDA:32,2,1,0
BRDA:32,3,0,0
BRDA:32,3,1,0
BRDA:76,4,0,0
BRDA:76,4,1,0
BRDA:76,5,0,0
BRDA:76,5,1,0
BRDA:81,6,0,0
BRDA:81,6,1,0
BRDA:81,7,0,0
BRDA:81,7,1,0
BRF:16
BRH:0
end_of_record
TN:
SF:src/orders/order.entity.ts
FNF:0
FNH:0
DA:1,3
DA:4,3
DA:6,3
DA:9,3
DA:12,3
DA:15,3
DA:18,3
DA:21,3
DA:24,3
DA:27,3
DA:30,3
DA:33,3
DA:36,3
DA:39,3
DA:42,3
DA:45,3
LF:16
LH:16
BRDA:30,0,0,3
BRDA:30,0,1,0
BRDA:30,1,0,3
BRDA:30,1,1,3
BRDA:33,2,0,3
BRDA:33,2,1,0
BRDA:33,3,0,3
BRDA:33,3,1,3
BRDA:36,4,0,3
BRDA:36,4,1,0
BRDA:36,5,0,3
BRDA:36,5,1,3
BRDA:42,6,0,3
BRDA:42,6,1,0
BRDA:42,7,0,3
BRDA:42,7,1,3
BRDA:45,8,0,3
BRDA:45,8,1,0
BRDA:45,9,0,3
BRDA:45,9,1,3
BRF:20
BRH:15
end_of_record
TN:
SF:src/orders/orders.controller.ts
FN:12,(anonymous_4)
FN:16,(anonymous_5)
FN:20,(anonymous_6)
FN:27,(anonymous_7)
FN:31,(anonymous_8)
FN:35,(anonymous_9)
FN:39,(anonymous_10)
FN:46,(anonymous_11)
FN:50,(anonymous_12)
FN:54,(anonymous_13)
FN:58,(anonymous_14)
FN:62,(anonymous_15)
FNF:12
FNH:0
FNDA:0,(anonymous_4)
FNDA:0,(anonymous_5)
FNDA:0,(anonymous_6)
FNDA:0,(anonymous_7)
FNDA:0,(anonymous_8)
FNDA:0,(anonymous_9)
FNDA:0,(anonymous_10)
FNDA:0,(anonymous_11)
FNDA:0,(anonymous_12)
FNDA:0,(anonymous_13)
FNDA:0,(anonymous_14)
FNDA:0,(anonymous_15)
DA:2,0
DA:3,0
DA:4,0
DA:5,0
DA:6,0
DA:7,0
DA:8,0
DA:11,0
DA:12,0
DA:16,0
DA:20,0
DA:21,0
DA:22,0
DA:27,0
DA:31,0
DA:35,0
DA:39,0
DA:42,0
DA:46,0
DA:50,0
DA:54,0
DA:58,0
DA:62,0
DA:63,0
LF:24
LH:0
BRDA:16,0,0,0
BRDA:16,0,1,0
BRDA:16,1,0,0
BRDA:16,1,1,0
BRDA:20,2,0,0
BRDA:20,2,1,0
BRDA:20,3,0,0
BRDA:20,3,1,0
BRDA:50,4,0,0
BRDA:50,4,1,0
BRDA:50,5,0,0
BRDA:50,5,1,0
BRDA:62,6,0,0
BRDA:62,6,1,0
BRDA:62,7,0,0
BRDA:62,7,1,0
BRDA:12,8,0,0
BRDA:12,8,1,0
BRDA:12,9,0,0
BRDA:12,9,1,0
BRDA:12,10,0,0
BRDA:12,10,1,0
BRDA:12,11,0,0
BRDA:12,11,1,0
BRF:24
BRH:0
end_of_record
TN:
SF:src/orders/orders.module.ts
FNF:0
FNH:0
DA:1,0
DA:2,0
DA:3,0
DA:4,0
DA:5,0
DA:6,0
DA:7,0
DA:8,0
DA:9,0
DA:17,0
LF:10
LH:0
BRF:0
BRH:0
end_of_record
TN:
SF:src/orders/orders.service.ts
FN:11,(anonymous_4)
FN:20,(anonymous_5)
FN:33,(anonymous_6)
FN:37,(anonymous_7)
FN:43,(anonymous_8)
FN:56,(anonymous_9)
FN:65,(anonymous_10)
FN:75,(anonymous_11)
FN:79,(anonymous_12)
FNF:9
FNH:9
FNDA:9,(anonymous_4)
FNDA:1,(anonymous_5)
FNDA:1,(anonymous_6)
FNDA:5,(anonymous_7)
FNDA:3,(anonymous_8)
FNDA:2,(anonymous_9)
FNDA:1,(anonymous_10)
FNDA:1,(anonymous_11)
FNDA:1,(anonymous_12)
DA:1,1
DA:2,1
DA:3,1
DA:4,1
DA:6,1
DA:7,1
DA:10,1
DA:13,9
DA:15,9
DA:17,9
DA:21,1
DA:30,1
DA:34,1
DA:38,5
DA:39,5
DA:40,4
DA:44,3
DA:45,3
DA:46,1
DA:48,2
DA:49,1
DA:51,1
DA:52,1
DA:53,1
DA:57,2
DA:58,1
DA:60,1
DA:61,1
DA:62,1
DA:66,1
DA:67,1
DA:68,1
DA:69,1
DA:70,1
DA:72,1
DA:76,1
DA:80,1
LF:37
LH:37
BRDA:39,0,0,1
BRDA:39,0,1,4
BRDA:45,1,0,1
BRDA:45,1,1,2
BRDA:45,2,0,3
BRDA:45,2,1,1
BRDA:45,3,0,1
BRDA:45,3,1,1
BRDA:48,4,0,1
BRDA:48,4,1,1
BRDA:48,5,0,2
BRDA:48,5,1,1
BRDA:48,6,0,1
BRDA:48,6,1,1
BRDA:51,7,0,1
BRDA:51,7,1,0
BRDA:51,8,0,1
BRDA:51,8,1,0
BRDA:57,9,0,1
BRDA:57,9,1,1
BRDA:62,10,0,0
BRDA:62,10,1,1
BRDA:68,11,0,1
BRDA:68,11,1,0
BRDA:13,12,0,1
BRDA:13,12,1,0
BRDA:13,13,0,1
BRDA:13,13,1,1
BRDA:13,14,0,1
BRDA:13,14,1,0
BRDA:13,15,0,1
BRDA:13,15,1,1
BRDA:15,16,0,1
BRDA:15,16,1,0
BRDA:15,17,0,1
BRDA:15,17,1,1
BRF:36
BRH:29
end_of_record
TN:
SF:src/orders/routing.dto.ts
FN:28,(anonymous_2)
FNF:1
FNH:0
FNDA:0,(anonymous_2)
DA:1,0
DA:2,0
DA:4,0
DA:7,0
DA:11,0
DA:15,0
DA:18,0
DA:22,0
DA:25,0
DA:28,0
DA:29,0
LF:11
LH:0
BRDA:22,0,0,0
BRDA:22,0,1,0
BRDA:22,1,0,0
BRDA:22,1,1,0
BRF:4
BRH:0
end_of_record
TN:
SF:src/orders/routing.service.ts
FN:10,(anonymous_4)
FN:37,(anonymous_5)
FN:42,(anonymous_6)
FN:46,(anonymous_7)
FN:48,(anonymous_8)
FN:51,(anonymous_9)
FN:54,(anonymous_10)
FN:62,(anonymous_11)
FN:63,(anonymous_12)
FN:68,(anonymous_13)
FN:94,(anonymous_14)
FN:95,(anonymous_15)
FN:116,(anonymous_16)
FN:134,(anonymous_17)
FN:135,(anonymous_18)
FN:174,(anonymous_19)
FN:175,(anonymous_20)
FNF:17
FNH:1
FNDA:1,(anonymous_4)
FNDA:0,(anonymous_5)
FNDA:0,(anonymous_6)
FNDA:0,(anonymous_7)
FNDA:0,(anonymous_8)
FNDA:0,(anonymous_9)
FNDA:0,(anonymous_10)
FNDA:0,(anonymous_11)
FNDA:0,(anonymous_12)
FNDA:0,(anonymous_13)
FNDA:0,(anonymous_14)
FNDA:0,(anonymous_15)
FNDA:0,(anonymous_16)
FNDA:0,(anonymous_17)
FNDA:0,(anonymous_18)
FNDA:0,(anonymous_19)
FNDA:0,(anonymous_20)
DA:1,1
DA:2,1
DA:3,1
DA:4,1
DA:5,1
DA:6,1
DA:7,1
DA:10,1
DA:11,1
DA:12,1
DA:13,1
DA:14,1
DA:15,1
DA:16,1
DA:19,1
DA:24,1
DA:36,1
DA:38,0
DA:39,0
DA:43,0
DA:47,0
DA:48,0
DA:49,0
DA:51,0
DA:52,0
DA:53,0
DA:54,0
DA:63,0
DA:64,0
DA:65,0
DA:67,0
DA:68,0
DA:73,0
DA:74,0
DA:75,0
DA:76,0
DA:78,0
DA:79,0
DA:80,0
DA:81,0
DA:82,0
DA:83,0
DA:84,0
DA:85,0
DA:86,0
DA:87,0
DA:90,0
DA:95,0
DA:96,0
DA:97,0
DA:99,0
DA:110,0
DA:116,0
DA:122,0
DA:123,0
DA:124,0
DA:125,0
DA:126,0
DA:127,0
DA:128,0
DA:130,0
DA:135,0
DA:136,0
DA:140,0
DA:141,0
DA:143,0
DA:144,0
DA:147,0
DA:148,0
DA:149,0
DA:150,0
DA:153,0
DA:154,0
DA:155,0
DA:157,0
DA:160,0
DA:175,0
DA:176,0
DA:180,0
DA:182,0
DA:185,0
DA:186,0
DA:190,0
DA:191,0
DA:192,0
DA:193,0
DA:195,0
DA:196,0
DA:197,0
DA:198,0
DA:199,0
DA:200,0
DA:201,0
DA:202,0
DA:204,0
DA:207,0
DA:208,0
LF:97
LH:17
BRDA:10,0,0,1
BRDA:10,0,1,1
BRDA:47,1,0,0
BRDA:47,1,1,0
BRDA:49,2,0,0
BRDA:49,2,1,0
BRDA:52,3,0,0
BRDA:52,3,1,0
BRDA:57,4,0,0
BRDA:57,4,1,0
BRDA:65,5,0,0
BRDA:65,5,1,0
BRDA:82,6,0,0
BRDA:82,6,1,0
BRDA:97,7,0,0
BRDA:97,7,1,0
BRDA:123,8,0,0
BRDA:123,8,1,0
BRDA:140,9,0,0
BRDA:140,9,1,0
BRDA:141,10,0,0
BRDA:141,10,1,0
BRDA:147,11,0,0
BRDA:147,11,1,0
BRDA:147,12,0,0
BRDA:147,12,1,0
BRDA:148,13,0,0
BRDA:148,13,1,0
BRDA:149,14,0,0
BRDA:149,14,1,0
BRDA:166,15,0,0
BRDA:166,15,1,0
BRDA:167,16,0,0
BRDA:167,16,1,0
BRDA:180,17,0,0
BRDA:180,17,1,0
BRDA:180,18,0,0
BRDA:180,18,1,0
BRDA:185,19,0,0
BRDA:185,19,1,0
BRDA:190,20,0,0
BRDA:190,20,1,0
BRDA:198,21,0,0
BRDA:198,21,1,0
BRDA:200,22,0,0
BRDA:200,22,1,0
BRDA:38,23,0,1
BRDA:38,23,1,0
BRDA:38,24,0,1
BRDA:38,24,1,1
BRDA:38,25,0,1
BRDA:38,25,1,0
BRDA:38,26,0,1
BRDA:38,26,1,1
BRF:54
BRH:8
end_of_record
TN:
SF:src/traces/trace.dto.ts
FN:45,(anonymous_2)
FN:50,(anonymous_3)
FN:57,(anonymous_4)
FNF:3
FNH:0
FNDA:0,(anonymous_2)
FNDA:0,(anonymous_3)
FNDA:0,(anonymous_4)
DA:1,0
DA:2,0
DA:6,0
DA:9,0
DA:13,0
DA:17,0
DA:21,0
DA:24,0
DA:28,0
DA:31,0
DA:34,0
DA:38,0
DA:42,0
DA:45,0
DA:47,0
DA:50,0
DA:52,0
DA:55,0
DA:57,0
DA:61,0
LF:20
LH:0
BRDA:28,0,0,0
BRDA:28,0,1,0
BRDA:28,1,0,0
BRDA:28,1,1,0
BRF:4
BRH:0
end_of_record
TN:
SF:src/traces/trace.entity.ts
FNF:0
FNH:0
DA:1,1
DA:4,1
DA:6,1
DA:9,1
DA:12,1
DA:15,1
DA:19,1
DA:22,1
DA:25,1
DA:28,1
LF:10
LH:10
BRDA:25,0,0,0
BRDA:25,0,1,1
BRDA:25,1,0,1
BRDA:25,1,1,0
BRDA:28,2,0,1
BRDA:28,2,1,0
BRDA:28,3,0,1
BRDA:28,3,1,1
BRF:8
BRH:5
end_of_record
TN:
SF:src/traces/traces.controller.ts
FN:10,(anonymous_4)
FN:14,(anonymous_5)
FN:18,(anonymous_6)
FN:26,(anonymous_7)
FN:35,(anonymous_8)
FN:44,(anonymous_9)
FN:50,(anonymous_10)
FNF:7
FNH:0
FNDA:0,(anonymous_4)
FNDA:0,(anonymous_5)
FNDA:0,(anonymous_6)
FNDA:0,(anonymous_7)
FNDA:0,(anonymous_8)
FNDA:0,(anonymous_9)
FNDA:0,(anonymous_10)
DA:1,0
DA:3,0
DA:4,0
DA:5,0
DA:6,0
DA:9,0
DA:10,0
DA:14,0
DA:18,0
DA:19,0
DA:20,0
DA:21,0
DA:26,0
DA:30,0
DA:35,0
DA:39,0
DA:44,0
DA:45,0
DA:50,0
LF:19
LH:0
BRDA:19,0,0,0
BRDA:19,0,1,0
BRDA:20,1,0,0
BRDA:20,1,1,0
BRDA:30,2,0,0
BRDA:30,2,1,0
BRDA:39,3,0,0
BRDA:39,3,1,0
BRDA:14,4,0,0
BRDA:14,4,1,0
BRDA:14,5,0,0
BRDA:14,5,1,0
BRDA:18,6,0,0
BRDA:18,6,1,0
BRDA:18,7,0,0
BRDA:18,7,1,0
BRDA:28,8,0,0
BRDA:28,8,1,0
BRDA:28,9,0,0
BRDA:28,9,1,0
BRDA:37,10,0,0
BRDA:37,10,1,0
BRDA:37,11,0,0
BRDA:37,11,1,0
BRDA:10,12,0,0
BRDA:10,12,1,0
BRDA:10,13,0,0
BRDA:10,13,1,0
BRF:28
BRH:0
end_of_record
TN:
SF:src/traces/traces.module.ts
FNF:0
FNH:0
DA:1,0
DA:2,0
DA:3,0
DA:4,0
DA:5,0
DA:13,0
LF:6
LH:0
BRF:0
BRH:0
end_of_record
TN:
SF:src/traces/traces.service.ts
FN:9,(anonymous_4)
FN:14,(anonymous_5)
FN:26,(anonymous_6)
FN:30,(anonymous_7)
FN:48,(anonymous_8)
FN:54,(anonymous_9)
FN:58,(anonymous_10)
FN:62,(anonymous_11)
FN:66,(anonymous_12)
FN:67,(anonymous_13)
FNF:10
FNH:10
FNDA:15,(anonymous_4)
FNDA:1,(anonymous_5)
FNDA:1,(anonymous_6)
FNDA:1,(anonymous_7)
FNDA:2,(anonymous_8)
FNDA:2,(anonymous_9)
FNDA:1,(anonymous_10)
FNDA:5,(anonymous_11)
FNDA:1,(anonymous_12)
FNDA:2,(anonymous_13)
DA:1,1
DA:2,1
DA:3,1
DA:4,1
DA:8,1
DA:11,15
DA:15,1
DA:23,1
DA:27,1
DA:31,1
DA:32,1
DA:33,1
DA:34,1
DA:36,1
DA:38,1
DA:39,1
DA:41,1
DA:42,1
DA:45,1
DA:49,2
DA:50,2
DA:51,1
DA:55,2
DA:59,1
DA:63,5
DA:67,2
DA:68,1
LF:27
LH:27
BRDA:32,0,0,1
BRDA:32,0,1,0
BRDA:33,1,0,1
BRDA:33,1,1,0
BRDA:34,2,0,1
BRDA:34,2,1,0
BRDA:38,3,0,1
BRDA:38,3,1,0
BRDA:41,4,0,1
BRDA:41,4,1,0
BRDA:50,5,0,1
BRDA:50,5,1,1
BRDA:54,6,0,1
BRDA:58,7,0,1
BRDA:62,8,0,5
BRDA:11,9,0,1
BRDA:11,9,1,0
BRDA:11,10,0,1
BRDA:11,10,1,1
BRF:19
BRH:13
end_of_record
TN:
SF:src/users/user.entity.ts
FN:3,(anonymous_2)
FNF:1
FNH:1
FNDA:1,(anonymous_2)
DA:1,1
DA:3,1
DA:4,1
DA:5,1
DA:6,1
DA:10,1
DA:12,1
DA:15,1
DA:18,1
DA:21,1
DA:24,1
DA:27,1
LF:12
LH:12
BRDA:3,0,0,1
BRDA:3,0,1,1
BRDA:24,1,0,1
BRDA:24,1,1,0
BRDA:24,2,0,1
BRDA:24,2,1,1
BRDA:27,3,0,1
BRDA:27,3,1,0
BRDA:27,4,0,1
BRDA:27,4,1,1
BRF:10
BRH:8
end_of_record
